Copyright 1986-2022 Xilinx, Inc. All Rights Reserved. Copyright 2022-2024 Advanced Micro Devices, Inc. All Rights Reserved.
---------------------------------------------------------------------------------------------------------------------------------------------
| Tool Version : Vivado v.2024.1.2 (win64) Build 5164865 Thu Sep  5 14:37:11 MDT 2024
| Date         : Tue Nov 19 19:00:29 2024
| Host         : MSI running 64-bit major release  (build 9200)
| Command      : report_control_sets -verbose -file oledSystem_wrapper_control_sets_placed.rpt
| Design       : oledSystem_wrapper
| Device       : xc7z020
---------------------------------------------------------------------------------------------------------------------------------------------

Control Set Information

Table of Contents
-----------------
1. Summary
2. Histogram
3. Flip-Flop Distribution
4. Detailed Control Set Information

1. Summary
----------

+----------------------------------------------------------+-------+
|                          Status                          | Count |
+----------------------------------------------------------+-------+
| Total control sets                                       |    49 |
|    Minimum number of control sets                        |    49 |
|    Addition due to synthesis replication                 |     0 |
|    Addition due to physical synthesis replication        |     0 |
| Unused register locations in slices containing registers |   125 |
+----------------------------------------------------------+-------+
* Control sets can be merged at opt_design using control_set_merge or merge_equivalent_drivers
** Run report_qor_suggestions for automated merging and remapping suggestions


2. Histogram
------------

+--------------------+-------+
|       Fanout       | Count |
+--------------------+-------+
| Total control sets |    49 |
| >= 0 to < 4        |     3 |
| >= 4 to < 6        |    13 |
| >= 6 to < 8        |     2 |
| >= 8 to < 10       |    12 |
| >= 10 to < 12      |     1 |
| >= 12 to < 14      |     2 |
| >= 14 to < 16      |     2 |
| >= 16              |    14 |
+--------------------+-------+
* Control sets can be remapped at either synth_design or opt_design


3. Flip-Flop Distribution
-------------------------

+--------------+-----------------------+------------------------+-----------------+--------------+
| Clock Enable | Synchronous Set/Reset | Asynchronous Set/Reset | Total Registers | Total Slices |
+--------------+-----------------------+------------------------+-----------------+--------------+
| No           | No                    | No                     |             118 |           40 |
| No           | No                    | Yes                    |               0 |            0 |
| No           | Yes                   | No                     |              66 |           25 |
| Yes          | No                    | No                     |             283 |           64 |
| Yes          | No                    | Yes                    |               0 |            0 |
| Yes          | Yes                   | No                     |             184 |           50 |
+--------------+-----------------------+------------------------+-----------------+--------------+


4. Detailed Control Set Information
-----------------------------------

+--------------------------------------------------------------------------------------------------------+------------------------------------------------------------------------------------------------------------------------------------------------------------------+---------------------------------------------------------------------------------------------------------------------------------------------------------+------------------+----------------+--------------+
|                                              Clock Signal                                              |                                                                           Enable Signal                                                                          |                                                                     Set/Reset Signal                                                                    | Slice Load Count | Bel Load Count | Bels / Slice |
+--------------------------------------------------------------------------------------------------------+------------------------------------------------------------------------------------------------------------------------------------------------------------------+---------------------------------------------------------------------------------------------------------------------------------------------------------+------------------+----------------+--------------+
|  oledSystem_i/processing_system7_0/inst/FCLK_CLK0                                                      | oledSystem_i/ps7_0_axi_periph/s00_couplers/auto_pc/inst/gen_axilite.gen_b2s_conv.axilite_b2s/WR.aw_channel_0/aw_cmd_fsm_0/FSM_sequential_state_reg[0]_1          | oledSystem_i/ps7_0_axi_periph/s00_couplers/auto_pc/inst/gen_axilite.gen_b2s_conv.axilite_b2s/WR.aw_channel_0/aw_cmd_fsm_0/FSM_sequential_state_reg[0]_0 |                1 |              1 |         1.00 |
|  oledSystem_i/processing_system7_0/inst/FCLK_CLK0                                                      | oledSystem_i/ps7_0_axi_periph/s00_couplers/auto_pc/inst/gen_axilite.gen_b2s_conv.axilite_b2s/WR.b_channel_0/bid_fifo_0/sel                                       |                                                                                                                                                         |                1 |              2 |         2.00 |
| ~oledSystem_i/oledControl_IP_0/inst/oledControl_IP_slave_lite_v1_0_S00_AXI_inst/oledTop/OC/SC/clock_10 |                                                                                                                                                                  |                                                                                                                                                         |                2 |              2 |         1.00 |
|  oledSystem_i/processing_system7_0/inst/FCLK_CLK0                                                      |                                                                                                                                                                  | oledSystem_i/rst_ps7_0_100M/U0/EXT_LPF/lpf_int                                                                                                          |                3 |              4 |         1.33 |
|  oledSystem_i/processing_system7_0/inst/FCLK_CLK0                                                      |                                                                                                                                                                  | oledSystem_i/ps7_0_axi_periph/s00_couplers/auto_pc/inst/gen_axilite.gen_b2s_conv.axilite_b2s/SI_REG/aw.aw_pipe/aresetn_d_reg[0]_0                       |                1 |              4 |         4.00 |
|  oledSystem_i/processing_system7_0/inst/FCLK_CLK0                                                      |                                                                                                                                                                  | oledSystem_i/ps7_0_axi_periph/s00_couplers/auto_pc/inst/gen_axilite.gen_b2s_conv.axilite_b2s/SI_REG/aw.aw_pipe/aresetn_d_reg[1]_inv_0                   |                2 |              4 |         2.00 |
|  oledSystem_i/processing_system7_0/inst/FCLK_CLK0                                                      | oledSystem_i/ps7_0_axi_periph/s00_couplers/auto_pc/inst/gen_axilite.gen_b2s_conv.axilite_b2s/RD.ar_channel_0/ar_cmd_fsm_0/m_axi_arready_2                        | oledSystem_i/ps7_0_axi_periph/s00_couplers/auto_pc/inst/gen_axilite.gen_b2s_conv.axilite_b2s/RD.ar_channel_0/ar_cmd_fsm_0/FSM_sequential_state_reg[1]_0 |                1 |              4 |         4.00 |
|  oledSystem_i/processing_system7_0/inst/FCLK_CLK0                                                      | oledSystem_i/ps7_0_axi_periph/s00_couplers/auto_pc/inst/gen_axilite.gen_b2s_conv.axilite_b2s/WR.aw_channel_0/aw_cmd_fsm_0/m_valid_i_reg[0]                       |                                                                                                                                                         |                4 |              4 |         1.00 |
|  oledSystem_i/processing_system7_0/inst/FCLK_CLK0                                                      | oledSystem_i/ps7_0_axi_periph/s00_couplers/auto_pc/inst/gen_axilite.gen_b2s_conv.axilite_b2s/WR.aw_channel_0/cmd_translator_0/incr_cmd_0/axaddr_incr[11]_i_1_n_0 |                                                                                                                                                         |                1 |              4 |         4.00 |
|  oledSystem_i/processing_system7_0/inst/FCLK_CLK0                                                      | oledSystem_i/oledControl_IP_0/inst/oledControl_IP_slave_lite_v1_0_S00_AXI_inst/oledTop/OC/SC/s00_axi_aresetn_1[0]                                                |                                                                                                                                                         |                1 |              4 |         4.00 |
|  oledSystem_i/processing_system7_0/inst/FCLK_CLK0                                                      | oledSystem_i/ps7_0_axi_periph/s00_couplers/auto_pc/inst/gen_axilite.gen_b2s_conv.axilite_b2s/RD.ar_channel_0/ar_cmd_fsm_0/E[0]                                   |                                                                                                                                                         |                2 |              4 |         2.00 |
|  oledSystem_i/processing_system7_0/inst/FCLK_CLK0                                                      | oledSystem_i/ps7_0_axi_periph/s00_couplers/auto_pc/inst/gen_axilite.gen_b2s_conv.axilite_b2s/RD.ar_channel_0/ar_cmd_fsm_0/sel_first_reg[0]                       |                                                                                                                                                         |                1 |              4 |         4.00 |
|  oledSystem_i/processing_system7_0/inst/FCLK_CLK0                                                      | oledSystem_i/oledControl_IP_0/inst/oledControl_IP_slave_lite_v1_0_S00_AXI_inst/oledTop/OC/DG/E[0]                                                                | oledSystem_i/oledControl_IP_0/inst/oledControl_IP_slave_lite_v1_0_S00_AXI_inst/oledTop/OC/SC/s00_axi_aresetn_0                                          |                3 |              5 |         1.67 |
|  oledSystem_i/processing_system7_0/inst/FCLK_CLK0                                                      | oledSystem_i/oledControl_IP_0/inst/oledControl_IP_slave_lite_v1_0_S00_AXI_inst/oledTop/OC/SC/state_reg[1][0]                                                     | oledSystem_i/oledControl_IP_0/inst/oledControl_IP_slave_lite_v1_0_S00_AXI_inst/oledTop/OC/SC/s00_axi_aresetn_0                                          |                2 |              5 |         2.50 |
|  oledSystem_i/processing_system7_0/inst/FCLK_CLK0                                                      | oledSystem_i/ps7_0_axi_periph/s00_couplers/auto_pc/inst/gen_axilite.gen_b2s_conv.axilite_b2s/RD.r_channel_0/rd_data_fifo_0/cnt_read[4]_i_1__0_n_0                | oledSystem_i/ps7_0_axi_periph/s00_couplers/auto_pc/inst/gen_axilite.gen_b2s_conv.axilite_b2s/areset_d1                                                  |                1 |              5 |         5.00 |
|  oledSystem_i/processing_system7_0/inst/FCLK_CLK0                                                      | oledSystem_i/ps7_0_axi_periph/s00_couplers/auto_pc/inst/gen_axilite.gen_b2s_conv.axilite_b2s/RD.r_channel_0/transaction_fifo_0/cnt_read[4]_i_1_n_0               | oledSystem_i/ps7_0_axi_periph/s00_couplers/auto_pc/inst/gen_axilite.gen_b2s_conv.axilite_b2s/areset_d1                                                  |                2 |              5 |         2.50 |
|  oledSystem_i/processing_system7_0/inst/FCLK_CLK0                                                      | oledSystem_i/rst_ps7_0_100M/U0/SEQ/seq_cnt_en                                                                                                                    | oledSystem_i/rst_ps7_0_100M/U0/SEQ/SEQ_COUNTER/clear                                                                                                    |                1 |              6 |         6.00 |
| ~oledSystem_i/oledControl_IP_0/inst/oledControl_IP_slave_lite_v1_0_S00_AXI_inst/oledTop/OC/SC/clock_10 |                                                                                                                                                                  | oledSystem_i/oledControl_IP_0/inst/oledControl_IP_slave_lite_v1_0_S00_AXI_inst/oledTop/OC/SC/s00_axi_aresetn_0                                          |                3 |              7 |         2.33 |
| ~oledSystem_i/oledControl_IP_0/inst/oledControl_IP_slave_lite_v1_0_S00_AXI_inst/oledTop/OC/SC/clock_10 | oledSystem_i/oledControl_IP_0/inst/oledControl_IP_slave_lite_v1_0_S00_AXI_inst/oledTop/OC/SC/shiftReg[7]_i_1_n_0                                                 |                                                                                                                                                         |                2 |              8 |         4.00 |
|  oledSystem_i/processing_system7_0/inst/FCLK_CLK0                                                      | oledSystem_i/oledControl_IP_0/inst/oledControl_IP_slave_lite_v1_0_S00_AXI_inst/slv_reg3[15]_i_1_n_0                                                              | oledSystem_i/oledControl_IP_0/inst/oledControl_IP_slave_lite_v1_0_S00_AXI_inst/oledTop/OC/SC/s00_axi_aresetn_0                                          |                2 |              8 |         4.00 |
|  oledSystem_i/processing_system7_0/inst/FCLK_CLK0                                                      | oledSystem_i/oledControl_IP_0/inst/oledControl_IP_slave_lite_v1_0_S00_AXI_inst/slv_reg3[31]_i_1_n_0                                                              | oledSystem_i/oledControl_IP_0/inst/oledControl_IP_slave_lite_v1_0_S00_AXI_inst/oledTop/OC/SC/s00_axi_aresetn_0                                          |                2 |              8 |         4.00 |
|  oledSystem_i/processing_system7_0/inst/FCLK_CLK0                                                      | oledSystem_i/oledControl_IP_0/inst/oledControl_IP_slave_lite_v1_0_S00_AXI_inst/slv_reg3[7]_i_1_n_0                                                               | oledSystem_i/oledControl_IP_0/inst/oledControl_IP_slave_lite_v1_0_S00_AXI_inst/oledTop/OC/SC/s00_axi_aresetn_0                                          |                3 |              8 |         2.67 |
|  oledSystem_i/processing_system7_0/inst/FCLK_CLK0                                                      | oledSystem_i/oledControl_IP_0/inst/oledControl_IP_slave_lite_v1_0_S00_AXI_inst/slv_reg3[23]_i_1_n_0                                                              | oledSystem_i/oledControl_IP_0/inst/oledControl_IP_slave_lite_v1_0_S00_AXI_inst/oledTop/OC/SC/s00_axi_aresetn_0                                          |                2 |              8 |         4.00 |
|  oledSystem_i/processing_system7_0/inst/FCLK_CLK0                                                      | oledSystem_i/oledControl_IP_0/inst/oledControl_IP_slave_lite_v1_0_S00_AXI_inst/slv_reg2[23]_i_1_n_0                                                              | oledSystem_i/oledControl_IP_0/inst/oledControl_IP_slave_lite_v1_0_S00_AXI_inst/oledTop/OC/SC/s00_axi_aresetn_0                                          |                2 |              8 |         4.00 |
|  oledSystem_i/processing_system7_0/inst/FCLK_CLK0                                                      | oledSystem_i/oledControl_IP_0/inst/oledControl_IP_slave_lite_v1_0_S00_AXI_inst/slv_reg2[31]_i_1_n_0                                                              | oledSystem_i/oledControl_IP_0/inst/oledControl_IP_slave_lite_v1_0_S00_AXI_inst/oledTop/OC/SC/s00_axi_aresetn_0                                          |                2 |              8 |         4.00 |
|  oledSystem_i/processing_system7_0/inst/FCLK_CLK0                                                      | oledSystem_i/oledControl_IP_0/inst/oledControl_IP_slave_lite_v1_0_S00_AXI_inst/slv_reg2[7]_i_1_n_0                                                               | oledSystem_i/oledControl_IP_0/inst/oledControl_IP_slave_lite_v1_0_S00_AXI_inst/oledTop/OC/SC/s00_axi_aresetn_0                                          |                2 |              8 |         4.00 |
|  oledSystem_i/processing_system7_0/inst/FCLK_CLK0                                                      | oledSystem_i/ps7_0_axi_periph/s00_couplers/auto_pc/inst/gen_axilite.gen_b2s_conv.axilite_b2s/WR.b_channel_0/mhandshake_r                                         | oledSystem_i/ps7_0_axi_periph/s00_couplers/auto_pc/inst/gen_axilite.gen_b2s_conv.axilite_b2s/WR.b_channel_0/bid_fifo_0/SR[0]                            |                3 |              8 |         2.67 |
|  oledSystem_i/processing_system7_0/inst/FCLK_CLK0                                                      | oledSystem_i/oledControl_IP_0/inst/oledControl_IP_slave_lite_v1_0_S00_AXI_inst/slv_reg2[15]_i_1_n_0                                                              | oledSystem_i/oledControl_IP_0/inst/oledControl_IP_slave_lite_v1_0_S00_AXI_inst/oledTop/OC/SC/s00_axi_aresetn_0                                          |                1 |              8 |         8.00 |
|  oledSystem_i/processing_system7_0/inst/FCLK_CLK0                                                      | oledSystem_i/oledControl_IP_0/inst/oledControl_IP_slave_lite_v1_0_S00_AXI_inst/oledTop/OC/SC/E[0]                                                                | oledSystem_i/oledControl_IP_0/inst/oledControl_IP_slave_lite_v1_0_S00_AXI_inst/oledTop/OC/SC/s00_axi_aresetn_0                                          |                3 |              8 |         2.67 |
|  oledSystem_i/processing_system7_0/inst/FCLK_CLK0                                                      | oledSystem_i/oledControl_IP_0/inst/oledControl_IP_slave_lite_v1_0_S00_AXI_inst/oledTop/OC/g0_b0_n_0                                                              | oledSystem_i/oledControl_IP_0/inst/oledControl_IP_slave_lite_v1_0_S00_AXI_inst/oledTop/OC/SC/s00_axi_aresetn_0                                          |                4 |              9 |         2.25 |
|  oledSystem_i/processing_system7_0/inst/FCLK_CLK0                                                      |                                                                                                                                                                  | oledSystem_i/ps7_0_axi_periph/s00_couplers/auto_pc/inst/gen_axilite.gen_b2s_conv.axilite_b2s/areset_d1                                                  |                3 |             10 |         3.33 |
|  oledSystem_i/processing_system7_0/inst/FCLK_CLK0                                                      | oledSystem_i/ps7_0_axi_periph/s00_couplers/auto_pc/inst/gen_axilite.gen_b2s_conv.axilite_b2s/RD.ar_channel_0/ar_cmd_fsm_0/m_axi_arready_2                        |                                                                                                                                                         |                8 |             13 |         1.62 |
|  oledSystem_i/processing_system7_0/inst/FCLK_CLK0                                                      | oledSystem_i/ps7_0_axi_periph/s00_couplers/auto_pc/inst/gen_axilite.gen_b2s_conv.axilite_b2s/RD.r_channel_0/r_push_r                                             |                                                                                                                                                         |                4 |             13 |         3.25 |
|  oledSystem_i/processing_system7_0/inst/FCLK_CLK0                                                      | oledSystem_i/ps7_0_axi_periph/s00_couplers/auto_pc/inst/gen_axilite.gen_b2s_conv.axilite_b2s/SI_REG/b.b_pipe/p_1_in                                              |                                                                                                                                                         |                2 |             14 |         7.00 |
|  oledSystem_i/processing_system7_0/inst/FCLK_CLK0                                                      | oledSystem_i/ps7_0_axi_periph/s00_couplers/auto_pc/inst/gen_axilite.gen_b2s_conv.axilite_b2s/SI_REG/b.b_pipe/s_ready_i_reg_0                                     |                                                                                                                                                         |                3 |             14 |         4.67 |
|  oledSystem_i/processing_system7_0/inst/FCLK_CLK0                                                      | oledSystem_i/ps7_0_axi_periph/s00_couplers/auto_pc/inst/gen_axilite.gen_b2s_conv.axilite_b2s/WR.aw_channel_0/aw_cmd_fsm_0/FSM_sequential_state_reg[0]_1          |                                                                                                                                                         |                7 |             16 |         2.29 |
|  oledSystem_i/processing_system7_0/inst/FCLK_CLK0                                                      | oledSystem_i/ps7_0_axi_periph/s00_couplers/auto_pc/inst/gen_axilite.gen_b2s_conv.axilite_b2s/WR.aw_channel_0/aw_cmd_fsm_0/m_axi_awready_0                        |                                                                                                                                                         |                3 |             16 |         5.33 |
|  oledSystem_i/processing_system7_0/inst/FCLK_CLK0                                                      |                                                                                                                                                                  | oledSystem_i/oledControl_IP_0/inst/oledControl_IP_slave_lite_v1_0_S00_AXI_inst/oledTop/OC/DG/counter[0]_i_1_n_0                                         |                5 |             18 |         3.60 |
|  oledSystem_i/processing_system7_0/inst/FCLK_CLK0                                                      |                                                                                                                                                                  | oledSystem_i/oledControl_IP_0/inst/oledControl_IP_slave_lite_v1_0_S00_AXI_inst/oledTop/OC/SC/s00_axi_aresetn_0                                          |                8 |             19 |         2.38 |
|  oledSystem_i/processing_system7_0/inst/FCLK_CLK0                                                      | oledSystem_i/ps7_0_axi_periph/s00_couplers/auto_pc/inst/gen_axilite.gen_b2s_conv.axilite_b2s/SI_REG/aw.aw_pipe/s_ready_i_reg_0                                   |                                                                                                                                                         |                4 |             27 |         6.75 |
|  oledSystem_i/processing_system7_0/inst/FCLK_CLK0                                                      | oledSystem_i/ps7_0_axi_periph/s00_couplers/auto_pc/inst/gen_axilite.gen_b2s_conv.axilite_b2s/SI_REG/ar.ar_pipe/s_ready_i_reg_0                                   |                                                                                                                                                         |                5 |             27 |         5.40 |
|  oledSystem_i/processing_system7_0/inst/FCLK_CLK0                                                      | oledSystem_i/ps7_0_axi_periph/s00_couplers/auto_pc/inst/gen_axilite.gen_b2s_conv.axilite_b2s/RD.ar_channel_0/ar_cmd_fsm_0/m_valid_i_reg[0]                       |                                                                                                                                                         |                5 |             27 |         5.40 |
|  oledSystem_i/processing_system7_0/inst/FCLK_CLK0                                                      | oledSystem_i/ps7_0_axi_periph/s00_couplers/auto_pc/inst/gen_axilite.gen_b2s_conv.axilite_b2s/WR.aw_channel_0/aw_cmd_fsm_0/E[0]                                   |                                                                                                                                                         |                4 |             27 |         6.75 |
|  oledSystem_i/processing_system7_0/inst/FCLK_CLK0                                                      | oledSystem_i/oledControl_IP_0/inst/oledControl_IP_slave_lite_v1_0_S00_AXI_inst/slv_reg00                                                                         | oledSystem_i/oledControl_IP_0/inst/oledControl_IP_slave_lite_v1_0_S00_AXI_inst/oledTop/OC/sendDone_reg_0[0]                                             |                8 |             32 |         4.00 |
|  oledSystem_i/processing_system7_0/inst/FCLK_CLK0                                                      | oledSystem_i/oledControl_IP_0/inst/oledControl_IP_slave_lite_v1_0_S00_AXI_inst/slv_reg10                                                                         | oledSystem_i/oledControl_IP_0/inst/oledControl_IP_slave_lite_v1_0_S00_AXI_inst/oledTop/OC/sendDone_reg_0[0]                                             |                5 |             32 |         6.40 |
|  oledSystem_i/processing_system7_0/inst/FCLK_CLK0                                                      | oledSystem_i/ps7_0_axi_periph/s00_couplers/auto_pc/inst/gen_axilite.gen_b2s_conv.axilite_b2s/RD.r_channel_0/rd_data_fifo_0/wr_en0                                |                                                                                                                                                         |                8 |             32 |         4.00 |
|  oledSystem_i/processing_system7_0/inst/FCLK_CLK0                                                      | oledSystem_i/ps7_0_axi_periph/s00_couplers/auto_pc/inst/gen_axilite.gen_b2s_conv.axilite_b2s/SI_REG/r.r_pipe/s_ready_i_reg_0                                     |                                                                                                                                                         |                8 |             45 |         5.62 |
|  oledSystem_i/processing_system7_0/inst/FCLK_CLK0                                                      | oledSystem_i/ps7_0_axi_periph/s00_couplers/auto_pc/inst/gen_axilite.gen_b2s_conv.axilite_b2s/SI_REG/r.r_pipe/p_1_in                                              |                                                                                                                                                         |                7 |             45 |         6.43 |
|  oledSystem_i/processing_system7_0/inst/FCLK_CLK0                                                      |                                                                                                                                                                  |                                                                                                                                                         |               39 |            117 |         3.00 |
+--------------------------------------------------------------------------------------------------------+------------------------------------------------------------------------------------------------------------------------------------------------------------------+---------------------------------------------------------------------------------------------------------------------------------------------------------+------------------+----------------+--------------+


