
*** Running vivado
    with args -log design_1_wrapper.vdi -applog -m64 -product Vivado -messageDb vivado.pb -mode batch -source design_1_wrapper.tcl -notrace



****** Vivado v2024.1.2 (64-bit)
  **** SW Build 5164865 on Thu Sep  5 14:37:11 MDT 2024
  **** IP Build 5164407 on Fri Sep  6 08:18:11 MDT 2024
  **** SharedData Build 5164864 on Thu Sep 05 13:09:09 MDT 2024
  **** Start of session at: Fri Dec 13 14:27:35 2024
    ** Copyright 1986-2022 Xilinx, Inc. All Rights Reserved.
    ** Copyright 2022-2024 Advanced Micro Devices, Inc. All Rights Reserved.

source design_1_wrapper.tcl -notrace
create_project: Time (s): cpu = 00:00:05 ; elapsed = 00:00:06 . Memory (MB): peak = 540.957 ; gain = 135.617
INFO: [IP_Flow 19-234] Refreshing IP repositories
INFO: [IP_Flow 19-1704] No user IP repositories specified
INFO: [IP_Flow 19-2313] Loaded Vivado IP repository 'C:/Xilinx/Vivado/2024.1/data/ip'.
Command: link_design -top design_1_wrapper -part xc7z020clg484-1
Design is defaulting to srcset: sources_1
Design is defaulting to constrset: constrs_1
INFO: [Device 21-403] Loading part xc7z020clg484-1
INFO: [Device 21-9227] Part: xc7z020clg484-1 does not have CEAM library.
INFO: [Project 1-454] Reading design checkpoint 'c:/Users/jaeho/junior_fall/hardware/proj3/playground/playground.gen/sources_1/bd/design_1/ip/design_1_axi_vdma_0_0/design_1_axi_vdma_0_0.dcp' for cell 'design_1_i/axi_vdma_0'
INFO: [Project 1-454] Reading design checkpoint 'c:/Users/jaeho/junior_fall/hardware/proj3/playground/playground.gen/sources_1/bd/design_1/ip/design_1_clk_wiz_0_0/design_1_clk_wiz_0_0.dcp' for cell 'design_1_i/clk_wiz_0'
INFO: [Project 1-454] Reading design checkpoint 'c:/Users/jaeho/junior_fall/hardware/proj3/playground/playground.gen/sources_1/bd/design_1/ip/design_1_mux_0_0/design_1_mux_0_0.dcp' for cell 'design_1_i/mux_0'
INFO: [Project 1-454] Reading design checkpoint 'c:/Users/jaeho/junior_fall/hardware/proj3/playground/playground.gen/sources_1/bd/design_1/ip/design_1_processing_system7_0_0/design_1_processing_system7_0_0.dcp' for cell 'design_1_i/processing_system7_0'
INFO: [Project 1-454] Reading design checkpoint 'c:/Users/jaeho/junior_fall/hardware/proj3/playground/playground.gen/sources_1/bd/design_1/ip/design_1_rst_ps7_0_100M_0/design_1_rst_ps7_0_100M_0.dcp' for cell 'design_1_i/rst_ps7_0_100M'
INFO: [Project 1-454] Reading design checkpoint 'c:/Users/jaeho/junior_fall/hardware/proj3/playground/playground.gen/sources_1/bd/design_1/ip/design_1_smartconnect_0_0/design_1_smartconnect_0_0.dcp' for cell 'design_1_i/smartconnect_0'
INFO: [Project 1-454] Reading design checkpoint 'c:/Users/jaeho/junior_fall/hardware/proj3/playground/playground.gen/sources_1/bd/design_1/ip/design_1_v_axi4s_vid_out_0_0/design_1_v_axi4s_vid_out_0_0.dcp' for cell 'design_1_i/v_axi4s_vid_out_0'
INFO: [Project 1-454] Reading design checkpoint 'c:/Users/jaeho/junior_fall/hardware/proj3/playground/playground.gen/sources_1/bd/design_1/ip/design_1_v_tc_0_0/design_1_v_tc_0_0.dcp' for cell 'design_1_i/v_tc_0'
INFO: [Project 1-454] Reading design checkpoint 'c:/Users/jaeho/junior_fall/hardware/proj3/playground/playground.gen/sources_1/bd/design_1/ip/design_1_auto_pc_0/design_1_auto_pc_0.dcp' for cell 'design_1_i/ps7_0_axi_periph/s00_couplers/auto_pc'
Netlist sorting complete. Time (s): cpu = 00:00:01 ; elapsed = 00:00:00.151 . Memory (MB): peak = 1068.836 ; gain = 0.000
INFO: [Netlist 29-17] Analyzing 190 Unisim elements for replacement
INFO: [Netlist 29-28] Unisim Transformation completed in 0 CPU seconds
INFO: [Project 1-479] Netlist was created with Vivado 2024.1.2
INFO: [Project 1-570] Preparing netlist for logic optimization
WARNING: [Opt 31-32] Removing redundant IBUF since it is not being driven by a top-level port. design_1_i/clk_wiz_0/inst/clkin1_ibufg 
Resolution: The tool has removed redundant IBUF. To resolve this warning, check for redundant IBUF in the input design.
WARNING: [Constraints 18-550] Could not create 'IBUF_LOW_PWR' constraint because net 'design_1_i/clk_wiz_0/clk_in1' is not directly connected to top level port. 'IBUF_LOW_PWR' is ignored for synthesis but preserved for implementation.
Parsing XDC File [c:/Users/jaeho/junior_fall/hardware/proj3/playground/playground.gen/sources_1/bd/design_1/ip/design_1_processing_system7_0_0/design_1_processing_system7_0_0.xdc] for cell 'design_1_i/processing_system7_0/inst'
Finished Parsing XDC File [c:/Users/jaeho/junior_fall/hardware/proj3/playground/playground.gen/sources_1/bd/design_1/ip/design_1_processing_system7_0_0/design_1_processing_system7_0_0.xdc] for cell 'design_1_i/processing_system7_0/inst'
Parsing XDC File [c:/Users/jaeho/junior_fall/hardware/proj3/playground/playground.gen/sources_1/bd/design_1/ip/design_1_rst_ps7_0_100M_0/design_1_rst_ps7_0_100M_0_board.xdc] for cell 'design_1_i/rst_ps7_0_100M/U0'
Finished Parsing XDC File [c:/Users/jaeho/junior_fall/hardware/proj3/playground/playground.gen/sources_1/bd/design_1/ip/design_1_rst_ps7_0_100M_0/design_1_rst_ps7_0_100M_0_board.xdc] for cell 'design_1_i/rst_ps7_0_100M/U0'
Parsing XDC File [c:/Users/jaeho/junior_fall/hardware/proj3/playground/playground.gen/sources_1/bd/design_1/ip/design_1_rst_ps7_0_100M_0/design_1_rst_ps7_0_100M_0.xdc] for cell 'design_1_i/rst_ps7_0_100M/U0'
Finished Parsing XDC File [c:/Users/jaeho/junior_fall/hardware/proj3/playground/playground.gen/sources_1/bd/design_1/ip/design_1_rst_ps7_0_100M_0/design_1_rst_ps7_0_100M_0.xdc] for cell 'design_1_i/rst_ps7_0_100M/U0'
Parsing XDC File [c:/Users/jaeho/junior_fall/hardware/proj3/playground/playground.gen/sources_1/bd/design_1/ip/design_1_clk_wiz_0_0/design_1_clk_wiz_0_0_board.xdc] for cell 'design_1_i/clk_wiz_0/inst'
Finished Parsing XDC File [c:/Users/jaeho/junior_fall/hardware/proj3/playground/playground.gen/sources_1/bd/design_1/ip/design_1_clk_wiz_0_0/design_1_clk_wiz_0_0_board.xdc] for cell 'design_1_i/clk_wiz_0/inst'
Parsing XDC File [c:/Users/jaeho/junior_fall/hardware/proj3/playground/playground.gen/sources_1/bd/design_1/ip/design_1_clk_wiz_0_0/design_1_clk_wiz_0_0.xdc] for cell 'design_1_i/clk_wiz_0/inst'
INFO: [Timing 38-35] Done setting XDC timing constraints. [c:/Users/jaeho/junior_fall/hardware/proj3/playground/playground.gen/sources_1/bd/design_1/ip/design_1_clk_wiz_0_0/design_1_clk_wiz_0_0.xdc:54]
INFO: [Timing 38-2] Deriving generated clocks [c:/Users/jaeho/junior_fall/hardware/proj3/playground/playground.gen/sources_1/bd/design_1/ip/design_1_clk_wiz_0_0/design_1_clk_wiz_0_0.xdc:54]
get_clocks: Time (s): cpu = 00:00:05 ; elapsed = 00:00:06 . Memory (MB): peak = 1797.777 ; gain = 583.336
Finished Parsing XDC File [c:/Users/jaeho/junior_fall/hardware/proj3/playground/playground.gen/sources_1/bd/design_1/ip/design_1_clk_wiz_0_0/design_1_clk_wiz_0_0.xdc] for cell 'design_1_i/clk_wiz_0/inst'
Parsing XDC File [c:/Users/jaeho/junior_fall/hardware/proj3/playground/playground.gen/sources_1/bd/design_1/ip/design_1_axi_vdma_0_0/design_1_axi_vdma_0_0.xdc] for cell 'design_1_i/axi_vdma_0/U0'
WARNING: [Vivado_Tcl 4-921] Waiver ID 'CDC-4' -to list should not be empty. [c:/Users/jaeho/junior_fall/hardware/proj3/playground/playground.gen/sources_1/bd/design_1/ip/design_1_axi_vdma_0_0/design_1_axi_vdma_0_0.xdc:60]
WARNING: [Vivado_Tcl 4-921] Waiver ID 'CDC-4' -to list should not be empty. [c:/Users/jaeho/junior_fall/hardware/proj3/playground/playground.gen/sources_1/bd/design_1/ip/design_1_axi_vdma_0_0/design_1_axi_vdma_0_0.xdc:64]
WARNING: [Vivado_Tcl 4-921] Waiver ID 'CDC-4' -to list should not be empty. [c:/Users/jaeho/junior_fall/hardware/proj3/playground/playground.gen/sources_1/bd/design_1/ip/design_1_axi_vdma_0_0/design_1_axi_vdma_0_0.xdc:88]
WARNING: [Vivado_Tcl 4-921] Waiver ID 'CDC-4' -to list should not be empty. [c:/Users/jaeho/junior_fall/hardware/proj3/playground/playground.gen/sources_1/bd/design_1/ip/design_1_axi_vdma_0_0/design_1_axi_vdma_0_0.xdc:92]
WARNING: [Vivado_Tcl 4-921] Waiver ID 'CDC-4' -to list should not be empty. [c:/Users/jaeho/junior_fall/hardware/proj3/playground/playground.gen/sources_1/bd/design_1/ip/design_1_axi_vdma_0_0/design_1_axi_vdma_0_0.xdc:96]
WARNING: [Vivado_Tcl 4-921] Waiver ID 'CDC-4' -to list should not be empty. [c:/Users/jaeho/junior_fall/hardware/proj3/playground/playground.gen/sources_1/bd/design_1/ip/design_1_axi_vdma_0_0/design_1_axi_vdma_0_0.xdc:100]
WARNING: [Vivado_Tcl 4-921] Waiver ID 'CDC-4' -to list should not be empty. [c:/Users/jaeho/junior_fall/hardware/proj3/playground/playground.gen/sources_1/bd/design_1/ip/design_1_axi_vdma_0_0/design_1_axi_vdma_0_0.xdc:104]
WARNING: [Vivado_Tcl 4-921] Waiver ID 'CDC-1' -to list should not be empty. [c:/Users/jaeho/junior_fall/hardware/proj3/playground/playground.gen/sources_1/bd/design_1/ip/design_1_axi_vdma_0_0/design_1_axi_vdma_0_0.xdc:108]
WARNING: [Vivado_Tcl 4-921] Waiver ID 'CDC-4' -to list should not be empty. [c:/Users/jaeho/junior_fall/hardware/proj3/playground/playground.gen/sources_1/bd/design_1/ip/design_1_axi_vdma_0_0/design_1_axi_vdma_0_0.xdc:116]
WARNING: [Vivado_Tcl 4-921] Waiver ID 'CDC-4' -to list should not be empty. [c:/Users/jaeho/junior_fall/hardware/proj3/playground/playground.gen/sources_1/bd/design_1/ip/design_1_axi_vdma_0_0/design_1_axi_vdma_0_0.xdc:120]
WARNING: [Vivado_Tcl 4-921] Waiver ID 'CDC-1' -to list should not be empty. [c:/Users/jaeho/junior_fall/hardware/proj3/playground/playground.gen/sources_1/bd/design_1/ip/design_1_axi_vdma_0_0/design_1_axi_vdma_0_0.xdc:124]
WARNING: [Vivado_Tcl 4-921] Waiver ID 'CDC-4' -to list should not be empty. [c:/Users/jaeho/junior_fall/hardware/proj3/playground/playground.gen/sources_1/bd/design_1/ip/design_1_axi_vdma_0_0/design_1_axi_vdma_0_0.xdc:136]
WARNING: [Vivado_Tcl 4-921] Waiver ID 'CDC-4' -to list should not be empty. [c:/Users/jaeho/junior_fall/hardware/proj3/playground/playground.gen/sources_1/bd/design_1/ip/design_1_axi_vdma_0_0/design_1_axi_vdma_0_0.xdc:140]
WARNING: [Vivado_Tcl 4-921] Waiver ID 'CDC-1' -to list should not be empty. [c:/Users/jaeho/junior_fall/hardware/proj3/playground/playground.gen/sources_1/bd/design_1/ip/design_1_axi_vdma_0_0/design_1_axi_vdma_0_0.xdc:144]
WARNING: [Vivado_Tcl 4-921] Waiver ID 'CDC-4' -to list should not be empty. [c:/Users/jaeho/junior_fall/hardware/proj3/playground/playground.gen/sources_1/bd/design_1/ip/design_1_axi_vdma_0_0/design_1_axi_vdma_0_0.xdc:148]
WARNING: [Vivado_Tcl 4-921] Waiver ID 'CDC-4' -to list should not be empty. [c:/Users/jaeho/junior_fall/hardware/proj3/playground/playground.gen/sources_1/bd/design_1/ip/design_1_axi_vdma_0_0/design_1_axi_vdma_0_0.xdc:152]
WARNING: [Vivado_Tcl 4-921] Waiver ID 'CDC-4' -to list should not be empty. [c:/Users/jaeho/junior_fall/hardware/proj3/playground/playground.gen/sources_1/bd/design_1/ip/design_1_axi_vdma_0_0/design_1_axi_vdma_0_0.xdc:156]
WARNING: [Vivado_Tcl 4-921] Waiver ID 'CDC-4' -to list should not be empty. [c:/Users/jaeho/junior_fall/hardware/proj3/playground/playground.gen/sources_1/bd/design_1/ip/design_1_axi_vdma_0_0/design_1_axi_vdma_0_0.xdc:160]
WARNING: [Vivado_Tcl 4-921] Waiver ID 'CDC-4' -to list should not be empty. [c:/Users/jaeho/junior_fall/hardware/proj3/playground/playground.gen/sources_1/bd/design_1/ip/design_1_axi_vdma_0_0/design_1_axi_vdma_0_0.xdc:164]
WARNING: [Vivado_Tcl 4-921] Waiver ID 'CDC-4' -to list should not be empty. [c:/Users/jaeho/junior_fall/hardware/proj3/playground/playground.gen/sources_1/bd/design_1/ip/design_1_axi_vdma_0_0/design_1_axi_vdma_0_0.xdc:168]
WARNING: [Vivado_Tcl 4-921] Waiver ID 'CDC-4' -to list should not be empty. [c:/Users/jaeho/junior_fall/hardware/proj3/playground/playground.gen/sources_1/bd/design_1/ip/design_1_axi_vdma_0_0/design_1_axi_vdma_0_0.xdc:172]
WARNING: [Vivado_Tcl 4-921] Waiver ID 'CDC-1' -to list should not be empty. [c:/Users/jaeho/junior_fall/hardware/proj3/playground/playground.gen/sources_1/bd/design_1/ip/design_1_axi_vdma_0_0/design_1_axi_vdma_0_0.xdc:176]
WARNING: [Vivado_Tcl 4-921] Waiver ID 'CDC-4' -to list should not be empty. [c:/Users/jaeho/junior_fall/hardware/proj3/playground/playground.gen/sources_1/bd/design_1/ip/design_1_axi_vdma_0_0/design_1_axi_vdma_0_0.xdc:180]
WARNING: [Vivado_Tcl 4-921] Waiver ID 'CDC-1' -to list should not be empty. [c:/Users/jaeho/junior_fall/hardware/proj3/playground/playground.gen/sources_1/bd/design_1/ip/design_1_axi_vdma_0_0/design_1_axi_vdma_0_0.xdc:184]
WARNING: [Vivado_Tcl 4-921] Waiver ID 'CDC-6' -to list should not be empty. [c:/Users/jaeho/junior_fall/hardware/proj3/playground/playground.gen/sources_1/bd/design_1/ip/design_1_axi_vdma_0_0/design_1_axi_vdma_0_0.xdc:192]
WARNING: [Vivado_Tcl 4-921] Waiver ID 'CDC-6' -to list should not be empty. [c:/Users/jaeho/junior_fall/hardware/proj3/playground/playground.gen/sources_1/bd/design_1/ip/design_1_axi_vdma_0_0/design_1_axi_vdma_0_0.xdc:196]
WARNING: [Vivado_Tcl 4-921] Waiver ID 'CDC-6' -to list should not be empty. [c:/Users/jaeho/junior_fall/hardware/proj3/playground/playground.gen/sources_1/bd/design_1/ip/design_1_axi_vdma_0_0/design_1_axi_vdma_0_0.xdc:200]
WARNING: [Vivado_Tcl 4-921] Waiver ID 'CDC-6' -to list should not be empty. [c:/Users/jaeho/junior_fall/hardware/proj3/playground/playground.gen/sources_1/bd/design_1/ip/design_1_axi_vdma_0_0/design_1_axi_vdma_0_0.xdc:204]
WARNING: [Vivado_Tcl 4-921] Waiver ID 'CDC-6' -to list should not be empty. [c:/Users/jaeho/junior_fall/hardware/proj3/playground/playground.gen/sources_1/bd/design_1/ip/design_1_axi_vdma_0_0/design_1_axi_vdma_0_0.xdc:208]
WARNING: [Vivado_Tcl 4-921] Waiver ID 'CDC-6' -to list should not be empty. [c:/Users/jaeho/junior_fall/hardware/proj3/playground/playground.gen/sources_1/bd/design_1/ip/design_1_axi_vdma_0_0/design_1_axi_vdma_0_0.xdc:212]
WARNING: [Vivado_Tcl 4-921] Waiver ID 'CDC-6' -to list should not be empty. [c:/Users/jaeho/junior_fall/hardware/proj3/playground/playground.gen/sources_1/bd/design_1/ip/design_1_axi_vdma_0_0/design_1_axi_vdma_0_0.xdc:216]
WARNING: [Vivado_Tcl 4-921] Waiver ID 'CDC-6' -to list should not be empty. [c:/Users/jaeho/junior_fall/hardware/proj3/playground/playground.gen/sources_1/bd/design_1/ip/design_1_axi_vdma_0_0/design_1_axi_vdma_0_0.xdc:220]
Finished Parsing XDC File [c:/Users/jaeho/junior_fall/hardware/proj3/playground/playground.gen/sources_1/bd/design_1/ip/design_1_axi_vdma_0_0/design_1_axi_vdma_0_0.xdc] for cell 'design_1_i/axi_vdma_0/U0'
Parsing XDC File [c:/Users/jaeho/junior_fall/hardware/proj3/playground/playground.gen/sources_1/bd/design_1/ip/design_1_smartconnect_0_0/bd_0/ip/ip_1/bd_48ac_psr_aclk_0_board.xdc] for cell 'design_1_i/smartconnect_0/inst/clk_map/psr_aclk/U0'
Finished Parsing XDC File [c:/Users/jaeho/junior_fall/hardware/proj3/playground/playground.gen/sources_1/bd/design_1/ip/design_1_smartconnect_0_0/bd_0/ip/ip_1/bd_48ac_psr_aclk_0_board.xdc] for cell 'design_1_i/smartconnect_0/inst/clk_map/psr_aclk/U0'
Parsing XDC File [c:/Users/jaeho/junior_fall/hardware/proj3/playground/playground.gen/sources_1/bd/design_1/ip/design_1_smartconnect_0_0/bd_0/ip/ip_1/bd_48ac_psr_aclk_0.xdc] for cell 'design_1_i/smartconnect_0/inst/clk_map/psr_aclk/U0'
Finished Parsing XDC File [c:/Users/jaeho/junior_fall/hardware/proj3/playground/playground.gen/sources_1/bd/design_1/ip/design_1_smartconnect_0_0/bd_0/ip/ip_1/bd_48ac_psr_aclk_0.xdc] for cell 'design_1_i/smartconnect_0/inst/clk_map/psr_aclk/U0'
Parsing XDC File [c:/Users/jaeho/junior_fall/hardware/proj3/playground/playground.gen/sources_1/bd/design_1/ip/design_1_smartconnect_0_0/bd_0/ip/ip_6/bd_48ac_sarn_0_clocks.xdc] for cell 'design_1_i/smartconnect_0/inst/s00_nodes/s00_ar_node/inst'
WARNING: [Vivado_Tcl 4-921] Waiver ID 'CDC-1' -to list should not be empty. [c:/Users/jaeho/junior_fall/hardware/proj3/playground/playground.gen/sources_1/bd/design_1/ip/design_1_smartconnect_0_0/bd_0/ip/ip_6/bd_48ac_sarn_0_clocks.xdc:49]
WARNING: [Vivado_Tcl 4-921] Waiver ID 'CDC-1' -to list should not be empty. [c:/Users/jaeho/junior_fall/hardware/proj3/playground/playground.gen/sources_1/bd/design_1/ip/design_1_smartconnect_0_0/bd_0/ip/ip_6/bd_48ac_sarn_0_clocks.xdc:52]
WARNING: [Vivado_Tcl 4-921] Waiver ID 'CDC-1' -to list should not be empty. [c:/Users/jaeho/junior_fall/hardware/proj3/playground/playground.gen/sources_1/bd/design_1/ip/design_1_smartconnect_0_0/bd_0/ip/ip_6/bd_48ac_sarn_0_clocks.xdc:55]
WARNING: [Vivado_Tcl 4-921] Waiver ID 'CDC-1' -to list should not be empty. [c:/Users/jaeho/junior_fall/hardware/proj3/playground/playground.gen/sources_1/bd/design_1/ip/design_1_smartconnect_0_0/bd_0/ip/ip_6/bd_48ac_sarn_0_clocks.xdc:59]
WARNING: [Vivado_Tcl 4-921] Waiver ID 'CDC-1' -to list should not be empty. [c:/Users/jaeho/junior_fall/hardware/proj3/playground/playground.gen/sources_1/bd/design_1/ip/design_1_smartconnect_0_0/bd_0/ip/ip_6/bd_48ac_sarn_0_clocks.xdc:63]
WARNING: [Vivado_Tcl 4-921] Waiver ID 'CDC-1' -to list should not be empty. [c:/Users/jaeho/junior_fall/hardware/proj3/playground/playground.gen/sources_1/bd/design_1/ip/design_1_smartconnect_0_0/bd_0/ip/ip_6/bd_48ac_sarn_0_clocks.xdc:66]
WARNING: [Vivado_Tcl 4-921] Waiver ID 'CDC-1' -to list should not be empty. [c:/Users/jaeho/junior_fall/hardware/proj3/playground/playground.gen/sources_1/bd/design_1/ip/design_1_smartconnect_0_0/bd_0/ip/ip_6/bd_48ac_sarn_0_clocks.xdc:70]
WARNING: [Vivado_Tcl 4-921] Waiver ID 'CDC-1' -to list should not be empty. [c:/Users/jaeho/junior_fall/hardware/proj3/playground/playground.gen/sources_1/bd/design_1/ip/design_1_smartconnect_0_0/bd_0/ip/ip_6/bd_48ac_sarn_0_clocks.xdc:73]
WARNING: [Vivado_Tcl 4-921] Waiver ID 'CDC-1' -to list should not be empty. [c:/Users/jaeho/junior_fall/hardware/proj3/playground/playground.gen/sources_1/bd/design_1/ip/design_1_smartconnect_0_0/bd_0/ip/ip_6/bd_48ac_sarn_0_clocks.xdc:76]
WARNING: [Vivado_Tcl 4-921] Waiver ID 'CDC-1' -to list should not be empty. [c:/Users/jaeho/junior_fall/hardware/proj3/playground/playground.gen/sources_1/bd/design_1/ip/design_1_smartconnect_0_0/bd_0/ip/ip_6/bd_48ac_sarn_0_clocks.xdc:79]
WARNING: [Vivado_Tcl 4-921] Waiver ID 'CDC-1' -to list should not be empty. [c:/Users/jaeho/junior_fall/hardware/proj3/playground/playground.gen/sources_1/bd/design_1/ip/design_1_smartconnect_0_0/bd_0/ip/ip_6/bd_48ac_sarn_0_clocks.xdc:82]
WARNING: [Vivado_Tcl 4-921] Waiver ID 'CDC-4' -to list should not be empty. [c:/Users/jaeho/junior_fall/hardware/proj3/playground/playground.gen/sources_1/bd/design_1/ip/design_1_smartconnect_0_0/bd_0/ip/ip_6/bd_48ac_sarn_0_clocks.xdc:85]
WARNING: [Vivado_Tcl 4-921] Waiver ID 'CDC-4' -to list should not be empty. [c:/Users/jaeho/junior_fall/hardware/proj3/playground/playground.gen/sources_1/bd/design_1/ip/design_1_smartconnect_0_0/bd_0/ip/ip_6/bd_48ac_sarn_0_clocks.xdc:88]
WARNING: [Vivado_Tcl 4-921] Waiver ID 'CDC-2' -to list should not be empty. [c:/Users/jaeho/junior_fall/hardware/proj3/playground/playground.gen/sources_1/bd/design_1/ip/design_1_smartconnect_0_0/bd_0/ip/ip_6/bd_48ac_sarn_0_clocks.xdc:91]
WARNING: [Vivado_Tcl 4-921] Waiver ID 'CDC-2' -to list should not be empty. [c:/Users/jaeho/junior_fall/hardware/proj3/playground/playground.gen/sources_1/bd/design_1/ip/design_1_smartconnect_0_0/bd_0/ip/ip_6/bd_48ac_sarn_0_clocks.xdc:94]
WARNING: [Vivado_Tcl 4-921] Waiver ID 'CDC-2' -to list should not be empty. [c:/Users/jaeho/junior_fall/hardware/proj3/playground/playground.gen/sources_1/bd/design_1/ip/design_1_smartconnect_0_0/bd_0/ip/ip_6/bd_48ac_sarn_0_clocks.xdc:97]
WARNING: [Vivado_Tcl 4-921] Waiver ID 'CDC-2' -to list should not be empty. [c:/Users/jaeho/junior_fall/hardware/proj3/playground/playground.gen/sources_1/bd/design_1/ip/design_1_smartconnect_0_0/bd_0/ip/ip_6/bd_48ac_sarn_0_clocks.xdc:100]
WARNING: [Vivado_Tcl 4-921] Waiver ID 'CDC-1' -to list should not be empty. [c:/Users/jaeho/junior_fall/hardware/proj3/playground/playground.gen/sources_1/bd/design_1/ip/design_1_smartconnect_0_0/bd_0/ip/ip_6/bd_48ac_sarn_0_clocks.xdc:104]
WARNING: [Vivado_Tcl 4-921] Waiver ID 'CDC-10' -to list should not be empty. [c:/Users/jaeho/junior_fall/hardware/proj3/playground/playground.gen/sources_1/bd/design_1/ip/design_1_smartconnect_0_0/bd_0/ip/ip_6/bd_48ac_sarn_0_clocks.xdc:107]
WARNING: [Vivado_Tcl 4-921] Waiver ID 'CDC-10' -to list should not be empty. [c:/Users/jaeho/junior_fall/hardware/proj3/playground/playground.gen/sources_1/bd/design_1/ip/design_1_smartconnect_0_0/bd_0/ip/ip_6/bd_48ac_sarn_0_clocks.xdc:110]
WARNING: [Vivado_Tcl 4-921] Waiver ID 'CDC-1' -to list should not be empty. [c:/Users/jaeho/junior_fall/hardware/proj3/playground/playground.gen/sources_1/bd/design_1/ip/design_1_smartconnect_0_0/bd_0/ip/ip_6/bd_48ac_sarn_0_clocks.xdc:113]
WARNING: [Vivado_Tcl 4-921] Waiver ID 'CDC-1' -to list should not be empty. [c:/Users/jaeho/junior_fall/hardware/proj3/playground/playground.gen/sources_1/bd/design_1/ip/design_1_smartconnect_0_0/bd_0/ip/ip_6/bd_48ac_sarn_0_clocks.xdc:116]
WARNING: [Vivado_Tcl 4-921] Waiver ID 'CDC-1' -to list should not be empty. [c:/Users/jaeho/junior_fall/hardware/proj3/playground/playground.gen/sources_1/bd/design_1/ip/design_1_smartconnect_0_0/bd_0/ip/ip_6/bd_48ac_sarn_0_clocks.xdc:119]
WARNING: [Vivado_Tcl 4-921] Waiver ID 'CDC-13' -to list should not be empty. [c:/Users/jaeho/junior_fall/hardware/proj3/playground/playground.gen/sources_1/bd/design_1/ip/design_1_smartconnect_0_0/bd_0/ip/ip_6/bd_48ac_sarn_0_clocks.xdc:122]
WARNING: [Vivado_Tcl 4-921] Waiver ID 'CDC-1' -to list should not be empty. [c:/Users/jaeho/junior_fall/hardware/proj3/playground/playground.gen/sources_1/bd/design_1/ip/design_1_smartconnect_0_0/bd_0/ip/ip_6/bd_48ac_sarn_0_clocks.xdc:125]
WARNING: [Vivado_Tcl 4-921] Waiver ID 'CDC-1' -to list should not be empty. [c:/Users/jaeho/junior_fall/hardware/proj3/playground/playground.gen/sources_1/bd/design_1/ip/design_1_smartconnect_0_0/bd_0/ip/ip_6/bd_48ac_sarn_0_clocks.xdc:128]
WARNING: [Vivado_Tcl 4-921] Waiver ID 'CDC-13' -to list should not be empty. [c:/Users/jaeho/junior_fall/hardware/proj3/playground/playground.gen/sources_1/bd/design_1/ip/design_1_smartconnect_0_0/bd_0/ip/ip_6/bd_48ac_sarn_0_clocks.xdc:131]
WARNING: [Vivado_Tcl 4-921] Waiver ID 'CDC-1' -to list should not be empty. [c:/Users/jaeho/junior_fall/hardware/proj3/playground/playground.gen/sources_1/bd/design_1/ip/design_1_smartconnect_0_0/bd_0/ip/ip_6/bd_48ac_sarn_0_clocks.xdc:134]
WARNING: [Vivado_Tcl 4-921] Waiver ID 'CDC-10' -to list should not be empty. [c:/Users/jaeho/junior_fall/hardware/proj3/playground/playground.gen/sources_1/bd/design_1/ip/design_1_smartconnect_0_0/bd_0/ip/ip_6/bd_48ac_sarn_0_clocks.xdc:137]
WARNING: [Vivado_Tcl 4-921] Waiver ID 'CDC-1' -to list should not be empty. [c:/Users/jaeho/junior_fall/hardware/proj3/playground/playground.gen/sources_1/bd/design_1/ip/design_1_smartconnect_0_0/bd_0/ip/ip_6/bd_48ac_sarn_0_clocks.xdc:140]
WARNING: [Vivado_Tcl 4-921] Waiver ID 'CDC-1' -to list should not be empty. [c:/Users/jaeho/junior_fall/hardware/proj3/playground/playground.gen/sources_1/bd/design_1/ip/design_1_smartconnect_0_0/bd_0/ip/ip_6/bd_48ac_sarn_0_clocks.xdc:143]
WARNING: [Vivado_Tcl 4-921] Waiver ID 'CDC-1' -to list should not be empty. [c:/Users/jaeho/junior_fall/hardware/proj3/playground/playground.gen/sources_1/bd/design_1/ip/design_1_smartconnect_0_0/bd_0/ip/ip_6/bd_48ac_sarn_0_clocks.xdc:146]
WARNING: [Vivado_Tcl 4-921] Waiver ID 'CDC-2' -to list should not be empty. [c:/Users/jaeho/junior_fall/hardware/proj3/playground/playground.gen/sources_1/bd/design_1/ip/design_1_smartconnect_0_0/bd_0/ip/ip_6/bd_48ac_sarn_0_clocks.xdc:149]
WARNING: [Vivado_Tcl 4-921] Waiver ID 'CDC-1' -to list should not be empty. [c:/Users/jaeho/junior_fall/hardware/proj3/playground/playground.gen/sources_1/bd/design_1/ip/design_1_smartconnect_0_0/bd_0/ip/ip_6/bd_48ac_sarn_0_clocks.xdc:152]
WARNING: [Vivado_Tcl 4-921] Waiver ID 'CDC-1' -to list should not be empty. [c:/Users/jaeho/junior_fall/hardware/proj3/playground/playground.gen/sources_1/bd/design_1/ip/design_1_smartconnect_0_0/bd_0/ip/ip_6/bd_48ac_sarn_0_clocks.xdc:155]
WARNING: [Vivado_Tcl 4-921] Waiver ID 'CDC-1' -to list should not be empty. [c:/Users/jaeho/junior_fall/hardware/proj3/playground/playground.gen/sources_1/bd/design_1/ip/design_1_smartconnect_0_0/bd_0/ip/ip_6/bd_48ac_sarn_0_clocks.xdc:158]
WARNING: [Vivado_Tcl 4-921] Waiver ID 'CDC-10' -to list should not be empty. [c:/Users/jaeho/junior_fall/hardware/proj3/playground/playground.gen/sources_1/bd/design_1/ip/design_1_smartconnect_0_0/bd_0/ip/ip_6/bd_48ac_sarn_0_clocks.xdc:161]
WARNING: [Vivado_Tcl 4-921] Waiver ID 'CDC-4' -to list should not be empty. [c:/Users/jaeho/junior_fall/hardware/proj3/playground/playground.gen/sources_1/bd/design_1/ip/design_1_smartconnect_0_0/bd_0/ip/ip_6/bd_48ac_sarn_0_clocks.xdc:164]
WARNING: [Vivado_Tcl 4-921] Waiver ID 'CDC-4' -to list should not be empty. [c:/Users/jaeho/junior_fall/hardware/proj3/playground/playground.gen/sources_1/bd/design_1/ip/design_1_smartconnect_0_0/bd_0/ip/ip_6/bd_48ac_sarn_0_clocks.xdc:167]
WARNING: [Vivado_Tcl 4-921] Waiver ID 'CDC-4' -to list should not be empty. [c:/Users/jaeho/junior_fall/hardware/proj3/playground/playground.gen/sources_1/bd/design_1/ip/design_1_smartconnect_0_0/bd_0/ip/ip_6/bd_48ac_sarn_0_clocks.xdc:171]
WARNING: [Vivado_Tcl 4-921] Waiver ID 'CDC-4' -to list should not be empty. [c:/Users/jaeho/junior_fall/hardware/proj3/playground/playground.gen/sources_1/bd/design_1/ip/design_1_smartconnect_0_0/bd_0/ip/ip_6/bd_48ac_sarn_0_clocks.xdc:174]
WARNING: [Vivado_Tcl 4-921] Waiver ID 'CDC-1' -to list should not be empty. [c:/Users/jaeho/junior_fall/hardware/proj3/playground/playground.gen/sources_1/bd/design_1/ip/design_1_smartconnect_0_0/bd_0/ip/ip_6/bd_48ac_sarn_0_clocks.xdc:178]
WARNING: [Vivado_Tcl 4-921] Waiver ID 'CDC-1' -to list should not be empty. [c:/Users/jaeho/junior_fall/hardware/proj3/playground/playground.gen/sources_1/bd/design_1/ip/design_1_smartconnect_0_0/bd_0/ip/ip_6/bd_48ac_sarn_0_clocks.xdc:181]
WARNING: [Vivado_Tcl 4-921] Waiver ID 'CDC-13' -to list should not be empty. [c:/Users/jaeho/junior_fall/hardware/proj3/playground/playground.gen/sources_1/bd/design_1/ip/design_1_smartconnect_0_0/bd_0/ip/ip_6/bd_48ac_sarn_0_clocks.xdc:184]
Finished Parsing XDC File [c:/Users/jaeho/junior_fall/hardware/proj3/playground/playground.gen/sources_1/bd/design_1/ip/design_1_smartconnect_0_0/bd_0/ip/ip_6/bd_48ac_sarn_0_clocks.xdc] for cell 'design_1_i/smartconnect_0/inst/s00_nodes/s00_ar_node/inst'
Parsing XDC File [c:/Users/jaeho/junior_fall/hardware/proj3/playground/playground.gen/sources_1/bd/design_1/ip/design_1_smartconnect_0_0/bd_0/ip/ip_7/bd_48ac_srn_0_clocks.xdc] for cell 'design_1_i/smartconnect_0/inst/s00_nodes/s00_r_node/inst'
WARNING: [Vivado_Tcl 4-921] Waiver ID 'CDC-1' -to list should not be empty. [c:/Users/jaeho/junior_fall/hardware/proj3/playground/playground.gen/sources_1/bd/design_1/ip/design_1_smartconnect_0_0/bd_0/ip/ip_7/bd_48ac_srn_0_clocks.xdc:49]
WARNING: [Vivado_Tcl 4-921] Waiver ID 'CDC-1' -to list should not be empty. [c:/Users/jaeho/junior_fall/hardware/proj3/playground/playground.gen/sources_1/bd/design_1/ip/design_1_smartconnect_0_0/bd_0/ip/ip_7/bd_48ac_srn_0_clocks.xdc:52]
WARNING: [Vivado_Tcl 4-921] Waiver ID 'CDC-1' -to list should not be empty. [c:/Users/jaeho/junior_fall/hardware/proj3/playground/playground.gen/sources_1/bd/design_1/ip/design_1_smartconnect_0_0/bd_0/ip/ip_7/bd_48ac_srn_0_clocks.xdc:55]
WARNING: [Vivado_Tcl 4-921] Waiver ID 'CDC-1' -to list should not be empty. [c:/Users/jaeho/junior_fall/hardware/proj3/playground/playground.gen/sources_1/bd/design_1/ip/design_1_smartconnect_0_0/bd_0/ip/ip_7/bd_48ac_srn_0_clocks.xdc:59]
WARNING: [Vivado_Tcl 4-921] Waiver ID 'CDC-1' -to list should not be empty. [c:/Users/jaeho/junior_fall/hardware/proj3/playground/playground.gen/sources_1/bd/design_1/ip/design_1_smartconnect_0_0/bd_0/ip/ip_7/bd_48ac_srn_0_clocks.xdc:63]
WARNING: [Vivado_Tcl 4-921] Waiver ID 'CDC-1' -to list should not be empty. [c:/Users/jaeho/junior_fall/hardware/proj3/playground/playground.gen/sources_1/bd/design_1/ip/design_1_smartconnect_0_0/bd_0/ip/ip_7/bd_48ac_srn_0_clocks.xdc:66]
WARNING: [Vivado_Tcl 4-921] Waiver ID 'CDC-1' -to list should not be empty. [c:/Users/jaeho/junior_fall/hardware/proj3/playground/playground.gen/sources_1/bd/design_1/ip/design_1_smartconnect_0_0/bd_0/ip/ip_7/bd_48ac_srn_0_clocks.xdc:70]
WARNING: [Vivado_Tcl 4-921] Waiver ID 'CDC-1' -to list should not be empty. [c:/Users/jaeho/junior_fall/hardware/proj3/playground/playground.gen/sources_1/bd/design_1/ip/design_1_smartconnect_0_0/bd_0/ip/ip_7/bd_48ac_srn_0_clocks.xdc:73]
WARNING: [Vivado_Tcl 4-921] Waiver ID 'CDC-1' -to list should not be empty. [c:/Users/jaeho/junior_fall/hardware/proj3/playground/playground.gen/sources_1/bd/design_1/ip/design_1_smartconnect_0_0/bd_0/ip/ip_7/bd_48ac_srn_0_clocks.xdc:76]
WARNING: [Vivado_Tcl 4-921] Waiver ID 'CDC-1' -to list should not be empty. [c:/Users/jaeho/junior_fall/hardware/proj3/playground/playground.gen/sources_1/bd/design_1/ip/design_1_smartconnect_0_0/bd_0/ip/ip_7/bd_48ac_srn_0_clocks.xdc:79]
WARNING: [Vivado_Tcl 4-921] Waiver ID 'CDC-1' -to list should not be empty. [c:/Users/jaeho/junior_fall/hardware/proj3/playground/playground.gen/sources_1/bd/design_1/ip/design_1_smartconnect_0_0/bd_0/ip/ip_7/bd_48ac_srn_0_clocks.xdc:82]
WARNING: [Vivado_Tcl 4-921] Waiver ID 'CDC-4' -to list should not be empty. [c:/Users/jaeho/junior_fall/hardware/proj3/playground/playground.gen/sources_1/bd/design_1/ip/design_1_smartconnect_0_0/bd_0/ip/ip_7/bd_48ac_srn_0_clocks.xdc:85]
WARNING: [Vivado_Tcl 4-921] Waiver ID 'CDC-4' -to list should not be empty. [c:/Users/jaeho/junior_fall/hardware/proj3/playground/playground.gen/sources_1/bd/design_1/ip/design_1_smartconnect_0_0/bd_0/ip/ip_7/bd_48ac_srn_0_clocks.xdc:88]
WARNING: [Vivado_Tcl 4-921] Waiver ID 'CDC-2' -to list should not be empty. [c:/Users/jaeho/junior_fall/hardware/proj3/playground/playground.gen/sources_1/bd/design_1/ip/design_1_smartconnect_0_0/bd_0/ip/ip_7/bd_48ac_srn_0_clocks.xdc:91]
WARNING: [Vivado_Tcl 4-921] Waiver ID 'CDC-2' -to list should not be empty. [c:/Users/jaeho/junior_fall/hardware/proj3/playground/playground.gen/sources_1/bd/design_1/ip/design_1_smartconnect_0_0/bd_0/ip/ip_7/bd_48ac_srn_0_clocks.xdc:94]
WARNING: [Vivado_Tcl 4-921] Waiver ID 'CDC-2' -to list should not be empty. [c:/Users/jaeho/junior_fall/hardware/proj3/playground/playground.gen/sources_1/bd/design_1/ip/design_1_smartconnect_0_0/bd_0/ip/ip_7/bd_48ac_srn_0_clocks.xdc:97]
WARNING: [Vivado_Tcl 4-921] Waiver ID 'CDC-2' -to list should not be empty. [c:/Users/jaeho/junior_fall/hardware/proj3/playground/playground.gen/sources_1/bd/design_1/ip/design_1_smartconnect_0_0/bd_0/ip/ip_7/bd_48ac_srn_0_clocks.xdc:100]
WARNING: [Vivado_Tcl 4-921] Waiver ID 'CDC-1' -to list should not be empty. [c:/Users/jaeho/junior_fall/hardware/proj3/playground/playground.gen/sources_1/bd/design_1/ip/design_1_smartconnect_0_0/bd_0/ip/ip_7/bd_48ac_srn_0_clocks.xdc:104]
WARNING: [Vivado_Tcl 4-921] Waiver ID 'CDC-10' -to list should not be empty. [c:/Users/jaeho/junior_fall/hardware/proj3/playground/playground.gen/sources_1/bd/design_1/ip/design_1_smartconnect_0_0/bd_0/ip/ip_7/bd_48ac_srn_0_clocks.xdc:107]
WARNING: [Vivado_Tcl 4-921] Waiver ID 'CDC-10' -to list should not be empty. [c:/Users/jaeho/junior_fall/hardware/proj3/playground/playground.gen/sources_1/bd/design_1/ip/design_1_smartconnect_0_0/bd_0/ip/ip_7/bd_48ac_srn_0_clocks.xdc:110]
WARNING: [Vivado_Tcl 4-921] Waiver ID 'CDC-1' -to list should not be empty. [c:/Users/jaeho/junior_fall/hardware/proj3/playground/playground.gen/sources_1/bd/design_1/ip/design_1_smartconnect_0_0/bd_0/ip/ip_7/bd_48ac_srn_0_clocks.xdc:113]
WARNING: [Vivado_Tcl 4-921] Waiver ID 'CDC-1' -to list should not be empty. [c:/Users/jaeho/junior_fall/hardware/proj3/playground/playground.gen/sources_1/bd/design_1/ip/design_1_smartconnect_0_0/bd_0/ip/ip_7/bd_48ac_srn_0_clocks.xdc:116]
WARNING: [Vivado_Tcl 4-921] Waiver ID 'CDC-1' -to list should not be empty. [c:/Users/jaeho/junior_fall/hardware/proj3/playground/playground.gen/sources_1/bd/design_1/ip/design_1_smartconnect_0_0/bd_0/ip/ip_7/bd_48ac_srn_0_clocks.xdc:119]
WARNING: [Vivado_Tcl 4-921] Waiver ID 'CDC-13' -to list should not be empty. [c:/Users/jaeho/junior_fall/hardware/proj3/playground/playground.gen/sources_1/bd/design_1/ip/design_1_smartconnect_0_0/bd_0/ip/ip_7/bd_48ac_srn_0_clocks.xdc:122]
INFO: [Common 17-14] Message 'Vivado_Tcl 4-921' appears 100 times and further instances of the messages will be disabled. Use the Tcl command set_msg_config to change the current settings. [c:/Users/jaeho/junior_fall/hardware/proj3/playground/playground.gen/sources_1/bd/design_1/ip/design_1_smartconnect_0_0/bd_0/ip/ip_7/bd_48ac_srn_0_clocks.xdc:122]
Finished Parsing XDC File [c:/Users/jaeho/junior_fall/hardware/proj3/playground/playground.gen/sources_1/bd/design_1/ip/design_1_smartconnect_0_0/bd_0/ip/ip_7/bd_48ac_srn_0_clocks.xdc] for cell 'design_1_i/smartconnect_0/inst/s00_nodes/s00_r_node/inst'
Parsing XDC File [c:/Users/jaeho/junior_fall/hardware/proj3/playground/playground.gen/sources_1/bd/design_1/ip/design_1_smartconnect_0_0/smartconnect.xdc] for cell 'design_1_i/smartconnect_0/inst'
WARNING: [Vivado_Tcl 4-919] Waiver ID 'CDC-1' -from list should not be empty. [c:/Users/jaeho/junior_fall/hardware/proj3/playground/playground.gen/sources_1/bd/design_1/ip/design_1_smartconnect_0_0/smartconnect.xdc:1]
INFO: [Common 17-14] Message 'Vivado 12-180' appears 100 times and further instances of the messages will be disabled. Use the Tcl command set_msg_config to change the current settings. [c:/Users/jaeho/junior_fall/hardware/proj3/playground/playground.gen/sources_1/bd/design_1/ip/design_1_smartconnect_0_0/smartconnect.xdc:6]
Finished Parsing XDC File [c:/Users/jaeho/junior_fall/hardware/proj3/playground/playground.gen/sources_1/bd/design_1/ip/design_1_smartconnect_0_0/smartconnect.xdc] for cell 'design_1_i/smartconnect_0/inst'
Parsing XDC File [C:/Users/jaeho/junior_fall/hardware/proj3/playground/playground.srcs/constrs_1/new/vga.xdc]
Finished Parsing XDC File [C:/Users/jaeho/junior_fall/hardware/proj3/playground/playground.srcs/constrs_1/new/vga.xdc]
Parsing XDC File [c:/Users/jaeho/junior_fall/hardware/proj3/playground/playground.gen/sources_1/bd/design_1/ip/design_1_v_axi4s_vid_out_0_0/design_1_v_axi4s_vid_out_0_0_clocks.xdc] for cell 'design_1_i/v_axi4s_vid_out_0/inst'
Finished Parsing XDC File [c:/Users/jaeho/junior_fall/hardware/proj3/playground/playground.gen/sources_1/bd/design_1/ip/design_1_v_axi4s_vid_out_0_0/design_1_v_axi4s_vid_out_0_0_clocks.xdc] for cell 'design_1_i/v_axi4s_vid_out_0/inst'
Parsing XDC File [c:/Users/jaeho/junior_fall/hardware/proj3/playground/playground.gen/sources_1/bd/design_1/ip/design_1_v_tc_0_0/design_1_v_tc_0_0_clocks.xdc] for cell 'design_1_i/v_tc_0/U0'
Finished Parsing XDC File [c:/Users/jaeho/junior_fall/hardware/proj3/playground/playground.gen/sources_1/bd/design_1/ip/design_1_v_tc_0_0/design_1_v_tc_0_0_clocks.xdc] for cell 'design_1_i/v_tc_0/U0'
Parsing XDC File [c:/Users/jaeho/junior_fall/hardware/proj3/playground/playground.gen/sources_1/bd/design_1/ip/design_1_axi_vdma_0_0/design_1_axi_vdma_0_0_clocks.xdc] for cell 'design_1_i/axi_vdma_0/U0'
Finished Parsing XDC File [c:/Users/jaeho/junior_fall/hardware/proj3/playground/playground.gen/sources_1/bd/design_1/ip/design_1_axi_vdma_0_0/design_1_axi_vdma_0_0_clocks.xdc] for cell 'design_1_i/axi_vdma_0/U0'
INFO: [Project 1-1714] 16 XPM XDC files have been applied to the design.
INFO: [Opt 31-138] Pushed 0 inverter(s) to 0 load pin(s).
INFO: [Project 1-1687] 105 scoped IP constraints or related sub-commands were skipped due to synthesis logic optimizations usually triggered by constant connectivity or unconnected output pins. To review the skipped constraints and messages, run the command 'set_param netlist.IPMsgFiltering false' before opening the design.
Netlist sorting complete. Time (s): cpu = 00:00:00 ; elapsed = 00:00:00.002 . Memory (MB): peak = 1797.777 ; gain = 0.000
INFO: [Project 1-111] Unisim Transformation Summary:
  A total of 25 instances were transformed.
  RAM32M => RAM32M (RAMD32(x6), RAMS32(x2)): 25 instances

26 Infos, 103 Warnings, 0 Critical Warnings and 0 Errors encountered.
link_design completed successfully
link_design: Time (s): cpu = 00:00:13 ; elapsed = 00:00:19 . Memory (MB): peak = 1797.777 ; gain = 1216.242
Command: opt_design
Attempting to get a license for feature 'Implementation' and/or device 'xc7z020'
INFO: [Common 17-349] Got license for feature 'Implementation' and/or device 'xc7z020'
Running DRC as a precondition to command opt_design

Starting DRC Task
INFO: [DRC 23-27] Running DRC with 2 threads
INFO: [Project 1-461] DRC finished with 0 Errors
INFO: [Project 1-462] Please refer to the DRC report (report_drc) for more information.

Time (s): cpu = 00:00:01 ; elapsed = 00:00:00.922 . Memory (MB): peak = 1797.777 ; gain = 0.000

Starting Cache Timing Information Task
INFO: [Timing 38-35] Done setting XDC timing constraints.
Ending Cache Timing Information Task | Checksum: 210d5ee16

Time (s): cpu = 00:00:01 ; elapsed = 00:00:00.266 . Memory (MB): peak = 1797.777 ; gain = 0.000

Starting Logic Optimization Task

Phase 1 Initialization

Phase 1.1 Core Generation And Design Setup
Phase 1.1 Core Generation And Design Setup | Checksum: 210d5ee16

Time (s): cpu = 00:00:00 ; elapsed = 00:00:00.004 . Memory (MB): peak = 2139.629 ; gain = 0.000

Phase 1.2 Setup Constraints And Sort Netlist
Phase 1.2 Setup Constraints And Sort Netlist | Checksum: 210d5ee16

Time (s): cpu = 00:00:00 ; elapsed = 00:00:00.010 . Memory (MB): peak = 2139.629 ; gain = 0.000
Phase 1 Initialization | Checksum: 210d5ee16

Time (s): cpu = 00:00:00 ; elapsed = 00:00:00.012 . Memory (MB): peak = 2139.629 ; gain = 0.000

Phase 2 Timer Update And Timing Data Collection

Phase 2.1 Timer Update
Phase 2.1 Timer Update | Checksum: 210d5ee16

Time (s): cpu = 00:00:00 ; elapsed = 00:00:00.165 . Memory (MB): peak = 2139.629 ; gain = 0.000

Phase 2.2 Timing Data Collection
Phase 2.2 Timing Data Collection | Checksum: 210d5ee16

Time (s): cpu = 00:00:00 ; elapsed = 00:00:00.198 . Memory (MB): peak = 2139.629 ; gain = 0.000
Phase 2 Timer Update And Timing Data Collection | Checksum: 210d5ee16

Time (s): cpu = 00:00:00 ; elapsed = 00:00:00.200 . Memory (MB): peak = 2139.629 ; gain = 0.000

Phase 3 Retarget
INFO: [Opt 31-1834] Total Chains To Be Transformed Were: 0 AND Number of Transformed insts Created are: 0
INFO: [Opt 31-138] Pushed 6 inverter(s) to 29 load pin(s).
INFO: [Opt 31-49] Retargeted 0 cell(s).
Phase 3 Retarget | Checksum: 237bedb9e

Time (s): cpu = 00:00:01 ; elapsed = 00:00:00.399 . Memory (MB): peak = 2139.629 ; gain = 0.000
Retarget | Checksum: 237bedb9e
INFO: [Opt 31-389] Phase Retarget created 105 cells and removed 409 cells
INFO: [Opt 31-1021] In phase Retarget, 8 netlist objects are constrained preventing optimization. Please run opt_design with -debug_log to get more detail. 

Phase 4 Constant propagation
INFO: [Opt 31-138] Pushed 0 inverter(s) to 0 load pin(s).
Phase 4 Constant propagation | Checksum: 1919f529e

Time (s): cpu = 00:00:01 ; elapsed = 00:00:00.465 . Memory (MB): peak = 2139.629 ; gain = 0.000
Constant propagation | Checksum: 1919f529e
INFO: [Opt 31-389] Phase Constant propagation created 42 cells and removed 216 cells
INFO: [Opt 31-1021] In phase Constant propagation, 8 netlist objects are constrained preventing optimization. Please run opt_design with -debug_log to get more detail. 

Phase 5 Sweep
Phase 5 Sweep | Checksum: 1be9d5231

Time (s): cpu = 00:00:01 ; elapsed = 00:00:00.890 . Memory (MB): peak = 2139.629 ; gain = 0.000
Sweep | Checksum: 1be9d5231
INFO: [Opt 31-389] Phase Sweep created 0 cells and removed 531 cells
INFO: [Opt 31-1021] In phase Sweep, 44 netlist objects are constrained preventing optimization. Please run opt_design with -debug_log to get more detail. 

Phase 6 BUFG optimization
Phase 6 BUFG optimization | Checksum: 1be9d5231

Time (s): cpu = 00:00:01 ; elapsed = 00:00:00.965 . Memory (MB): peak = 2139.629 ; gain = 0.000
BUFG optimization | Checksum: 1be9d5231
INFO: [Opt 31-662] Phase BUFG optimization created 0 cells of which 0 are BUFGs and removed 0 cells.

Phase 7 Shift Register Optimization
INFO: [Opt 31-1064] SRL Remap converted 0 SRLs to 0 registers and converted 0 registers of register chains to 0 SRLs
Phase 7 Shift Register Optimization | Checksum: 1be9d5231

Time (s): cpu = 00:00:01 ; elapsed = 00:00:00.978 . Memory (MB): peak = 2139.629 ; gain = 0.000
Shift Register Optimization | Checksum: 1be9d5231
INFO: [Opt 31-389] Phase Shift Register Optimization created 0 cells and removed 0 cells

Phase 8 Post Processing Netlist
Phase 8 Post Processing Netlist | Checksum: 254ff31b1

Time (s): cpu = 00:00:01 ; elapsed = 00:00:01 . Memory (MB): peak = 2139.629 ; gain = 0.000
Post Processing Netlist | Checksum: 254ff31b1
INFO: [Opt 31-389] Phase Post Processing Netlist created 0 cells and removed 0 cells
INFO: [Opt 31-1021] In phase Post Processing Netlist, 8 netlist objects are constrained preventing optimization. Please run opt_design with -debug_log to get more detail. 

Phase 9 Finalization

Phase 9.1 Finalizing Design Cores and Updating Shapes
Phase 9.1 Finalizing Design Cores and Updating Shapes | Checksum: 1a1f2291a

Time (s): cpu = 00:00:01 ; elapsed = 00:00:01 . Memory (MB): peak = 2139.629 ; gain = 0.000

Phase 9.2 Verifying Netlist Connectivity

Starting Connectivity Check Task

Time (s): cpu = 00:00:00 ; elapsed = 00:00:00.007 . Memory (MB): peak = 2139.629 ; gain = 0.000
Phase 9.2 Verifying Netlist Connectivity | Checksum: 1a1f2291a

Time (s): cpu = 00:00:01 ; elapsed = 00:00:01 . Memory (MB): peak = 2139.629 ; gain = 0.000
Phase 9 Finalization | Checksum: 1a1f2291a

Time (s): cpu = 00:00:01 ; elapsed = 00:00:01 . Memory (MB): peak = 2139.629 ; gain = 0.000
Opt_design Change Summary
=========================


-------------------------------------------------------------------------------------------------------------------------
|  Phase                        |  #Cells created  |  #Cells Removed  |  #Constrained objects preventing optimizations  |
-------------------------------------------------------------------------------------------------------------------------
|  Retarget                     |             105  |             409  |                                              8  |
|  Constant propagation         |              42  |             216  |                                              8  |
|  Sweep                        |               0  |             531  |                                             44  |
|  BUFG optimization            |               0  |               0  |                                              0  |
|  Shift Register Optimization  |               0  |               0  |                                              0  |
|  Post Processing Netlist      |               0  |               0  |                                              8  |
-------------------------------------------------------------------------------------------------------------------------


Ending Logic Optimization Task | Checksum: 1a1f2291a

Time (s): cpu = 00:00:01 ; elapsed = 00:00:01 . Memory (MB): peak = 2139.629 ; gain = 0.000

Starting Power Optimization Task
INFO: [Pwropt 34-132] Skipping clock gating for clocks with a period < 2.00 ns.
INFO: [Pwropt 34-9] Applying IDT optimizations ...
INFO: [Pwropt 34-10] Applying ODC optimizations ...
INFO: [Timing 38-35] Done setting XDC timing constraints.
Running Vector-less Activity Propagation...

Finished Running Vector-less Activity Propagation


Starting PowerOpt Patch Enables Task
INFO: [Pwropt 34-162] WRITE_MODE attribute of 0 BRAM(s) out of a total of 5 has been updated to save power. Run report_power_opt to get a complete listing of the BRAMs updated.
INFO: [Pwropt 34-201] Structural ODC has moved 1 WE to EN ports
Number of BRAM Ports augmented: 4 newly gated: 1 Total Ports: 10
Ending PowerOpt Patch Enables Task | Checksum: 2368fd7b7

Time (s): cpu = 00:00:00 ; elapsed = 00:00:00.036 . Memory (MB): peak = 2301.023 ; gain = 0.000
Ending Power Optimization Task | Checksum: 2368fd7b7

Time (s): cpu = 00:00:03 ; elapsed = 00:00:02 . Memory (MB): peak = 2301.023 ; gain = 161.395

Starting Final Cleanup Task
Ending Final Cleanup Task | Checksum: 2368fd7b7

Time (s): cpu = 00:00:00 ; elapsed = 00:00:00.002 . Memory (MB): peak = 2301.023 ; gain = 0.000

Starting Netlist Obfuscation Task
Netlist sorting complete. Time (s): cpu = 00:00:00 ; elapsed = 00:00:00.004 . Memory (MB): peak = 2301.023 ; gain = 0.000
Ending Netlist Obfuscation Task | Checksum: 224340cc6

Time (s): cpu = 00:00:00 ; elapsed = 00:00:00.006 . Memory (MB): peak = 2301.023 ; gain = 0.000
INFO: [Common 17-83] Releasing license: Implementation
53 Infos, 103 Warnings, 0 Critical Warnings and 0 Errors encountered.
opt_design completed successfully
opt_design: Time (s): cpu = 00:00:08 ; elapsed = 00:00:07 . Memory (MB): peak = 2301.023 ; gain = 503.246
INFO: [Vivado 12-24828] Executing command : report_drc -file design_1_wrapper_drc_opted.rpt -pb design_1_wrapper_drc_opted.pb -rpx design_1_wrapper_drc_opted.rpx
Command: report_drc -file design_1_wrapper_drc_opted.rpt -pb design_1_wrapper_drc_opted.pb -rpx design_1_wrapper_drc_opted.rpx
INFO: [IP_Flow 19-1839] IP Catalog is up to date.
INFO: [DRC 23-27] Running DRC with 2 threads
INFO: [Vivado_Tcl 2-168] The results of DRC are in file C:/Users/jaeho/junior_fall/hardware/proj3/playground/playground.runs/impl_1/design_1_wrapper_drc_opted.rpt.
report_drc completed successfully
INFO: [Timing 38-35] Done setting XDC timing constraints.
INFO: [Timing 38-480] Writing timing data to binary archive.
Write ShapeDB Complete: Time (s): cpu = 00:00:00 ; elapsed = 00:00:00.013 . Memory (MB): peak = 2301.023 ; gain = 0.000
Wrote PlaceDB: Time (s): cpu = 00:00:00 ; elapsed = 00:00:00.017 . Memory (MB): peak = 2301.023 ; gain = 0.000
Wrote PulsedLatchDB: Time (s): cpu = 00:00:00 ; elapsed = 00:00:00 . Memory (MB): peak = 2301.023 ; gain = 0.000
Writing XDEF routing.
Writing XDEF routing logical nets.
Writing XDEF routing special nets.
Wrote RouteStorage: Time (s): cpu = 00:00:01 ; elapsed = 00:00:00.051 . Memory (MB): peak = 2301.023 ; gain = 0.000
Wrote Netlist Cache: Time (s): cpu = 00:00:00 ; elapsed = 00:00:00.001 . Memory (MB): peak = 2301.023 ; gain = 0.000
Wrote Device Cache: Time (s): cpu = 00:00:00 ; elapsed = 00:00:00.013 . Memory (MB): peak = 2301.023 ; gain = 0.000
Write Physdb Complete: Time (s): cpu = 00:00:01 ; elapsed = 00:00:00.090 . Memory (MB): peak = 2301.023 ; gain = 0.000
INFO: [Common 17-1381] The checkpoint 'C:/Users/jaeho/junior_fall/hardware/proj3/playground/playground.runs/impl_1/design_1_wrapper_opt.dcp' has been generated.
Command: place_design
Attempting to get a license for feature 'Implementation' and/or device 'xc7z020'
INFO: [Common 17-349] Got license for feature 'Implementation' and/or device 'xc7z020'
INFO: [Common 17-83] Releasing license: Implementation
INFO: [DRC 23-27] Running DRC with 2 threads
INFO: [Vivado_Tcl 4-198] DRC finished with 0 Errors
INFO: [Vivado_Tcl 4-199] Please refer to the DRC report (report_drc) for more information.
Running DRC as a precondition to command place_design
INFO: [DRC 23-27] Running DRC with 2 threads
INFO: [Vivado_Tcl 4-198] DRC finished with 0 Errors
INFO: [Vivado_Tcl 4-199] Please refer to the DRC report (report_drc) for more information.
INFO: [Place 30-611] Multithreading enabled for place_design using a maximum of 2 CPUs

Starting Placer Task

Phase 1 Placer Initialization

Phase 1.1 Placer Initialization Netlist Sorting
Netlist sorting complete. Time (s): cpu = 00:00:00 ; elapsed = 00:00:00.002 . Memory (MB): peak = 2301.023 ; gain = 0.000
Phase 1.1 Placer Initialization Netlist Sorting | Checksum: 14de1e225

Time (s): cpu = 00:00:00 ; elapsed = 00:00:00.014 . Memory (MB): peak = 2301.023 ; gain = 0.000
Netlist sorting complete. Time (s): cpu = 00:00:00 ; elapsed = 00:00:00.001 . Memory (MB): peak = 2301.023 ; gain = 0.000

Phase 1.2 IO Placement/ Clock Placement/ Build Placer Device
Phase 1.2 IO Placement/ Clock Placement/ Build Placer Device | Checksum: 104c6b8b7

Time (s): cpu = 00:00:01 ; elapsed = 00:00:00.542 . Memory (MB): peak = 2301.023 ; gain = 0.000

Phase 1.3 Build Placer Netlist Model
Phase 1.3 Build Placer Netlist Model | Checksum: 29f3e8c67

Time (s): cpu = 00:00:02 ; elapsed = 00:00:01 . Memory (MB): peak = 2301.023 ; gain = 0.000

Phase 1.4 Constrain Clocks/Macros
Phase 1.4 Constrain Clocks/Macros | Checksum: 29f3e8c67

Time (s): cpu = 00:00:02 ; elapsed = 00:00:01 . Memory (MB): peak = 2301.023 ; gain = 0.000
Phase 1 Placer Initialization | Checksum: 29f3e8c67

Time (s): cpu = 00:00:02 ; elapsed = 00:00:01 . Memory (MB): peak = 2301.023 ; gain = 0.000

Phase 2 Global Placement

Phase 2.1 Floorplanning
Phase 2.1 Floorplanning | Checksum: 23355410c

Time (s): cpu = 00:00:02 ; elapsed = 00:00:02 . Memory (MB): peak = 2301.023 ; gain = 0.000

Phase 2.2 Update Timing before SLR Path Opt
Phase 2.2 Update Timing before SLR Path Opt | Checksum: 20be05428

Time (s): cpu = 00:00:03 ; elapsed = 00:00:02 . Memory (MB): peak = 2301.023 ; gain = 0.000

Phase 2.3 Post-Processing in Floorplanning
Phase 2.3 Post-Processing in Floorplanning | Checksum: 20be05428

Time (s): cpu = 00:00:03 ; elapsed = 00:00:02 . Memory (MB): peak = 2301.023 ; gain = 0.000

Phase 2.4 Global Placement Core

Phase 2.4.1 UpdateTiming Before Physical Synthesis
Phase 2.4.1 UpdateTiming Before Physical Synthesis | Checksum: 20c696bb3

Time (s): cpu = 00:00:06 ; elapsed = 00:00:04 . Memory (MB): peak = 2301.023 ; gain = 0.000

Phase 2.4.2 Physical Synthesis In Placer
INFO: [Physopt 32-1035] Found 0 LUTNM shape to break, 149 LUT instances to create LUTNM shape
INFO: [Physopt 32-1044] Break lutnm for timing: one critical 0, two critical 0, total 0, new lutff created 0
INFO: [Physopt 32-1138] End 1 Pass. Optimized 54 nets or LUTs. Breaked 0 LUT, combined 54 existing LUTs and moved 0 existing LUT
INFO: [Physopt 32-65] No nets found for high-fanout optimization.
INFO: [Physopt 32-232] Optimized 0 net. Created 0 new instance.
INFO: [Physopt 32-775] End 1 Pass. Optimized 0 net or cell. Created 0 new cell, deleted 0 existing cell and moved 0 existing cell
INFO: [Physopt 32-670] No setup violation found.  DSP Register Optimization was not performed.
INFO: [Physopt 32-670] No setup violation found.  Shift Register to Pipeline Optimization was not performed.
INFO: [Physopt 32-670] No setup violation found.  Shift Register Optimization was not performed.
INFO: [Physopt 32-670] No setup violation found.  BRAM Register Optimization was not performed.
INFO: [Physopt 32-670] No setup violation found.  URAM Register Optimization was not performed.
INFO: [Physopt 32-949] No candidate nets found for dynamic/static region interface net replication
INFO: [Physopt 32-775] End 1 Pass. Optimized 0 net or cell. Created 0 new cell, deleted 0 existing cell and moved 0 existing cell
Netlist sorting complete. Time (s): cpu = 00:00:00 ; elapsed = 00:00:00.002 . Memory (MB): peak = 2301.023 ; gain = 0.000

Summary of Physical Synthesis Optimizations
============================================


-----------------------------------------------------------------------------------------------------------------------------------------------------------
|  Optimization                                     |  Added Cells  |  Removed Cells  |  Optimized Cells/Nets  |  Dont Touch  |  Iterations  |  Elapsed   |
-----------------------------------------------------------------------------------------------------------------------------------------------------------
|  LUT Combining                                    |            0  |             54  |                    54  |           0  |           1  |  00:00:00  |
|  Retime                                           |            0  |              0  |                     0  |           0  |           1  |  00:00:00  |
|  Very High Fanout                                 |            0  |              0  |                     0  |           0  |           1  |  00:00:00  |
|  DSP Register                                     |            0  |              0  |                     0  |           0  |           0  |  00:00:00  |
|  Shift Register to Pipeline                       |            0  |              0  |                     0  |           0  |           0  |  00:00:00  |
|  Shift Register                                   |            0  |              0  |                     0  |           0  |           0  |  00:00:00  |
|  BRAM Register                                    |            0  |              0  |                     0  |           0  |           0  |  00:00:00  |
|  URAM Register                                    |            0  |              0  |                     0  |           0  |           0  |  00:00:00  |
|  Dynamic/Static Region Interface Net Replication  |            0  |              0  |                     0  |           0  |           1  |  00:00:00  |
|  Total                                            |            0  |             54  |                    54  |           0  |           4  |  00:00:00  |
-----------------------------------------------------------------------------------------------------------------------------------------------------------


Phase 2.4.2 Physical Synthesis In Placer | Checksum: 125e77bb7

Time (s): cpu = 00:00:07 ; elapsed = 00:00:05 . Memory (MB): peak = 2301.023 ; gain = 0.000
Phase 2.4 Global Placement Core | Checksum: aa496a25

Time (s): cpu = 00:00:07 ; elapsed = 00:00:05 . Memory (MB): peak = 2301.023 ; gain = 0.000
Phase 2 Global Placement | Checksum: aa496a25

Time (s): cpu = 00:00:07 ; elapsed = 00:00:05 . Memory (MB): peak = 2301.023 ; gain = 0.000

Phase 3 Detail Placement

Phase 3.1 Commit Multi Column Macros
Phase 3.1 Commit Multi Column Macros | Checksum: 15d584036

Time (s): cpu = 00:00:08 ; elapsed = 00:00:05 . Memory (MB): peak = 2301.023 ; gain = 0.000

Phase 3.2 Commit Most Macros & LUTRAMs
Phase 3.2 Commit Most Macros & LUTRAMs | Checksum: 18b0f5c59

Time (s): cpu = 00:00:08 ; elapsed = 00:00:05 . Memory (MB): peak = 2301.023 ; gain = 0.000

Phase 3.3 Area Swap Optimization
Phase 3.3 Area Swap Optimization | Checksum: 11c0c00c8

Time (s): cpu = 00:00:08 ; elapsed = 00:00:05 . Memory (MB): peak = 2301.023 ; gain = 0.000

Phase 3.4 Pipeline Register Optimization
Phase 3.4 Pipeline Register Optimization | Checksum: 14c5b4a2f

Time (s): cpu = 00:00:08 ; elapsed = 00:00:05 . Memory (MB): peak = 2301.023 ; gain = 0.000

Phase 3.5 Fast Optimization
Phase 3.5 Fast Optimization | Checksum: 15a3157fc

Time (s): cpu = 00:00:09 ; elapsed = 00:00:06 . Memory (MB): peak = 2301.023 ; gain = 0.000

Phase 3.6 Small Shape Detail Placement
Phase 3.6 Small Shape Detail Placement | Checksum: 161241c41

Time (s): cpu = 00:00:10 ; elapsed = 00:00:07 . Memory (MB): peak = 2301.023 ; gain = 0.000

Phase 3.7 Re-assign LUT pins
Phase 3.7 Re-assign LUT pins | Checksum: 12dfc18f6

Time (s): cpu = 00:00:10 ; elapsed = 00:00:07 . Memory (MB): peak = 2301.023 ; gain = 0.000

Phase 3.8 Pipeline Register Optimization
Phase 3.8 Pipeline Register Optimization | Checksum: 160e4bbf8

Time (s): cpu = 00:00:10 ; elapsed = 00:00:07 . Memory (MB): peak = 2301.023 ; gain = 0.000
Phase 3 Detail Placement | Checksum: 160e4bbf8

Time (s): cpu = 00:00:10 ; elapsed = 00:00:07 . Memory (MB): peak = 2301.023 ; gain = 0.000

Phase 4 Post Placement Optimization and Clean-Up

Phase 4.1 Post Commit Optimization
INFO: [Timing 38-35] Done setting XDC timing constraints.

Phase 4.1.1 Post Placement Optimization
Post Placement Optimization Initialization | Checksum: 1528d7a1c

Phase 4.1.1.1 BUFG Insertion

Starting Physical Synthesis Task

Phase 1 Physical Synthesis Initialization
INFO: [Physopt 32-721] Multithreading enabled for phys_opt_design using a maximum of 2 CPUs
INFO: [Physopt 32-619] Estimated Timing Summary | WNS=0.218 | TNS=0.000 |
Phase 1 Physical Synthesis Initialization | Checksum: 19e621849

Time (s): cpu = 00:00:00 ; elapsed = 00:00:00.185 . Memory (MB): peak = 2301.023 ; gain = 0.000
INFO: [Place 46-56] BUFG insertion identified 0 candidate nets. Inserted BUFG: 0, Replicated BUFG Driver: 0, Skipped due to Placement/Routing Conflicts: 0, Skipped due to Timing Degradation: 0, Skipped due to netlist editing failed: 0.
Ending Physical Synthesis Task | Checksum: 169076fbe

Time (s): cpu = 00:00:00 ; elapsed = 00:00:00.210 . Memory (MB): peak = 2301.023 ; gain = 0.000
Phase 4.1.1.1 BUFG Insertion | Checksum: 1528d7a1c

Time (s): cpu = 00:00:12 ; elapsed = 00:00:08 . Memory (MB): peak = 2301.023 ; gain = 0.000

Phase 4.1.1.2 Post Placement Timing Optimization
INFO: [Place 30-746] Post Placement Timing Summary WNS=0.552. For the most accurate timing information please run report_timing.
Phase 4.1.1.2 Post Placement Timing Optimization | Checksum: efd6e4d0

Time (s): cpu = 00:00:12 ; elapsed = 00:00:09 . Memory (MB): peak = 2301.023 ; gain = 0.000

Time (s): cpu = 00:00:12 ; elapsed = 00:00:09 . Memory (MB): peak = 2301.023 ; gain = 0.000
Phase 4.1 Post Commit Optimization | Checksum: efd6e4d0

Time (s): cpu = 00:00:12 ; elapsed = 00:00:09 . Memory (MB): peak = 2301.023 ; gain = 0.000

Phase 4.2 Post Placement Cleanup
Phase 4.2 Post Placement Cleanup | Checksum: efd6e4d0

Time (s): cpu = 00:00:12 ; elapsed = 00:00:09 . Memory (MB): peak = 2301.023 ; gain = 0.000

Phase 4.3 Placer Reporting

Phase 4.3.1 Print Estimated Congestion
INFO: [Place 30-612] Post-Placement Estimated Congestion 
 ____________________________________________________
|           | Global Congestion | Short Congestion  |
| Direction | Region Size       | Region Size       |
|___________|___________________|___________________|
|      North|                1x1|                1x1|
|___________|___________________|___________________|
|      South|                1x1|                4x4|
|___________|___________________|___________________|
|       East|                1x1|                1x1|
|___________|___________________|___________________|
|       West|                1x1|                1x1|
|___________|___________________|___________________|

Phase 4.3.1 Print Estimated Congestion | Checksum: efd6e4d0

Time (s): cpu = 00:00:12 ; elapsed = 00:00:09 . Memory (MB): peak = 2301.023 ; gain = 0.000
Phase 4.3 Placer Reporting | Checksum: efd6e4d0

Time (s): cpu = 00:00:12 ; elapsed = 00:00:09 . Memory (MB): peak = 2301.023 ; gain = 0.000

Phase 4.4 Final Placement Cleanup
Netlist sorting complete. Time (s): cpu = 00:00:00 ; elapsed = 00:00:00.002 . Memory (MB): peak = 2301.023 ; gain = 0.000

Time (s): cpu = 00:00:12 ; elapsed = 00:00:09 . Memory (MB): peak = 2301.023 ; gain = 0.000
Phase 4 Post Placement Optimization and Clean-Up | Checksum: 1cb06c20e

Time (s): cpu = 00:00:12 ; elapsed = 00:00:09 . Memory (MB): peak = 2301.023 ; gain = 0.000
Ending Placer Task | Checksum: 11831b7f1

Time (s): cpu = 00:00:13 ; elapsed = 00:00:09 . Memory (MB): peak = 2301.023 ; gain = 0.000
88 Infos, 103 Warnings, 0 Critical Warnings and 0 Errors encountered.
place_design completed successfully
place_design: Time (s): cpu = 00:00:15 ; elapsed = 00:00:11 . Memory (MB): peak = 2301.023 ; gain = 0.000
INFO: [Vivado 12-24838] Running report commands "report_control_sets, report_io, report_utilization" in parallel.
Running report generation with 2 threads.
INFO: [Vivado 12-24828] Executing command : report_utilization -file design_1_wrapper_utilization_placed.rpt -pb design_1_wrapper_utilization_placed.pb
INFO: [Vivado 12-24828] Executing command : report_io -file design_1_wrapper_io_placed.rpt
report_io: Time (s): cpu = 00:00:00 ; elapsed = 00:00:00.065 . Memory (MB): peak = 2301.023 ; gain = 0.000
INFO: [Vivado 12-24828] Executing command : report_control_sets -verbose -file design_1_wrapper_control_sets_placed.rpt
report_control_sets: Time (s): cpu = 00:00:00 ; elapsed = 00:00:00.014 . Memory (MB): peak = 2301.023 ; gain = 0.000
INFO: [Timing 38-480] Writing timing data to binary archive.
Write ShapeDB Complete: Time (s): cpu = 00:00:00 ; elapsed = 00:00:00.020 . Memory (MB): peak = 2301.023 ; gain = 0.000
Wrote PlaceDB: Time (s): cpu = 00:00:01 ; elapsed = 00:00:00.329 . Memory (MB): peak = 2301.023 ; gain = 0.000
Wrote PulsedLatchDB: Time (s): cpu = 00:00:00 ; elapsed = 00:00:00 . Memory (MB): peak = 2301.023 ; gain = 0.000
Writing XDEF routing.
Writing XDEF routing logical nets.
Writing XDEF routing special nets.
Wrote RouteStorage: Time (s): cpu = 00:00:00 ; elapsed = 00:00:00.036 . Memory (MB): peak = 2301.023 ; gain = 0.000
Wrote Netlist Cache: Time (s): cpu = 00:00:00 ; elapsed = 00:00:00.008 . Memory (MB): peak = 2301.023 ; gain = 0.000
Wrote Device Cache: Time (s): cpu = 00:00:00 ; elapsed = 00:00:00.013 . Memory (MB): peak = 2301.023 ; gain = 0.000
Write Physdb Complete: Time (s): cpu = 00:00:01 ; elapsed = 00:00:00.392 . Memory (MB): peak = 2301.023 ; gain = 0.000
INFO: [Common 17-1381] The checkpoint 'C:/Users/jaeho/junior_fall/hardware/proj3/playground/playground.runs/impl_1/design_1_wrapper_placed.dcp' has been generated.
Command: phys_opt_design
Attempting to get a license for feature 'Implementation' and/or device 'xc7z020'
INFO: [Common 17-349] Got license for feature 'Implementation' and/or device 'xc7z020'

Starting Initial Update Timing Task

Time (s): cpu = 00:00:01 ; elapsed = 00:00:00.598 . Memory (MB): peak = 2301.023 ; gain = 0.000
INFO: [Vivado_Tcl 4-2279] Estimated Timing Summary | WNS= 0.552 | TNS= 0.000 | 
INFO: [Vivado_Tcl 4-383] Design worst setup slack (WNS) is greater than or equal to 0.000 ns. All physical synthesis setup optimizations will be skipped.
INFO: [Vivado_Tcl 4-232] No setup violation found. The netlist was not modified.
INFO: [Common 17-83] Releasing license: Implementation
99 Infos, 103 Warnings, 0 Critical Warnings and 0 Errors encountered.
phys_opt_design completed successfully
INFO: [Timing 38-480] Writing timing data to binary archive.
Write ShapeDB Complete: Time (s): cpu = 00:00:00 ; elapsed = 00:00:00.023 . Memory (MB): peak = 2301.023 ; gain = 0.000
Wrote PlaceDB: Time (s): cpu = 00:00:01 ; elapsed = 00:00:00.306 . Memory (MB): peak = 2301.023 ; gain = 0.000
Wrote PulsedLatchDB: Time (s): cpu = 00:00:00 ; elapsed = 00:00:00 . Memory (MB): peak = 2301.023 ; gain = 0.000
Writing XDEF routing.
Writing XDEF routing logical nets.
Writing XDEF routing special nets.
Wrote RouteStorage: Time (s): cpu = 00:00:00 ; elapsed = 00:00:00.026 . Memory (MB): peak = 2301.023 ; gain = 0.000
Wrote Netlist Cache: Time (s): cpu = 00:00:00 ; elapsed = 00:00:00.007 . Memory (MB): peak = 2301.023 ; gain = 0.000
Wrote Device Cache: Time (s): cpu = 00:00:00 ; elapsed = 00:00:00.012 . Memory (MB): peak = 2301.023 ; gain = 0.000
Write Physdb Complete: Time (s): cpu = 00:00:01 ; elapsed = 00:00:00.361 . Memory (MB): peak = 2301.023 ; gain = 0.000
INFO: [Common 17-1381] The checkpoint 'C:/Users/jaeho/junior_fall/hardware/proj3/playground/playground.runs/impl_1/design_1_wrapper_physopt.dcp' has been generated.
Command: route_design
Attempting to get a license for feature 'Implementation' and/or device 'xc7z020'
INFO: [Common 17-349] Got license for feature 'Implementation' and/or device 'xc7z020'
Running DRC as a precondition to command route_design
INFO: [DRC 23-27] Running DRC with 2 threads
INFO: [Vivado_Tcl 4-198] DRC finished with 0 Errors
INFO: [Vivado_Tcl 4-199] Please refer to the DRC report (report_drc) for more information.


Starting Routing Task
INFO: [Route 35-254] Multithreading enabled for route_design using a maximum of 8 CPUs

Phase 1 Build RT Design
Checksum: PlaceDB: 1ed0af1a ConstDB: 0 ShapeSum: e36795e7 RouteDB: 15f972f0
Post Restoration Checksum: NetGraph: c61ab2fb | NumContArr: 3fcca6ab | Constraints: c2a8fa9d | Timing: c2a8fa9d
Phase 1 Build RT Design | Checksum: 28b394ee0

Time (s): cpu = 00:00:18 ; elapsed = 00:00:17 . Memory (MB): peak = 2374.008 ; gain = 72.984

Phase 2 Router Initialization

Phase 2.1 Fix Topology Constraints
Phase 2.1 Fix Topology Constraints | Checksum: 28b394ee0

Time (s): cpu = 00:00:18 ; elapsed = 00:00:17 . Memory (MB): peak = 2374.008 ; gain = 72.984

Phase 2.2 Pre Route Cleanup
Phase 2.2 Pre Route Cleanup | Checksum: 28b394ee0

Time (s): cpu = 00:00:18 ; elapsed = 00:00:17 . Memory (MB): peak = 2374.008 ; gain = 72.984
 Number of Nodes with overlaps = 0

Phase 2.3 Update Timing
Phase 2.3 Update Timing | Checksum: 21e9c0846

Time (s): cpu = 00:00:20 ; elapsed = 00:00:19 . Memory (MB): peak = 2442.953 ; gain = 141.930
INFO: [Route 35-416] Intermediate Timing Summary | WNS=0.629  | TNS=0.000  | WHS=-0.329 | THS=-103.057|


Router Utilization Summary
  Global Vertical Routing Utilization    = 0 %
  Global Horizontal Routing Utilization  = 0 %
  Routable Net Status*
  *Does not include unroutable nets such as driverless and loadless.
  Run report_route_status for detailed report.
  Number of Failed Nets               = 4454
    (Failed Nets is the sum of unrouted and partially routed nets)
  Number of Unrouted Nets             = 4454
  Number of Partially Routed Nets     = 0
  Number of Node Overlaps             = 0

Phase 2 Router Initialization | Checksum: 26dc19f8a

Time (s): cpu = 00:00:21 ; elapsed = 00:00:19 . Memory (MB): peak = 2449.805 ; gain = 148.781

Phase 3 Global Routing
Phase 3 Global Routing | Checksum: 26dc19f8a

Time (s): cpu = 00:00:21 ; elapsed = 00:00:19 . Memory (MB): peak = 2449.805 ; gain = 148.781

Phase 4 Initial Routing

Phase 4.1 Initial Net Routing Pass
Phase 4.1 Initial Net Routing Pass | Checksum: 272ecdba3

Time (s): cpu = 00:00:22 ; elapsed = 00:00:19 . Memory (MB): peak = 2449.805 ; gain = 148.781
Phase 4 Initial Routing | Checksum: 272ecdba3

Time (s): cpu = 00:00:22 ; elapsed = 00:00:19 . Memory (MB): peak = 2449.805 ; gain = 148.781

Phase 5 Rip-up And Reroute

Phase 5.1 Global Iteration 0
 Number of Nodes with overlaps = 442
 Number of Nodes with overlaps = 81
 Number of Nodes with overlaps = 33
 Number of Nodes with overlaps = 15
 Number of Nodes with overlaps = 8
 Number of Nodes with overlaps = 6
 Number of Nodes with overlaps = 5
 Number of Nodes with overlaps = 2
 Number of Nodes with overlaps = 1
 Number of Nodes with overlaps = 0
INFO: [Route 35-416] Intermediate Timing Summary | WNS=0.670  | TNS=0.000  | WHS=N/A    | THS=N/A    |

Phase 5.1 Global Iteration 0 | Checksum: 2cb762473

Time (s): cpu = 00:00:25 ; elapsed = 00:00:21 . Memory (MB): peak = 2449.805 ; gain = 148.781

Phase 5.2 Global Iteration 1
 Number of Nodes with overlaps = 0
INFO: [Route 35-416] Intermediate Timing Summary | WNS=0.670  | TNS=0.000  | WHS=N/A    | THS=N/A    |

Phase 5.2 Global Iteration 1 | Checksum: 154fa9db7

Time (s): cpu = 00:00:25 ; elapsed = 00:00:22 . Memory (MB): peak = 2449.805 ; gain = 148.781
Phase 5 Rip-up And Reroute | Checksum: 154fa9db7

Time (s): cpu = 00:00:25 ; elapsed = 00:00:22 . Memory (MB): peak = 2449.805 ; gain = 148.781

Phase 6 Delay and Skew Optimization

Phase 6.1 Delay CleanUp

Phase 6.1.1 Update Timing
Phase 6.1.1 Update Timing | Checksum: 165a68f3c

Time (s): cpu = 00:00:26 ; elapsed = 00:00:22 . Memory (MB): peak = 2449.805 ; gain = 148.781
INFO: [Route 35-416] Intermediate Timing Summary | WNS=0.670  | TNS=0.000  | WHS=N/A    | THS=N/A    |

Phase 6.1 Delay CleanUp | Checksum: 165a68f3c

Time (s): cpu = 00:00:26 ; elapsed = 00:00:22 . Memory (MB): peak = 2449.805 ; gain = 148.781

Phase 6.2 Clock Skew Optimization
Phase 6.2 Clock Skew Optimization | Checksum: 165a68f3c

Time (s): cpu = 00:00:26 ; elapsed = 00:00:22 . Memory (MB): peak = 2449.805 ; gain = 148.781
Phase 6 Delay and Skew Optimization | Checksum: 165a68f3c

Time (s): cpu = 00:00:26 ; elapsed = 00:00:22 . Memory (MB): peak = 2449.805 ; gain = 148.781

Phase 7 Post Hold Fix

Phase 7.1 Hold Fix Iter
INFO: [Route 35-416] Intermediate Timing Summary | WNS=0.670  | TNS=0.000  | WHS=0.011  | THS=0.000  |

Phase 7.1 Hold Fix Iter | Checksum: 12485ea1d

Time (s): cpu = 00:00:26 ; elapsed = 00:00:22 . Memory (MB): peak = 2449.805 ; gain = 148.781
Phase 7 Post Hold Fix | Checksum: 12485ea1d

Time (s): cpu = 00:00:26 ; elapsed = 00:00:22 . Memory (MB): peak = 2449.805 ; gain = 148.781

Phase 8 Route finalize

Router Utilization Summary
  Global Vertical Routing Utilization    = 0.736409 %
  Global Horizontal Routing Utilization  = 0.957573 %
  Routable Net Status*
  *Does not include unroutable nets such as driverless and loadless.
  Run report_route_status for detailed report.
  Number of Failed Nets               = 0
    (Failed Nets is the sum of unrouted and partially routed nets)
  Number of Unrouted Nets             = 0
  Number of Partially Routed Nets     = 0
  Number of Node Overlaps             = 0

Phase 8 Route finalize | Checksum: 12485ea1d

Time (s): cpu = 00:00:26 ; elapsed = 00:00:22 . Memory (MB): peak = 2449.805 ; gain = 148.781

Phase 9 Verifying routed nets

 Verification completed successfully
Phase 9 Verifying routed nets | Checksum: 12485ea1d

Time (s): cpu = 00:00:26 ; elapsed = 00:00:22 . Memory (MB): peak = 2449.805 ; gain = 148.781

Phase 10 Depositing Routes
Phase 10 Depositing Routes | Checksum: 19c13ebec

Time (s): cpu = 00:00:26 ; elapsed = 00:00:22 . Memory (MB): peak = 2449.805 ; gain = 148.781

Phase 11 Post Process Routing
Phase 11 Post Process Routing | Checksum: 19c13ebec

Time (s): cpu = 00:00:26 ; elapsed = 00:00:22 . Memory (MB): peak = 2449.805 ; gain = 148.781

Phase 12 Post Router Timing
INFO: [Route 35-57] Estimated Timing Summary | WNS=0.670  | TNS=0.000  | WHS=0.011  | THS=0.000  |

INFO: [Route 35-327] The final timing numbers are based on the router estimated timing analysis. For a complete and accurate timing signoff, please run report_timing_summary.
Phase 12 Post Router Timing | Checksum: 19c13ebec

Time (s): cpu = 00:00:26 ; elapsed = 00:00:22 . Memory (MB): peak = 2449.805 ; gain = 148.781
Total Elapsed time in route_design: 22.124 secs

Phase 13 Post-Route Event Processing
Phase 13 Post-Route Event Processing | Checksum: 1f1688c5d

Time (s): cpu = 00:00:26 ; elapsed = 00:00:22 . Memory (MB): peak = 2449.805 ; gain = 148.781
INFO: [Route 35-16] Router Completed Successfully
Ending Routing Task | Checksum: 1f1688c5d

Time (s): cpu = 00:00:26 ; elapsed = 00:00:22 . Memory (MB): peak = 2449.805 ; gain = 148.781

Routing Is Done.
INFO: [Common 17-83] Releasing license: Implementation
115 Infos, 103 Warnings, 0 Critical Warnings and 0 Errors encountered.
route_design completed successfully
route_design: Time (s): cpu = 00:00:27 ; elapsed = 00:00:23 . Memory (MB): peak = 2449.805 ; gain = 148.781
INFO: [Vivado 12-24828] Executing command : report_drc -file design_1_wrapper_drc_routed.rpt -pb design_1_wrapper_drc_routed.pb -rpx design_1_wrapper_drc_routed.rpx
Command: report_drc -file design_1_wrapper_drc_routed.rpt -pb design_1_wrapper_drc_routed.pb -rpx design_1_wrapper_drc_routed.rpx
INFO: [IP_Flow 19-1839] IP Catalog is up to date.
INFO: [DRC 23-27] Running DRC with 2 threads
INFO: [Vivado_Tcl 2-168] The results of DRC are in file C:/Users/jaeho/junior_fall/hardware/proj3/playground/playground.runs/impl_1/design_1_wrapper_drc_routed.rpt.
report_drc completed successfully
INFO: [Vivado 12-24828] Executing command : report_methodology -file design_1_wrapper_methodology_drc_routed.rpt -pb design_1_wrapper_methodology_drc_routed.pb -rpx design_1_wrapper_methodology_drc_routed.rpx
Command: report_methodology -file design_1_wrapper_methodology_drc_routed.rpt -pb design_1_wrapper_methodology_drc_routed.pb -rpx design_1_wrapper_methodology_drc_routed.rpx
INFO: [Timing 38-35] Done setting XDC timing constraints.
INFO: [DRC 23-133] Running Methodology with 2 threads
INFO: [Vivado_Tcl 2-1520] The results of Report Methodology are in file C:/Users/jaeho/junior_fall/hardware/proj3/playground/playground.runs/impl_1/design_1_wrapper_methodology_drc_routed.rpt.
report_methodology completed successfully
INFO: [Vivado 12-24828] Executing command : report_timing_summary -max_paths 10 -report_unconstrained -file design_1_wrapper_timing_summary_routed.rpt -pb design_1_wrapper_timing_summary_routed.pb -rpx design_1_wrapper_timing_summary_routed.rpx -warn_on_violation 
INFO: [Timing 38-35] Done setting XDC timing constraints.
INFO: [Timing 38-91] UpdateTimingParams: Speed grade: -1, Delay Type: min_max.
INFO: [Timing 38-191] Multithreading enabled for timing update using a maximum of 2 CPUs
INFO: [Vivado 12-24838] Running report commands "report_incremental_reuse, report_route_status" in parallel.
Running report generation with 2 threads.
INFO: [Vivado 12-24828] Executing command : report_incremental_reuse -file design_1_wrapper_incremental_reuse_routed.rpt
INFO: [Vivado_Tcl 4-1062] Incremental flow is disabled. No incremental reuse Info to report.
INFO: [Vivado 12-24828] Executing command : report_route_status -file design_1_wrapper_route_status.rpt -pb design_1_wrapper_route_status.pb
INFO: [Vivado 12-24828] Executing command : report_power -file design_1_wrapper_power_routed.rpt -pb design_1_wrapper_power_summary_routed.pb -rpx design_1_wrapper_power_routed.rpx
Command: report_power -file design_1_wrapper_power_routed.rpt -pb design_1_wrapper_power_summary_routed.pb -rpx design_1_wrapper_power_routed.rpx
Running Vector-less Activity Propagation...

Finished Running Vector-less Activity Propagation
WARNING: [Power 33-332] Found switching activity that implies high-fanout reset nets being asserted for excessive periods of time which may result in inaccurate power analysis.
Resolution: To review and fix problems, please run Power Constraints Advisor in the GUI from Tools > Power Constraints Advisor or run report_power with the -advisory option to generate a text report.
132 Infos, 104 Warnings, 0 Critical Warnings and 0 Errors encountered.
report_power completed successfully
INFO: [Vivado 12-24828] Executing command : report_clock_utilization -file design_1_wrapper_clock_utilization_routed.rpt
WARNING: [Device 21-9320] Failed to find the Oracle tile group with name 'HSR_BOUNDARY_TOP'. This is required for Clock regions and Virtual grid.
WARNING: [Device 21-2174] Failed to initialize Virtual grid.
INFO: [Vivado 12-24828] Executing command : report_bus_skew -warn_on_violation -file design_1_wrapper_bus_skew_routed.rpt -pb design_1_wrapper_bus_skew_routed.pb -rpx design_1_wrapper_bus_skew_routed.rpx
INFO: [Timing 38-91] UpdateTimingParams: Speed grade: -1, Delay Type: min_max.
INFO: [Timing 38-191] Multithreading enabled for timing update using a maximum of 2 CPUs
generate_parallel_reports: Time (s): cpu = 00:00:08 ; elapsed = 00:00:05 . Memory (MB): peak = 2449.805 ; gain = 0.000
INFO: [Timing 38-480] Writing timing data to binary archive.
Write ShapeDB Complete: Time (s): cpu = 00:00:00 ; elapsed = 00:00:00.024 . Memory (MB): peak = 2449.805 ; gain = 0.000
Wrote PlaceDB: Time (s): cpu = 00:00:01 ; elapsed = 00:00:00.303 . Memory (MB): peak = 2449.805 ; gain = 0.000
Wrote PulsedLatchDB: Time (s): cpu = 00:00:00 ; elapsed = 00:00:00 . Memory (MB): peak = 2449.805 ; gain = 0.000
Writing XDEF routing.
Writing XDEF routing logical nets.
Writing XDEF routing special nets.
Wrote RouteStorage: Time (s): cpu = 00:00:01 ; elapsed = 00:00:00.071 . Memory (MB): peak = 2449.805 ; gain = 0.000
Wrote Netlist Cache: Time (s): cpu = 00:00:00 ; elapsed = 00:00:00.008 . Memory (MB): peak = 2449.805 ; gain = 0.000
Wrote Device Cache: Time (s): cpu = 00:00:00 ; elapsed = 00:00:00.012 . Memory (MB): peak = 2449.805 ; gain = 0.000
Write Physdb Complete: Time (s): cpu = 00:00:02 ; elapsed = 00:00:00.406 . Memory (MB): peak = 2449.805 ; gain = 0.000
INFO: [Common 17-1381] The checkpoint 'C:/Users/jaeho/junior_fall/hardware/proj3/playground/playground.runs/impl_1/design_1_wrapper_routed.dcp' has been generated.
INFO: [Common 17-206] Exiting Vivado at Fri Dec 13 14:29:00 2024...
