15:37:00 INFO  : Registering command handlers for SDK TCF services
15:37:01 INFO  : Launching XSCT server: xsct -n -interactive /afs/ee.cooper.edu/user/a/alvee.ahmed/aahmed_oled/aahmed_oled.sdk/temp_xsdb_launch_script.tcl
15:37:03 INFO  : XSCT server has started successfully.
15:37:03 INFO  : Successfully done setting XSCT server connection channel  
15:37:03 INFO  : Processing command line option -hwspec /afs/ee.cooper.edu/user/a/alvee.ahmed/aahmed_oled/aahmed_oled.sdk/design_1_wrapper.hdf.
15:37:03 INFO  : Successfully done setting SDK workspace  
15:44:17 INFO  : Connected to target on host '127.0.0.1' and port '3121'.
15:44:18 INFO  : 'targets -set -filter {jtag_cable_name =~ "Digilent Zed 210248686034" && level==0} -index 1' command is executed.
15:44:20 INFO  : FPGA configured successfully with bitstream "/afs/ee.cooper.edu/user/a/alvee.ahmed/aahmed_oled/aahmed_oled.sdk/design_1_wrapper_hw_platform_0/design_1_wrapper.bit"
15:44:58 INFO  : 'targets -set -filter {jtag_cable_name =~ "Digilent Zed 210248686034" && level==0} -index 1' command is executed.
15:44:58 INFO  : 'fpga -state' command is executed.
15:44:58 INFO  : Connected to target on host '127.0.0.1' and port '3121'.
15:44:59 INFO  : Jtag cable 'Digilent Zed 210248686034' is selected.
15:44:59 INFO  : 'jtag frequency' command is executed.
15:44:59 INFO  : Sourcing of '/afs/ee.cooper.edu/user/a/alvee.ahmed/aahmed_oled/aahmed_oled.sdk/design_1_wrapper_hw_platform_0/ps7_init.tcl' is done.
15:44:59 INFO  : Context for 'APU' is selected.
15:44:59 INFO  : Hardware design information is loaded from '/afs/ee.cooper.edu/user/a/alvee.ahmed/aahmed_oled/aahmed_oled.sdk/design_1_wrapper_hw_platform_0/system.hdf'.
15:44:59 INFO  : 'configparams force-mem-access 1' command is executed.
15:44:59 INFO  : Context for 'APU' is selected.
15:44:59 INFO  : 'stop' command is executed.
15:45:00 INFO  : 'ps7_init' command is executed.
15:45:00 INFO  : 'ps7_post_config' command is executed.
15:45:00 INFO  : 'configparams force-mem-access 0' command is executed.
15:45:00 INFO  : ----------------XSDB Script----------------
connect -url tcp:127.0.0.1:3121
source /afs/ee.cooper.edu/user/a/alvee.ahmed/aahmed_oled/aahmed_oled.sdk/design_1_wrapper_hw_platform_0/ps7_init.tcl
targets -set -nocase -filter {name =~"APU*" && jtag_cable_name =~ "Digilent Zed 210248686034"} -index 0
loadhw -hw /afs/ee.cooper.edu/user/a/alvee.ahmed/aahmed_oled/aahmed_oled.sdk/design_1_wrapper_hw_platform_0/system.hdf -mem-ranges [list {0x40000000 0xbfffffff}]
configparams force-mem-access 1
targets -set -nocase -filter {name =~"APU*" && jtag_cable_name =~ "Digilent Zed 210248686034"} -index 0
stop
ps7_init
ps7_post_config
configparams force-mem-access 0
----------------End of Script----------------

15:45:00 INFO  : Disconnected from the channel tcfchan#1.
15:45:54 INFO  : Connected to target on host '127.0.0.1' and port '3121'.
15:45:54 INFO  : 'targets -set -filter {jtag_cable_name =~ "Digilent Zed 210248686034" && level==0} -index 1' command is executed.
15:45:57 INFO  : FPGA configured successfully with bitstream "/afs/ee.cooper.edu/user/a/alvee.ahmed/aahmed_oled/aahmed_oled.sdk/design_1_wrapper_hw_platform_0/design_1_wrapper.bit"
15:52:08 INFO  : Connected to target on host '127.0.0.1' and port '3121'.
15:52:08 INFO  : 'targets -set -filter {jtag_cable_name =~ "Digilent Zed 210248686034" && level==0} -index 1' command is executed.
15:52:11 INFO  : FPGA configured successfully with bitstream "/afs/ee.cooper.edu/user/a/alvee.ahmed/aahmed_oled/aahmed_oled.sdk/design_1_wrapper_hw_platform_0/design_1_wrapper.bit"
15:52:35 INFO  : 'targets -set -filter {jtag_cable_name =~ "Digilent Zed 210248686034" && level==0} -index 1' command is executed.
15:52:35 INFO  : 'fpga -state' command is executed.
15:52:35 INFO  : Connected to target on host '127.0.0.1' and port '3121'.
15:52:36 INFO  : Jtag cable 'Digilent Zed 210248686034' is selected.
15:52:36 INFO  : 'jtag frequency' command is executed.
15:52:36 INFO  : Sourcing of '/afs/ee.cooper.edu/user/a/alvee.ahmed/aahmed_oled/aahmed_oled.sdk/design_1_wrapper_hw_platform_0/ps7_init.tcl' is done.
15:52:36 INFO  : Context for 'APU' is selected.
15:52:36 INFO  : Hardware design information is loaded from '/afs/ee.cooper.edu/user/a/alvee.ahmed/aahmed_oled/aahmed_oled.sdk/design_1_wrapper_hw_platform_0/system.hdf'.
15:52:36 INFO  : 'configparams force-mem-access 1' command is executed.
15:52:36 INFO  : Context for 'APU' is selected.
15:52:36 INFO  : 'stop' command is executed.
15:52:36 INFO  : 'ps7_init' command is executed.
15:52:36 INFO  : 'ps7_post_config' command is executed.
15:52:36 INFO  : 'configparams force-mem-access 0' command is executed.
15:52:36 INFO  : ----------------XSDB Script----------------
connect -url tcp:127.0.0.1:3121
source /afs/ee.cooper.edu/user/a/alvee.ahmed/aahmed_oled/aahmed_oled.sdk/design_1_wrapper_hw_platform_0/ps7_init.tcl
targets -set -nocase -filter {name =~"APU*" && jtag_cable_name =~ "Digilent Zed 210248686034"} -index 0
loadhw -hw /afs/ee.cooper.edu/user/a/alvee.ahmed/aahmed_oled/aahmed_oled.sdk/design_1_wrapper_hw_platform_0/system.hdf -mem-ranges [list {0x40000000 0xbfffffff}]
configparams force-mem-access 1
targets -set -nocase -filter {name =~"APU*" && jtag_cable_name =~ "Digilent Zed 210248686034"} -index 0
stop
ps7_init
ps7_post_config
configparams force-mem-access 0
----------------End of Script----------------

15:52:36 INFO  : Disconnected from the channel tcfchan#2.
15:56:09 INFO  : Connected to target on host '127.0.0.1' and port '3121'.
15:56:09 INFO  : 'targets -set -filter {jtag_cable_name =~ "Digilent Zed 210248686034" && level==0} -index 1' command is executed.
15:56:11 INFO  : FPGA configured successfully with bitstream "/afs/ee.cooper.edu/user/a/alvee.ahmed/aahmed_oled/aahmed_oled.sdk/design_1_wrapper_hw_platform_0/design_1_wrapper.bit"
15:56:54 INFO  : 'targets -set -filter {jtag_cable_name =~ "Digilent Zed 210248686034" && level==0} -index 1' command is executed.
15:56:54 INFO  : 'fpga -state' command is executed.
15:56:54 INFO  : Connected to target on host '127.0.0.1' and port '3121'.
15:56:55 INFO  : Jtag cable 'Digilent Zed 210248686034' is selected.
15:56:55 INFO  : 'jtag frequency' command is executed.
15:56:55 INFO  : Sourcing of '/afs/ee.cooper.edu/user/a/alvee.ahmed/aahmed_oled/aahmed_oled.sdk/design_1_wrapper_hw_platform_0/ps7_init.tcl' is done.
15:56:55 INFO  : Context for 'APU' is selected.
15:56:55 INFO  : Hardware design information is loaded from '/afs/ee.cooper.edu/user/a/alvee.ahmed/aahmed_oled/aahmed_oled.sdk/design_1_wrapper_hw_platform_0/system.hdf'.
15:56:55 INFO  : 'configparams force-mem-access 1' command is executed.
15:56:55 INFO  : Context for 'APU' is selected.
15:56:55 INFO  : 'stop' command is executed.
15:56:55 INFO  : 'ps7_init' command is executed.
15:56:55 INFO  : 'ps7_post_config' command is executed.
15:56:55 INFO  : 'configparams force-mem-access 0' command is executed.
15:56:55 INFO  : ----------------XSDB Script----------------
connect -url tcp:127.0.0.1:3121
source /afs/ee.cooper.edu/user/a/alvee.ahmed/aahmed_oled/aahmed_oled.sdk/design_1_wrapper_hw_platform_0/ps7_init.tcl
targets -set -nocase -filter {name =~"APU*" && jtag_cable_name =~ "Digilent Zed 210248686034"} -index 0
loadhw -hw /afs/ee.cooper.edu/user/a/alvee.ahmed/aahmed_oled/aahmed_oled.sdk/design_1_wrapper_hw_platform_0/system.hdf -mem-ranges [list {0x40000000 0xbfffffff}]
configparams force-mem-access 1
targets -set -nocase -filter {name =~"APU*" && jtag_cable_name =~ "Digilent Zed 210248686034"} -index 0
stop
ps7_init
ps7_post_config
configparams force-mem-access 0
----------------End of Script----------------

15:56:55 INFO  : Disconnected from the channel tcfchan#3.
15:57:55 INFO  : Connected to target on host '127.0.0.1' and port '3121'.
15:57:56 INFO  : 'targets -set -filter {jtag_cable_name =~ "Digilent Zed 210248686034" && level==0} -index 1' command is executed.
15:57:58 INFO  : FPGA configured successfully with bitstream "/afs/ee.cooper.edu/user/a/alvee.ahmed/aahmed_oled/aahmed_oled.sdk/design_1_wrapper_hw_platform_0/design_1_wrapper.bit"
15:58:08 INFO  : 'targets -set -filter {jtag_cable_name =~ "Digilent Zed 210248686034" && level==0} -index 1' command is executed.
15:58:08 INFO  : 'fpga -state' command is executed.
15:58:09 INFO  : Connected to target on host '127.0.0.1' and port '3121'.
15:58:09 INFO  : Jtag cable 'Digilent Zed 210248686034' is selected.
15:58:09 INFO  : 'jtag frequency' command is executed.
15:58:09 INFO  : Sourcing of '/afs/ee.cooper.edu/user/a/alvee.ahmed/aahmed_oled/aahmed_oled.sdk/design_1_wrapper_hw_platform_0/ps7_init.tcl' is done.
15:58:09 INFO  : Context for 'APU' is selected.
15:58:09 INFO  : Hardware design information is loaded from '/afs/ee.cooper.edu/user/a/alvee.ahmed/aahmed_oled/aahmed_oled.sdk/design_1_wrapper_hw_platform_0/system.hdf'.
15:58:09 INFO  : 'configparams force-mem-access 1' command is executed.
15:58:09 INFO  : Context for 'APU' is selected.
15:58:10 INFO  : 'stop' command is executed.
15:58:10 INFO  : 'ps7_init' command is executed.
15:58:10 INFO  : 'ps7_post_config' command is executed.
15:58:10 INFO  : Context for processor 'ps7_cortexa9_0' is selected.
15:58:10 INFO  : Processor reset is completed for 'ps7_cortexa9_0'.
15:58:10 INFO  : Context for processor 'ps7_cortexa9_0' is selected.
15:58:10 INFO  : The application '/afs/ee.cooper.edu/user/a/alvee.ahmed/aahmed_oled/aahmed_oled.sdk/oled_test/Debug/oled_test.elf' is downloaded to processor 'ps7_cortexa9_0'.
15:58:11 INFO  : 'configparams force-mem-access 0' command is executed.
15:58:11 INFO  : ----------------XSDB Script----------------
connect -url tcp:127.0.0.1:3121
source /afs/ee.cooper.edu/user/a/alvee.ahmed/aahmed_oled/aahmed_oled.sdk/design_1_wrapper_hw_platform_0/ps7_init.tcl
targets -set -nocase -filter {name =~"APU*" && jtag_cable_name =~ "Digilent Zed 210248686034"} -index 0
loadhw -hw /afs/ee.cooper.edu/user/a/alvee.ahmed/aahmed_oled/aahmed_oled.sdk/design_1_wrapper_hw_platform_0/system.hdf -mem-ranges [list {0x40000000 0xbfffffff}]
configparams force-mem-access 1
targets -set -nocase -filter {name =~"APU*" && jtag_cable_name =~ "Digilent Zed 210248686034"} -index 0
stop
ps7_init
ps7_post_config
targets -set -nocase -filter {name =~ "ARM*#0" && jtag_cable_name =~ "Digilent Zed 210248686034"} -index 0
rst -processor
targets -set -nocase -filter {name =~ "ARM*#0" && jtag_cable_name =~ "Digilent Zed 210248686034"} -index 0
dow /afs/ee.cooper.edu/user/a/alvee.ahmed/aahmed_oled/aahmed_oled.sdk/oled_test/Debug/oled_test.elf
configparams force-mem-access 0
----------------End of Script----------------

15:58:11 INFO  : Context for processor 'ps7_cortexa9_0' is selected.
15:58:11 INFO  : 'con' command is executed.
15:58:11 INFO  : ----------------XSDB Script (After Launch)----------------
targets -set -nocase -filter {name =~ "ARM*#0" && jtag_cable_name =~ "Digilent Zed 210248686034"} -index 0
con
----------------End of Script----------------

15:58:11 INFO  : Disconnected from the channel tcfchan#4.
16:03:03 INFO  : Connected to target on host '127.0.0.1' and port '3121'.
16:03:04 INFO  : 'targets -set -filter {jtag_cable_name =~ "Digilent Zed 210248686034" && level==0} -index 1' command is executed.
16:03:06 INFO  : FPGA configured successfully with bitstream "/afs/ee.cooper.edu/user/a/alvee.ahmed/aahmed_oled/aahmed_oled.sdk/design_1_wrapper_hw_platform_0/design_1_wrapper.bit"
16:03:29 INFO  : 'targets -set -filter {jtag_cable_name =~ "Digilent Zed 210248686034" && level==0} -index 1' command is executed.
16:03:29 INFO  : 'fpga -state' command is executed.
16:03:29 INFO  : Connected to target on host '127.0.0.1' and port '3121'.
16:03:30 INFO  : Jtag cable 'Digilent Zed 210248686034' is selected.
16:03:30 INFO  : 'jtag frequency' command is executed.
16:03:30 INFO  : Sourcing of '/afs/ee.cooper.edu/user/a/alvee.ahmed/aahmed_oled/aahmed_oled.sdk/design_1_wrapper_hw_platform_0/ps7_init.tcl' is done.
16:03:30 INFO  : Context for 'APU' is selected.
16:03:30 INFO  : Hardware design information is loaded from '/afs/ee.cooper.edu/user/a/alvee.ahmed/aahmed_oled/aahmed_oled.sdk/design_1_wrapper_hw_platform_0/system.hdf'.
16:03:30 INFO  : 'configparams force-mem-access 1' command is executed.
16:03:30 INFO  : Context for 'APU' is selected.
16:03:30 INFO  : 'stop' command is executed.
16:03:31 INFO  : 'ps7_init' command is executed.
16:03:31 INFO  : 'ps7_post_config' command is executed.
16:03:31 INFO  : Context for processor 'ps7_cortexa9_0' is selected.
16:03:31 INFO  : Processor reset is completed for 'ps7_cortexa9_0'.
16:03:31 INFO  : Context for processor 'ps7_cortexa9_0' is selected.
16:03:31 INFO  : The application '/afs/ee.cooper.edu/user/a/alvee.ahmed/aahmed_oled/aahmed_oled.sdk/oled_test/Debug/oled_test.elf' is downloaded to processor 'ps7_cortexa9_0'.
16:03:31 INFO  : 'configparams force-mem-access 0' command is executed.
16:03:31 INFO  : ----------------XSDB Script----------------
connect -url tcp:127.0.0.1:3121
source /afs/ee.cooper.edu/user/a/alvee.ahmed/aahmed_oled/aahmed_oled.sdk/design_1_wrapper_hw_platform_0/ps7_init.tcl
targets -set -nocase -filter {name =~"APU*" && jtag_cable_name =~ "Digilent Zed 210248686034"} -index 0
loadhw -hw /afs/ee.cooper.edu/user/a/alvee.ahmed/aahmed_oled/aahmed_oled.sdk/design_1_wrapper_hw_platform_0/system.hdf -mem-ranges [list {0x40000000 0xbfffffff}]
configparams force-mem-access 1
targets -set -nocase -filter {name =~"APU*" && jtag_cable_name =~ "Digilent Zed 210248686034"} -index 0
stop
ps7_init
ps7_post_config
targets -set -nocase -filter {name =~ "ARM*#0" && jtag_cable_name =~ "Digilent Zed 210248686034"} -index 0
rst -processor
targets -set -nocase -filter {name =~ "ARM*#0" && jtag_cable_name =~ "Digilent Zed 210248686034"} -index 0
dow /afs/ee.cooper.edu/user/a/alvee.ahmed/aahmed_oled/aahmed_oled.sdk/oled_test/Debug/oled_test.elf
configparams force-mem-access 0
----------------End of Script----------------

16:03:31 INFO  : Context for processor 'ps7_cortexa9_0' is selected.
16:03:31 INFO  : 'con' command is executed.
16:03:31 INFO  : ----------------XSDB Script (After Launch)----------------
targets -set -nocase -filter {name =~ "ARM*#0" && jtag_cable_name =~ "Digilent Zed 210248686034"} -index 0
con
----------------End of Script----------------

16:03:31 INFO  : Disconnected from the channel tcfchan#5.
16:04:56 INFO  : Connected to target on host '127.0.0.1' and port '3121'.
16:04:57 INFO  : 'targets -set -filter {jtag_cable_name =~ "Digilent Zed 210248686034" && level==0} -index 1' command is executed.
16:04:59 INFO  : FPGA configured successfully with bitstream "/afs/ee.cooper.edu/user/a/alvee.ahmed/aahmed_oled/aahmed_oled.sdk/design_1_wrapper_hw_platform_0/design_1_wrapper.bit"
16:05:07 INFO  : 'targets -set -filter {jtag_cable_name =~ "Digilent Zed 210248686034" && level==0} -index 1' command is executed.
16:05:08 INFO  : 'fpga -state' command is executed.
16:05:08 INFO  : Connected to target on host '127.0.0.1' and port '3121'.
16:05:08 INFO  : Jtag cable 'Digilent Zed 210248686034' is selected.
16:05:08 INFO  : 'jtag frequency' command is executed.
16:05:08 INFO  : Sourcing of '/afs/ee.cooper.edu/user/a/alvee.ahmed/aahmed_oled/aahmed_oled.sdk/design_1_wrapper_hw_platform_0/ps7_init.tcl' is done.
16:05:09 INFO  : Context for 'APU' is selected.
16:05:09 INFO  : Hardware design information is loaded from '/afs/ee.cooper.edu/user/a/alvee.ahmed/aahmed_oled/aahmed_oled.sdk/design_1_wrapper_hw_platform_0/system.hdf'.
16:05:09 INFO  : 'configparams force-mem-access 1' command is executed.
16:05:09 INFO  : Context for 'APU' is selected.
16:05:09 INFO  : 'stop' command is executed.
16:05:09 INFO  : 'ps7_init' command is executed.
16:05:09 INFO  : 'ps7_post_config' command is executed.
16:05:09 INFO  : Context for processor 'ps7_cortexa9_0' is selected.
16:05:09 INFO  : Processor reset is completed for 'ps7_cortexa9_0'.
16:05:09 INFO  : Context for processor 'ps7_cortexa9_0' is selected.
16:05:09 INFO  : The application '/afs/ee.cooper.edu/user/a/alvee.ahmed/aahmed_oled/aahmed_oled.sdk/oled_test/Debug/oled_test.elf' is downloaded to processor 'ps7_cortexa9_0'.
16:05:09 INFO  : 'configparams force-mem-access 0' command is executed.
16:05:09 INFO  : ----------------XSDB Script----------------
connect -url tcp:127.0.0.1:3121
source /afs/ee.cooper.edu/user/a/alvee.ahmed/aahmed_oled/aahmed_oled.sdk/design_1_wrapper_hw_platform_0/ps7_init.tcl
targets -set -nocase -filter {name =~"APU*" && jtag_cable_name =~ "Digilent Zed 210248686034"} -index 0
loadhw -hw /afs/ee.cooper.edu/user/a/alvee.ahmed/aahmed_oled/aahmed_oled.sdk/design_1_wrapper_hw_platform_0/system.hdf -mem-ranges [list {0x40000000 0xbfffffff}]
configparams force-mem-access 1
targets -set -nocase -filter {name =~"APU*" && jtag_cable_name =~ "Digilent Zed 210248686034"} -index 0
stop
ps7_init
ps7_post_config
targets -set -nocase -filter {name =~ "ARM*#0" && jtag_cable_name =~ "Digilent Zed 210248686034"} -index 0
rst -processor
targets -set -nocase -filter {name =~ "ARM*#0" && jtag_cable_name =~ "Digilent Zed 210248686034"} -index 0
dow /afs/ee.cooper.edu/user/a/alvee.ahmed/aahmed_oled/aahmed_oled.sdk/oled_test/Debug/oled_test.elf
configparams force-mem-access 0
----------------End of Script----------------

16:05:10 INFO  : Context for processor 'ps7_cortexa9_0' is selected.
16:05:10 INFO  : 'con' command is executed.
16:05:10 INFO  : ----------------XSDB Script (After Launch)----------------
targets -set -nocase -filter {name =~ "ARM*#0" && jtag_cable_name =~ "Digilent Zed 210248686034"} -index 0
con
----------------End of Script----------------

16:05:10 INFO  : Disconnected from the channel tcfchan#6.
16:07:21 INFO  : Connected to target on host '127.0.0.1' and port '3121'.
16:07:21 INFO  : 'targets -set -filter {jtag_cable_name =~ "Digilent Zed 210248686034" && level==0} -index 1' command is executed.
16:07:24 INFO  : FPGA configured successfully with bitstream "/afs/ee.cooper.edu/user/a/alvee.ahmed/aahmed_oled/aahmed_oled.sdk/design_1_wrapper_hw_platform_0/design_1_wrapper.bit"
16:07:34 INFO  : 'targets -set -filter {jtag_cable_name =~ "Digilent Zed 210248686034" && level==0} -index 1' command is executed.
16:07:34 INFO  : 'fpga -state' command is executed.
16:07:34 INFO  : Connected to target on host '127.0.0.1' and port '3121'.
16:07:35 INFO  : Jtag cable 'Digilent Zed 210248686034' is selected.
16:07:35 INFO  : 'jtag frequency' command is executed.
16:07:35 INFO  : Sourcing of '/afs/ee.cooper.edu/user/a/alvee.ahmed/aahmed_oled/aahmed_oled.sdk/design_1_wrapper_hw_platform_0/ps7_init.tcl' is done.
16:07:35 INFO  : Context for 'APU' is selected.
16:07:35 INFO  : Hardware design information is loaded from '/afs/ee.cooper.edu/user/a/alvee.ahmed/aahmed_oled/aahmed_oled.sdk/design_1_wrapper_hw_platform_0/system.hdf'.
16:07:36 INFO  : 'configparams force-mem-access 1' command is executed.
16:07:36 INFO  : Context for 'APU' is selected.
16:07:36 INFO  : 'stop' command is executed.
16:07:36 INFO  : 'ps7_init' command is executed.
16:07:36 INFO  : 'ps7_post_config' command is executed.
16:07:36 INFO  : Context for processor 'ps7_cortexa9_0' is selected.
16:07:37 INFO  : Processor reset is completed for 'ps7_cortexa9_0'.
16:07:37 INFO  : Context for processor 'ps7_cortexa9_0' is selected.
16:07:37 INFO  : The application '/afs/ee.cooper.edu/user/a/alvee.ahmed/aahmed_oled/aahmed_oled.sdk/oled_test/Debug/oled_test.elf' is downloaded to processor 'ps7_cortexa9_0'.
16:07:37 INFO  : 'configparams force-mem-access 0' command is executed.
16:07:37 INFO  : ----------------XSDB Script----------------
connect -url tcp:127.0.0.1:3121
source /afs/ee.cooper.edu/user/a/alvee.ahmed/aahmed_oled/aahmed_oled.sdk/design_1_wrapper_hw_platform_0/ps7_init.tcl
targets -set -nocase -filter {name =~"APU*" && jtag_cable_name =~ "Digilent Zed 210248686034"} -index 0
loadhw -hw /afs/ee.cooper.edu/user/a/alvee.ahmed/aahmed_oled/aahmed_oled.sdk/design_1_wrapper_hw_platform_0/system.hdf -mem-ranges [list {0x40000000 0xbfffffff}]
configparams force-mem-access 1
targets -set -nocase -filter {name =~"APU*" && jtag_cable_name =~ "Digilent Zed 210248686034"} -index 0
stop
ps7_init
ps7_post_config
targets -set -nocase -filter {name =~ "ARM*#0" && jtag_cable_name =~ "Digilent Zed 210248686034"} -index 0
rst -processor
targets -set -nocase -filter {name =~ "ARM*#0" && jtag_cable_name =~ "Digilent Zed 210248686034"} -index 0
dow /afs/ee.cooper.edu/user/a/alvee.ahmed/aahmed_oled/aahmed_oled.sdk/oled_test/Debug/oled_test.elf
configparams force-mem-access 0
----------------End of Script----------------

16:07:37 INFO  : Context for processor 'ps7_cortexa9_0' is selected.
16:07:37 INFO  : 'con' command is executed.
16:07:37 INFO  : ----------------XSDB Script (After Launch)----------------
targets -set -nocase -filter {name =~ "ARM*#0" && jtag_cable_name =~ "Digilent Zed 210248686034"} -index 0
con
----------------End of Script----------------

16:07:37 INFO  : Disconnected from the channel tcfchan#7.
16:09:40 INFO  : Connected to target on host '127.0.0.1' and port '3121'.
16:09:41 INFO  : 'targets -set -filter {jtag_cable_name =~ "Digilent Zed 210248686034" && level==0} -index 1' command is executed.
16:09:43 INFO  : FPGA configured successfully with bitstream "/afs/ee.cooper.edu/user/a/alvee.ahmed/aahmed_oled/aahmed_oled.sdk/design_1_wrapper_hw_platform_0/design_1_wrapper.bit"
16:10:03 INFO  : 'targets -set -filter {jtag_cable_name =~ "Digilent Zed 210248686034" && level==0} -index 1' command is executed.
16:10:03 INFO  : 'fpga -state' command is executed.
16:10:03 INFO  : Connected to target on host '127.0.0.1' and port '3121'.
16:10:04 INFO  : Jtag cable 'Digilent Zed 210248686034' is selected.
16:10:04 INFO  : 'jtag frequency' command is executed.
16:10:04 INFO  : Sourcing of '/afs/ee.cooper.edu/user/a/alvee.ahmed/aahmed_oled/aahmed_oled.sdk/design_1_wrapper_hw_platform_0/ps7_init.tcl' is done.
16:10:04 INFO  : Context for 'APU' is selected.
16:10:04 INFO  : Hardware design information is loaded from '/afs/ee.cooper.edu/user/a/alvee.ahmed/aahmed_oled/aahmed_oled.sdk/design_1_wrapper_hw_platform_0/system.hdf'.
16:10:04 INFO  : 'configparams force-mem-access 1' command is executed.
16:10:04 INFO  : Context for 'APU' is selected.
16:10:05 INFO  : 'stop' command is executed.
16:10:05 INFO  : 'ps7_init' command is executed.
16:10:05 INFO  : 'ps7_post_config' command is executed.
16:10:05 INFO  : Context for processor 'ps7_cortexa9_0' is selected.
16:10:05 INFO  : Processor reset is completed for 'ps7_cortexa9_0'.
16:10:06 INFO  : Context for processor 'ps7_cortexa9_0' is selected.
16:10:06 INFO  : The application '/afs/ee.cooper.edu/user/a/alvee.ahmed/aahmed_oled/aahmed_oled.sdk/oled_test/Debug/oled_test.elf' is downloaded to processor 'ps7_cortexa9_0'.
16:10:06 INFO  : 'configparams force-mem-access 0' command is executed.
16:10:06 INFO  : ----------------XSDB Script----------------
connect -url tcp:127.0.0.1:3121
source /afs/ee.cooper.edu/user/a/alvee.ahmed/aahmed_oled/aahmed_oled.sdk/design_1_wrapper_hw_platform_0/ps7_init.tcl
targets -set -nocase -filter {name =~"APU*" && jtag_cable_name =~ "Digilent Zed 210248686034"} -index 0
loadhw -hw /afs/ee.cooper.edu/user/a/alvee.ahmed/aahmed_oled/aahmed_oled.sdk/design_1_wrapper_hw_platform_0/system.hdf -mem-ranges [list {0x40000000 0xbfffffff}]
configparams force-mem-access 1
targets -set -nocase -filter {name =~"APU*" && jtag_cable_name =~ "Digilent Zed 210248686034"} -index 0
stop
ps7_init
ps7_post_config
targets -set -nocase -filter {name =~ "ARM*#0" && jtag_cable_name =~ "Digilent Zed 210248686034"} -index 0
rst -processor
targets -set -nocase -filter {name =~ "ARM*#0" && jtag_cable_name =~ "Digilent Zed 210248686034"} -index 0
dow /afs/ee.cooper.edu/user/a/alvee.ahmed/aahmed_oled/aahmed_oled.sdk/oled_test/Debug/oled_test.elf
configparams force-mem-access 0
----------------End of Script----------------

16:10:06 INFO  : Context for processor 'ps7_cortexa9_0' is selected.
16:10:06 INFO  : 'con' command is executed.
16:10:06 INFO  : ----------------XSDB Script (After Launch)----------------
targets -set -nocase -filter {name =~ "ARM*#0" && jtag_cable_name =~ "Digilent Zed 210248686034"} -index 0
con
----------------End of Script----------------

16:10:06 INFO  : Disconnected from the channel tcfchan#8.
16:11:10 INFO  : Connected to target on host '127.0.0.1' and port '3121'.
16:11:10 INFO  : 'targets -set -filter {jtag_cable_name =~ "Digilent Zed 210248686034" && level==0} -index 1' command is executed.
16:11:13 INFO  : FPGA configured successfully with bitstream "/afs/ee.cooper.edu/user/a/alvee.ahmed/aahmed_oled/aahmed_oled.sdk/design_1_wrapper_hw_platform_0/design_1_wrapper.bit"
16:11:22 INFO  : 'targets -set -filter {jtag_cable_name =~ "Digilent Zed 210248686034" && level==0} -index 1' command is executed.
16:11:23 INFO  : 'fpga -state' command is executed.
16:11:23 INFO  : Connected to target on host '127.0.0.1' and port '3121'.
16:11:24 INFO  : Jtag cable 'Digilent Zed 210248686034' is selected.
16:11:24 INFO  : 'jtag frequency' command is executed.
16:11:24 INFO  : Sourcing of '/afs/ee.cooper.edu/user/a/alvee.ahmed/aahmed_oled/aahmed_oled.sdk/design_1_wrapper_hw_platform_0/ps7_init.tcl' is done.
16:11:24 INFO  : Context for 'APU' is selected.
16:11:24 INFO  : Hardware design information is loaded from '/afs/ee.cooper.edu/user/a/alvee.ahmed/aahmed_oled/aahmed_oled.sdk/design_1_wrapper_hw_platform_0/system.hdf'.
16:11:24 INFO  : 'configparams force-mem-access 1' command is executed.
16:11:24 INFO  : Context for 'APU' is selected.
16:11:24 INFO  : 'stop' command is executed.
16:11:25 INFO  : 'ps7_init' command is executed.
16:11:25 INFO  : 'ps7_post_config' command is executed.
16:11:25 INFO  : Context for processor 'ps7_cortexa9_0' is selected.
16:11:25 INFO  : Processor reset is completed for 'ps7_cortexa9_0'.
16:11:25 INFO  : Context for processor 'ps7_cortexa9_0' is selected.
16:11:25 INFO  : The application '/afs/ee.cooper.edu/user/a/alvee.ahmed/aahmed_oled/aahmed_oled.sdk/oled_test/Debug/oled_test.elf' is downloaded to processor 'ps7_cortexa9_0'.
16:11:25 INFO  : 'configparams force-mem-access 0' command is executed.
16:11:25 INFO  : ----------------XSDB Script----------------
connect -url tcp:127.0.0.1:3121
source /afs/ee.cooper.edu/user/a/alvee.ahmed/aahmed_oled/aahmed_oled.sdk/design_1_wrapper_hw_platform_0/ps7_init.tcl
targets -set -nocase -filter {name =~"APU*" && jtag_cable_name =~ "Digilent Zed 210248686034"} -index 0
loadhw -hw /afs/ee.cooper.edu/user/a/alvee.ahmed/aahmed_oled/aahmed_oled.sdk/design_1_wrapper_hw_platform_0/system.hdf -mem-ranges [list {0x40000000 0xbfffffff}]
configparams force-mem-access 1
targets -set -nocase -filter {name =~"APU*" && jtag_cable_name =~ "Digilent Zed 210248686034"} -index 0
stop
ps7_init
ps7_post_config
targets -set -nocase -filter {name =~ "ARM*#0" && jtag_cable_name =~ "Digilent Zed 210248686034"} -index 0
rst -processor
targets -set -nocase -filter {name =~ "ARM*#0" && jtag_cable_name =~ "Digilent Zed 210248686034"} -index 0
dow /afs/ee.cooper.edu/user/a/alvee.ahmed/aahmed_oled/aahmed_oled.sdk/oled_test/Debug/oled_test.elf
configparams force-mem-access 0
----------------End of Script----------------

16:11:25 INFO  : Context for processor 'ps7_cortexa9_0' is selected.
16:11:25 INFO  : 'con' command is executed.
16:11:25 INFO  : ----------------XSDB Script (After Launch)----------------
targets -set -nocase -filter {name =~ "ARM*#0" && jtag_cable_name =~ "Digilent Zed 210248686034"} -index 0
con
----------------End of Script----------------

16:11:25 INFO  : Disconnected from the channel tcfchan#9.
16:13:02 INFO  : Connected to target on host '127.0.0.1' and port '3121'.
16:13:03 INFO  : 'targets -set -filter {jtag_cable_name =~ "Digilent Zed 210248686034" && level==0} -index 1' command is executed.
16:13:05 INFO  : FPGA configured successfully with bitstream "/afs/ee.cooper.edu/user/a/alvee.ahmed/aahmed_oled/aahmed_oled.sdk/design_1_wrapper_hw_platform_0/design_1_wrapper.bit"
16:13:15 INFO  : 'targets -set -filter {jtag_cable_name =~ "Digilent Zed 210248686034" && level==0} -index 1' command is executed.
16:13:15 INFO  : 'fpga -state' command is executed.
16:13:15 INFO  : Connected to target on host '127.0.0.1' and port '3121'.
16:13:16 INFO  : Jtag cable 'Digilent Zed 210248686034' is selected.
16:13:16 INFO  : 'jtag frequency' command is executed.
16:13:16 INFO  : Sourcing of '/afs/ee.cooper.edu/user/a/alvee.ahmed/aahmed_oled/aahmed_oled.sdk/design_1_wrapper_hw_platform_0/ps7_init.tcl' is done.
16:13:16 INFO  : Context for 'APU' is selected.
16:13:16 INFO  : Hardware design information is loaded from '/afs/ee.cooper.edu/user/a/alvee.ahmed/aahmed_oled/aahmed_oled.sdk/design_1_wrapper_hw_platform_0/system.hdf'.
16:13:16 INFO  : 'configparams force-mem-access 1' command is executed.
16:13:16 INFO  : Context for 'APU' is selected.
16:13:16 INFO  : 'stop' command is executed.
16:13:16 INFO  : 'ps7_init' command is executed.
16:13:16 INFO  : 'ps7_post_config' command is executed.
16:13:16 INFO  : Context for processor 'ps7_cortexa9_0' is selected.
16:13:16 INFO  : Processor reset is completed for 'ps7_cortexa9_0'.
16:13:16 INFO  : Context for processor 'ps7_cortexa9_0' is selected.
16:13:16 INFO  : The application '/afs/ee.cooper.edu/user/a/alvee.ahmed/aahmed_oled/aahmed_oled.sdk/oled_test/Debug/oled_test.elf' is downloaded to processor 'ps7_cortexa9_0'.
16:13:16 INFO  : 'configparams force-mem-access 0' command is executed.
16:13:16 INFO  : ----------------XSDB Script----------------
connect -url tcp:127.0.0.1:3121
source /afs/ee.cooper.edu/user/a/alvee.ahmed/aahmed_oled/aahmed_oled.sdk/design_1_wrapper_hw_platform_0/ps7_init.tcl
targets -set -nocase -filter {name =~"APU*" && jtag_cable_name =~ "Digilent Zed 210248686034"} -index 0
loadhw -hw /afs/ee.cooper.edu/user/a/alvee.ahmed/aahmed_oled/aahmed_oled.sdk/design_1_wrapper_hw_platform_0/system.hdf -mem-ranges [list {0x40000000 0xbfffffff}]
configparams force-mem-access 1
targets -set -nocase -filter {name =~"APU*" && jtag_cable_name =~ "Digilent Zed 210248686034"} -index 0
stop
ps7_init
ps7_post_config
targets -set -nocase -filter {name =~ "ARM*#0" && jtag_cable_name =~ "Digilent Zed 210248686034"} -index 0
rst -processor
targets -set -nocase -filter {name =~ "ARM*#0" && jtag_cable_name =~ "Digilent Zed 210248686034"} -index 0
dow /afs/ee.cooper.edu/user/a/alvee.ahmed/aahmed_oled/aahmed_oled.sdk/oled_test/Debug/oled_test.elf
configparams force-mem-access 0
----------------End of Script----------------

16:13:16 INFO  : Context for processor 'ps7_cortexa9_0' is selected.
16:13:16 INFO  : 'con' command is executed.
16:13:16 INFO  : ----------------XSDB Script (After Launch)----------------
targets -set -nocase -filter {name =~ "ARM*#0" && jtag_cable_name =~ "Digilent Zed 210248686034"} -index 0
con
----------------End of Script----------------

16:13:16 INFO  : Disconnected from the channel tcfchan#10.
16:19:23 INFO  : Connected to target on host '127.0.0.1' and port '3121'.
16:19:23 INFO  : 'targets -set -filter {jtag_cable_name =~ "Digilent Zed 210248686034" && level==0} -index 1' command is executed.
16:19:26 INFO  : FPGA configured successfully with bitstream "/afs/ee.cooper.edu/user/a/alvee.ahmed/aahmed_oled/aahmed_oled.sdk/design_1_wrapper_hw_platform_0/design_1_wrapper.bit"
16:19:31 INFO  : 'targets -set -filter {jtag_cable_name =~ "Digilent Zed 210248686034" && level==0} -index 1' command is executed.
16:19:31 INFO  : 'fpga -state' command is executed.
16:19:31 INFO  : Connected to target on host '127.0.0.1' and port '3121'.
16:19:31 INFO  : Jtag cable 'Digilent Zed 210248686034' is selected.
16:19:31 INFO  : 'jtag frequency' command is executed.
16:19:31 INFO  : Sourcing of '/afs/ee.cooper.edu/user/a/alvee.ahmed/aahmed_oled/aahmed_oled.sdk/design_1_wrapper_hw_platform_0/ps7_init.tcl' is done.
16:19:31 INFO  : Context for 'APU' is selected.
16:19:31 INFO  : Hardware design information is loaded from '/afs/ee.cooper.edu/user/a/alvee.ahmed/aahmed_oled/aahmed_oled.sdk/design_1_wrapper_hw_platform_0/system.hdf'.
16:19:31 INFO  : 'configparams force-mem-access 1' command is executed.
16:19:31 INFO  : Context for 'APU' is selected.
16:19:31 INFO  : 'stop' command is executed.
16:19:32 INFO  : 'ps7_init' command is executed.
16:19:32 INFO  : 'ps7_post_config' command is executed.
16:19:32 INFO  : Context for processor 'ps7_cortexa9_0' is selected.
16:19:32 INFO  : Processor reset is completed for 'ps7_cortexa9_0'.
16:19:32 INFO  : Context for processor 'ps7_cortexa9_0' is selected.
16:19:32 INFO  : The application '/afs/ee.cooper.edu/user/a/alvee.ahmed/aahmed_oled/aahmed_oled.sdk/oled_test/Debug/oled_test.elf' is downloaded to processor 'ps7_cortexa9_0'.
16:19:32 INFO  : 'configparams force-mem-access 0' command is executed.
16:19:32 INFO  : ----------------XSDB Script----------------
connect -url tcp:127.0.0.1:3121
source /afs/ee.cooper.edu/user/a/alvee.ahmed/aahmed_oled/aahmed_oled.sdk/design_1_wrapper_hw_platform_0/ps7_init.tcl
targets -set -nocase -filter {name =~"APU*" && jtag_cable_name =~ "Digilent Zed 210248686034"} -index 0
loadhw -hw /afs/ee.cooper.edu/user/a/alvee.ahmed/aahmed_oled/aahmed_oled.sdk/design_1_wrapper_hw_platform_0/system.hdf -mem-ranges [list {0x40000000 0xbfffffff}]
configparams force-mem-access 1
targets -set -nocase -filter {name =~"APU*" && jtag_cable_name =~ "Digilent Zed 210248686034"} -index 0
stop
ps7_init
ps7_post_config
targets -set -nocase -filter {name =~ "ARM*#0" && jtag_cable_name =~ "Digilent Zed 210248686034"} -index 0
rst -processor
targets -set -nocase -filter {name =~ "ARM*#0" && jtag_cable_name =~ "Digilent Zed 210248686034"} -index 0
dow /afs/ee.cooper.edu/user/a/alvee.ahmed/aahmed_oled/aahmed_oled.sdk/oled_test/Debug/oled_test.elf
configparams force-mem-access 0
----------------End of Script----------------

16:19:32 INFO  : Context for processor 'ps7_cortexa9_0' is selected.
16:19:32 INFO  : 'con' command is executed.
16:19:32 INFO  : ----------------XSDB Script (After Launch)----------------
targets -set -nocase -filter {name =~ "ARM*#0" && jtag_cable_name =~ "Digilent Zed 210248686034"} -index 0
con
----------------End of Script----------------

16:19:32 INFO  : Disconnected from the channel tcfchan#11.
16:25:48 INFO  : Connected to target on host '127.0.0.1' and port '3121'.
16:25:49 INFO  : 'targets -set -filter {jtag_cable_name =~ "Digilent Zed 210248686034" && level==0} -index 1' command is executed.
16:25:51 INFO  : FPGA configured successfully with bitstream "/afs/ee.cooper.edu/user/a/alvee.ahmed/aahmed_oled/aahmed_oled.sdk/design_1_wrapper_hw_platform_0/design_1_wrapper.bit"
16:26:05 INFO  : 'targets -set -filter {jtag_cable_name =~ "Digilent Zed 210248686034" && level==0} -index 1' command is executed.
16:26:05 INFO  : 'fpga -state' command is executed.
16:26:05 INFO  : Connected to target on host '127.0.0.1' and port '3121'.
16:26:05 INFO  : Jtag cable 'Digilent Zed 210248686034' is selected.
16:26:05 INFO  : 'jtag frequency' command is executed.
16:26:05 INFO  : Sourcing of '/afs/ee.cooper.edu/user/a/alvee.ahmed/aahmed_oled/aahmed_oled.sdk/design_1_wrapper_hw_platform_0/ps7_init.tcl' is done.
16:26:05 INFO  : Context for 'APU' is selected.
16:26:05 INFO  : Hardware design information is loaded from '/afs/ee.cooper.edu/user/a/alvee.ahmed/aahmed_oled/aahmed_oled.sdk/design_1_wrapper_hw_platform_0/system.hdf'.
16:26:05 INFO  : 'configparams force-mem-access 1' command is executed.
16:26:05 INFO  : Context for 'APU' is selected.
16:26:05 INFO  : 'stop' command is executed.
16:26:06 INFO  : 'ps7_init' command is executed.
16:26:06 INFO  : 'ps7_post_config' command is executed.
16:26:06 INFO  : Context for processor 'ps7_cortexa9_0' is selected.
16:26:06 INFO  : Processor reset is completed for 'ps7_cortexa9_0'.
16:26:06 INFO  : Context for processor 'ps7_cortexa9_0' is selected.
16:26:06 INFO  : The application '/afs/ee.cooper.edu/user/a/alvee.ahmed/aahmed_oled/aahmed_oled.sdk/oled_test/Debug/oled_test.elf' is downloaded to processor 'ps7_cortexa9_0'.
16:26:06 INFO  : 'configparams force-mem-access 0' command is executed.
16:26:06 INFO  : ----------------XSDB Script----------------
connect -url tcp:127.0.0.1:3121
source /afs/ee.cooper.edu/user/a/alvee.ahmed/aahmed_oled/aahmed_oled.sdk/design_1_wrapper_hw_platform_0/ps7_init.tcl
targets -set -nocase -filter {name =~"APU*" && jtag_cable_name =~ "Digilent Zed 210248686034"} -index 0
loadhw -hw /afs/ee.cooper.edu/user/a/alvee.ahmed/aahmed_oled/aahmed_oled.sdk/design_1_wrapper_hw_platform_0/system.hdf -mem-ranges [list {0x40000000 0xbfffffff}]
configparams force-mem-access 1
targets -set -nocase -filter {name =~"APU*" && jtag_cable_name =~ "Digilent Zed 210248686034"} -index 0
stop
ps7_init
ps7_post_config
targets -set -nocase -filter {name =~ "ARM*#0" && jtag_cable_name =~ "Digilent Zed 210248686034"} -index 0
rst -processor
targets -set -nocase -filter {name =~ "ARM*#0" && jtag_cable_name =~ "Digilent Zed 210248686034"} -index 0
dow /afs/ee.cooper.edu/user/a/alvee.ahmed/aahmed_oled/aahmed_oled.sdk/oled_test/Debug/oled_test.elf
configparams force-mem-access 0
----------------End of Script----------------

16:26:06 INFO  : Context for processor 'ps7_cortexa9_0' is selected.
16:26:06 INFO  : 'con' command is executed.
16:26:06 INFO  : ----------------XSDB Script (After Launch)----------------
targets -set -nocase -filter {name =~ "ARM*#0" && jtag_cable_name =~ "Digilent Zed 210248686034"} -index 0
con
----------------End of Script----------------

16:26:06 INFO  : Disconnected from the channel tcfchan#12.
16:27:45 INFO  : Connected to target on host '127.0.0.1' and port '3121'.
16:27:46 INFO  : 'targets -set -filter {jtag_cable_name =~ "Digilent Zed 210248686034" && level==0} -index 1' command is executed.
16:27:48 INFO  : FPGA configured successfully with bitstream "/afs/ee.cooper.edu/user/a/alvee.ahmed/aahmed_oled/aahmed_oled.sdk/design_1_wrapper_hw_platform_0/design_1_wrapper.bit"
16:27:54 INFO  : 'targets -set -filter {jtag_cable_name =~ "Digilent Zed 210248686034" && level==0} -index 1' command is executed.
16:27:54 INFO  : 'fpga -state' command is executed.
16:27:54 INFO  : Connected to target on host '127.0.0.1' and port '3121'.
16:27:55 INFO  : Jtag cable 'Digilent Zed 210248686034' is selected.
16:27:55 INFO  : 'jtag frequency' command is executed.
16:27:55 INFO  : Sourcing of '/afs/ee.cooper.edu/user/a/alvee.ahmed/aahmed_oled/aahmed_oled.sdk/design_1_wrapper_hw_platform_0/ps7_init.tcl' is done.
16:27:55 INFO  : Context for 'APU' is selected.
16:27:55 INFO  : Hardware design information is loaded from '/afs/ee.cooper.edu/user/a/alvee.ahmed/aahmed_oled/aahmed_oled.sdk/design_1_wrapper_hw_platform_0/system.hdf'.
16:27:55 INFO  : 'configparams force-mem-access 1' command is executed.
16:27:55 INFO  : Context for 'APU' is selected.
16:27:55 INFO  : 'stop' command is executed.
16:27:55 INFO  : 'ps7_init' command is executed.
16:27:55 INFO  : 'ps7_post_config' command is executed.
16:27:55 INFO  : Context for processor 'ps7_cortexa9_0' is selected.
16:27:55 INFO  : Processor reset is completed for 'ps7_cortexa9_0'.
16:27:55 INFO  : Context for processor 'ps7_cortexa9_0' is selected.
16:27:56 INFO  : The application '/afs/ee.cooper.edu/user/a/alvee.ahmed/aahmed_oled/aahmed_oled.sdk/oled_test/Debug/oled_test.elf' is downloaded to processor 'ps7_cortexa9_0'.
16:27:56 INFO  : 'configparams force-mem-access 0' command is executed.
16:27:56 INFO  : ----------------XSDB Script----------------
connect -url tcp:127.0.0.1:3121
source /afs/ee.cooper.edu/user/a/alvee.ahmed/aahmed_oled/aahmed_oled.sdk/design_1_wrapper_hw_platform_0/ps7_init.tcl
targets -set -nocase -filter {name =~"APU*" && jtag_cable_name =~ "Digilent Zed 210248686034"} -index 0
loadhw -hw /afs/ee.cooper.edu/user/a/alvee.ahmed/aahmed_oled/aahmed_oled.sdk/design_1_wrapper_hw_platform_0/system.hdf -mem-ranges [list {0x40000000 0xbfffffff}]
configparams force-mem-access 1
targets -set -nocase -filter {name =~"APU*" && jtag_cable_name =~ "Digilent Zed 210248686034"} -index 0
stop
ps7_init
ps7_post_config
targets -set -nocase -filter {name =~ "ARM*#0" && jtag_cable_name =~ "Digilent Zed 210248686034"} -index 0
rst -processor
targets -set -nocase -filter {name =~ "ARM*#0" && jtag_cable_name =~ "Digilent Zed 210248686034"} -index 0
dow /afs/ee.cooper.edu/user/a/alvee.ahmed/aahmed_oled/aahmed_oled.sdk/oled_test/Debug/oled_test.elf
configparams force-mem-access 0
----------------End of Script----------------

16:27:56 INFO  : Context for processor 'ps7_cortexa9_0' is selected.
16:27:56 INFO  : 'con' command is executed.
16:27:56 INFO  : ----------------XSDB Script (After Launch)----------------
targets -set -nocase -filter {name =~ "ARM*#0" && jtag_cable_name =~ "Digilent Zed 210248686034"} -index 0
con
----------------End of Script----------------

16:27:56 INFO  : Disconnected from the channel tcfchan#13.
16:28:23 INFO  : Connected to target on host '127.0.0.1' and port '3121'.
16:28:23 INFO  : 'targets -set -filter {jtag_cable_name =~ "Digilent Zed 210248686034" && level==0} -index 1' command is executed.
16:28:25 INFO  : FPGA configured successfully with bitstream "/afs/ee.cooper.edu/user/a/alvee.ahmed/aahmed_oled/aahmed_oled.sdk/design_1_wrapper_hw_platform_0/design_1_wrapper.bit"
16:29:22 INFO  : Connected to target on host '127.0.0.1' and port '3121'.
16:29:22 INFO  : 'targets -set -filter {jtag_cable_name =~ "Digilent Zed 210248686034" && level==0} -index 1' command is executed.
16:29:24 INFO  : FPGA configured successfully with bitstream "/afs/ee.cooper.edu/user/a/alvee.ahmed/aahmed_oled/aahmed_oled.sdk/design_1_wrapper_hw_platform_0/design_1_wrapper.bit"
16:29:30 INFO  : 'targets -set -filter {jtag_cable_name =~ "Digilent Zed 210248686034" && level==0} -index 1' command is executed.
16:29:30 INFO  : 'fpga -state' command is executed.
16:29:30 INFO  : Connected to target on host '127.0.0.1' and port '3121'.
16:29:31 INFO  : Jtag cable 'Digilent Zed 210248686034' is selected.
16:29:31 INFO  : 'jtag frequency' command is executed.
16:29:31 INFO  : Sourcing of '/afs/ee.cooper.edu/user/a/alvee.ahmed/aahmed_oled/aahmed_oled.sdk/design_1_wrapper_hw_platform_0/ps7_init.tcl' is done.
16:29:31 INFO  : Context for 'APU' is selected.
16:29:31 INFO  : Hardware design information is loaded from '/afs/ee.cooper.edu/user/a/alvee.ahmed/aahmed_oled/aahmed_oled.sdk/design_1_wrapper_hw_platform_0/system.hdf'.
16:29:31 INFO  : 'configparams force-mem-access 1' command is executed.
16:29:31 INFO  : Context for 'APU' is selected.
16:29:31 INFO  : 'stop' command is executed.
16:29:32 INFO  : 'ps7_init' command is executed.
16:29:32 INFO  : 'ps7_post_config' command is executed.
16:29:32 INFO  : Context for processor 'ps7_cortexa9_0' is selected.
16:29:32 INFO  : Processor reset is completed for 'ps7_cortexa9_0'.
16:29:32 INFO  : Context for processor 'ps7_cortexa9_0' is selected.
16:29:32 INFO  : The application '/afs/ee.cooper.edu/user/a/alvee.ahmed/aahmed_oled/aahmed_oled.sdk/oled_test/Debug/oled_test.elf' is downloaded to processor 'ps7_cortexa9_0'.
16:29:32 INFO  : 'configparams force-mem-access 0' command is executed.
16:29:32 INFO  : ----------------XSDB Script----------------
connect -url tcp:127.0.0.1:3121
source /afs/ee.cooper.edu/user/a/alvee.ahmed/aahmed_oled/aahmed_oled.sdk/design_1_wrapper_hw_platform_0/ps7_init.tcl
targets -set -nocase -filter {name =~"APU*" && jtag_cable_name =~ "Digilent Zed 210248686034"} -index 0
loadhw -hw /afs/ee.cooper.edu/user/a/alvee.ahmed/aahmed_oled/aahmed_oled.sdk/design_1_wrapper_hw_platform_0/system.hdf -mem-ranges [list {0x40000000 0xbfffffff}]
configparams force-mem-access 1
targets -set -nocase -filter {name =~"APU*" && jtag_cable_name =~ "Digilent Zed 210248686034"} -index 0
stop
ps7_init
ps7_post_config
targets -set -nocase -filter {name =~ "ARM*#0" && jtag_cable_name =~ "Digilent Zed 210248686034"} -index 0
rst -processor
targets -set -nocase -filter {name =~ "ARM*#0" && jtag_cable_name =~ "Digilent Zed 210248686034"} -index 0
dow /afs/ee.cooper.edu/user/a/alvee.ahmed/aahmed_oled/aahmed_oled.sdk/oled_test/Debug/oled_test.elf
configparams force-mem-access 0
----------------End of Script----------------

16:29:32 INFO  : Context for processor 'ps7_cortexa9_0' is selected.
16:29:32 INFO  : 'con' command is executed.
16:29:32 INFO  : ----------------XSDB Script (After Launch)----------------
targets -set -nocase -filter {name =~ "ARM*#0" && jtag_cable_name =~ "Digilent Zed 210248686034"} -index 0
con
----------------End of Script----------------

16:29:32 INFO  : Disconnected from the channel tcfchan#14.
16:48:47 INFO  : Registering command handlers for SDK TCF services
16:48:48 INFO  : Launching XSCT server: xsct -n -interactive /afs/ee.cooper.edu/user/a/alvee.ahmed/aahmed_oled/aahmed_oled.sdk/temp_xsdb_launch_script.tcl
16:48:50 INFO  : XSCT server has started successfully.
16:48:50 INFO  : Successfully done setting XSCT server connection channel  
16:48:50 INFO  : Processing command line option -hwspec /afs/ee.cooper.edu/user/a/alvee.ahmed/aahmed_oled/aahmed_oled.sdk/design_1_wrapper.hdf.
16:48:51 INFO  : Successfully done setting SDK workspace  
16:48:51 INFO  : Checking for hwspec changes in the project design_1_wrapper_hw_platform_0.
17:05:08 INFO  : Connected to target on host '127.0.0.1' and port '3121'.
17:05:08 INFO  : 'targets -set -filter {jtag_cable_name =~ "Digilent Zed 210248686034" && level==0} -index 1' command is executed.
17:05:10 INFO  : FPGA configured successfully with bitstream "/afs/ee.cooper.edu/user/a/alvee.ahmed/aahmed_oled/aahmed_oled.sdk/design_1_wrapper_hw_platform_0/design_1_wrapper.bit"
17:05:20 INFO  : 'targets -set -filter {jtag_cable_name =~ "Digilent Zed 210248686034" && level==0} -index 1' command is executed.
17:05:20 INFO  : 'fpga -state' command is executed.
17:05:20 INFO  : Connected to target on host '127.0.0.1' and port '3121'.
17:05:20 INFO  : Jtag cable 'Digilent Zed 210248686034' is selected.
17:05:20 INFO  : 'jtag frequency' command is executed.
17:05:20 INFO  : Sourcing of '/afs/ee.cooper.edu/user/a/alvee.ahmed/aahmed_oled/aahmed_oled.sdk/design_1_wrapper_hw_platform_0/ps7_init.tcl' is done.
17:05:21 INFO  : Context for 'APU' is selected.
17:05:21 INFO  : Hardware design information is loaded from '/afs/ee.cooper.edu/user/a/alvee.ahmed/aahmed_oled/aahmed_oled.sdk/design_1_wrapper_hw_platform_0/system.hdf'.
17:05:21 INFO  : 'configparams force-mem-access 1' command is executed.
17:05:21 INFO  : Context for 'APU' is selected.
17:05:21 INFO  : 'stop' command is executed.
17:05:21 INFO  : 'ps7_init' command is executed.
17:05:21 INFO  : 'ps7_post_config' command is executed.
17:05:21 INFO  : Context for processor 'ps7_cortexa9_0' is selected.
17:05:21 INFO  : Processor reset is completed for 'ps7_cortexa9_0'.
17:05:21 INFO  : Context for processor 'ps7_cortexa9_0' is selected.
17:05:21 INFO  : The application '/afs/ee.cooper.edu/user/a/alvee.ahmed/aahmed_oled/aahmed_oled.sdk/oled_test/Debug/oled_test.elf' is downloaded to processor 'ps7_cortexa9_0'.
17:05:21 INFO  : 'configparams force-mem-access 0' command is executed.
17:05:21 INFO  : ----------------XSDB Script----------------
connect -url tcp:127.0.0.1:3121
source /afs/ee.cooper.edu/user/a/alvee.ahmed/aahmed_oled/aahmed_oled.sdk/design_1_wrapper_hw_platform_0/ps7_init.tcl
targets -set -nocase -filter {name =~"APU*" && jtag_cable_name =~ "Digilent Zed 210248686034"} -index 0
loadhw -hw /afs/ee.cooper.edu/user/a/alvee.ahmed/aahmed_oled/aahmed_oled.sdk/design_1_wrapper_hw_platform_0/system.hdf -mem-ranges [list {0x40000000 0xbfffffff}]
configparams force-mem-access 1
targets -set -nocase -filter {name =~"APU*" && jtag_cable_name =~ "Digilent Zed 210248686034"} -index 0
stop
ps7_init
ps7_post_config
targets -set -nocase -filter {name =~ "ARM*#0" && jtag_cable_name =~ "Digilent Zed 210248686034"} -index 0
rst -processor
targets -set -nocase -filter {name =~ "ARM*#0" && jtag_cable_name =~ "Digilent Zed 210248686034"} -index 0
dow /afs/ee.cooper.edu/user/a/alvee.ahmed/aahmed_oled/aahmed_oled.sdk/oled_test/Debug/oled_test.elf
configparams force-mem-access 0
----------------End of Script----------------

17:05:21 INFO  : Context for processor 'ps7_cortexa9_0' is selected.
17:05:22 INFO  : 'con' command is executed.
17:05:22 INFO  : ----------------XSDB Script (After Launch)----------------
targets -set -nocase -filter {name =~ "ARM*#0" && jtag_cable_name =~ "Digilent Zed 210248686034"} -index 0
con
----------------End of Script----------------

17:05:22 INFO  : Disconnected from the channel tcfchan#1.
17:31:47 INFO  : Connected to target on host '127.0.0.1' and port '3121'.
17:31:48 INFO  : 'targets -set -filter {jtag_cable_name =~ "Digilent Zed 210248686034" && level==0} -index 1' command is executed.
17:31:50 INFO  : FPGA configured successfully with bitstream "/afs/ee.cooper.edu/user/a/alvee.ahmed/aahmed_oled/aahmed_oled.sdk/design_1_wrapper_hw_platform_0/design_1_wrapper.bit"
17:31:58 INFO  : 'targets -set -filter {jtag_cable_name =~ "Digilent Zed 210248686034" && level==0} -index 1' command is executed.
17:31:58 INFO  : 'fpga -state' command is executed.
17:31:58 INFO  : Connected to target on host '127.0.0.1' and port '3121'.
17:31:59 INFO  : Jtag cable 'Digilent Zed 210248686034' is selected.
17:31:59 INFO  : 'jtag frequency' command is executed.
17:31:59 INFO  : Sourcing of '/afs/ee.cooper.edu/user/a/alvee.ahmed/aahmed_oled/aahmed_oled.sdk/design_1_wrapper_hw_platform_0/ps7_init.tcl' is done.
17:31:59 INFO  : Context for 'APU' is selected.
17:31:59 INFO  : Hardware design information is loaded from '/afs/ee.cooper.edu/user/a/alvee.ahmed/aahmed_oled/aahmed_oled.sdk/design_1_wrapper_hw_platform_0/system.hdf'.
17:32:00 INFO  : 'configparams force-mem-access 1' command is executed.
17:32:00 INFO  : Context for 'APU' is selected.
17:32:00 INFO  : 'stop' command is executed.
17:32:00 INFO  : 'ps7_init' command is executed.
17:32:00 INFO  : 'ps7_post_config' command is executed.
17:32:01 INFO  : Context for processor 'ps7_cortexa9_0' is selected.
17:32:01 INFO  : Processor reset is completed for 'ps7_cortexa9_0'.
17:32:01 INFO  : Context for processor 'ps7_cortexa9_0' is selected.
17:32:01 INFO  : The application '/afs/ee.cooper.edu/user/a/alvee.ahmed/aahmed_oled/aahmed_oled.sdk/oled_test/Debug/oled_test.elf' is downloaded to processor 'ps7_cortexa9_0'.
17:32:01 INFO  : 'configparams force-mem-access 0' command is executed.
17:32:01 INFO  : ----------------XSDB Script----------------
connect -url tcp:127.0.0.1:3121
source /afs/ee.cooper.edu/user/a/alvee.ahmed/aahmed_oled/aahmed_oled.sdk/design_1_wrapper_hw_platform_0/ps7_init.tcl
targets -set -nocase -filter {name =~"APU*" && jtag_cable_name =~ "Digilent Zed 210248686034"} -index 0
loadhw -hw /afs/ee.cooper.edu/user/a/alvee.ahmed/aahmed_oled/aahmed_oled.sdk/design_1_wrapper_hw_platform_0/system.hdf -mem-ranges [list {0x40000000 0xbfffffff}]
configparams force-mem-access 1
targets -set -nocase -filter {name =~"APU*" && jtag_cable_name =~ "Digilent Zed 210248686034"} -index 0
stop
ps7_init
ps7_post_config
targets -set -nocase -filter {name =~ "ARM*#0" && jtag_cable_name =~ "Digilent Zed 210248686034"} -index 0
rst -processor
targets -set -nocase -filter {name =~ "ARM*#0" && jtag_cable_name =~ "Digilent Zed 210248686034"} -index 0
dow /afs/ee.cooper.edu/user/a/alvee.ahmed/aahmed_oled/aahmed_oled.sdk/oled_test/Debug/oled_test.elf
configparams force-mem-access 0
----------------End of Script----------------

17:32:01 INFO  : Context for processor 'ps7_cortexa9_0' is selected.
17:32:01 INFO  : 'con' command is executed.
17:32:01 INFO  : ----------------XSDB Script (After Launch)----------------
targets -set -nocase -filter {name =~ "ARM*#0" && jtag_cable_name =~ "Digilent Zed 210248686034"} -index 0
con
----------------End of Script----------------

17:32:01 INFO  : Disconnected from the channel tcfchan#2.
13:44:58 INFO  : Registering command handlers for SDK TCF services
13:44:59 INFO  : Launching XSCT server: xsct -n -interactive /afs/ee.cooper.edu/user/a/alvee.ahmed/aahmed_oled/aahmed_oled.sdk/temp_xsdb_launch_script.tcl
13:45:01 INFO  : XSCT server has started successfully.
13:45:01 INFO  : Successfully done setting XSCT server connection channel  
13:45:01 INFO  : Processing command line option -hwspec /afs/ee.cooper.edu/user/a/alvee.ahmed/aahmed_oled/aahmed_oled.sdk/design_1_wrapper.hdf.
13:45:01 INFO  : Successfully done setting SDK workspace  
13:45:01 INFO  : Checking for hwspec changes in the project design_1_wrapper_hw_platform_0.
13:45:12 INFO  : Connected to target on host '127.0.0.1' and port '3121'.
13:45:12 INFO  : 'targets -set -filter {jtag_cable_name =~ "Digilent Zed 210248686034" && level==0} -index 1' command is executed.
13:45:14 INFO  : FPGA configured successfully with bitstream "/afs/ee.cooper.edu/user/a/alvee.ahmed/aahmed_oled/aahmed_oled.sdk/design_1_wrapper_hw_platform_0/design_1_wrapper.bit"
13:45:22 INFO  : 'targets -set -filter {jtag_cable_name =~ "Digilent Zed 210248686034" && level==0} -index 1' command is executed.
13:45:22 INFO  : 'fpga -state' command is executed.
13:45:22 INFO  : Connected to target on host '127.0.0.1' and port '3121'.
13:45:23 INFO  : Jtag cable 'Digilent Zed 210248686034' is selected.
13:45:23 INFO  : 'jtag frequency' command is executed.
13:45:24 INFO  : Sourcing of '/afs/ee.cooper.edu/user/a/alvee.ahmed/aahmed_oled/aahmed_oled.sdk/design_1_wrapper_hw_platform_0/ps7_init.tcl' is done.
13:45:24 INFO  : Context for 'APU' is selected.
13:45:24 INFO  : Hardware design information is loaded from '/afs/ee.cooper.edu/user/a/alvee.ahmed/aahmed_oled/aahmed_oled.sdk/design_1_wrapper_hw_platform_0/system.hdf'.
13:45:24 INFO  : 'configparams force-mem-access 1' command is executed.
13:45:24 INFO  : Context for 'APU' is selected.
13:45:24 INFO  : 'stop' command is executed.
13:45:25 INFO  : 'ps7_init' command is executed.
13:45:25 INFO  : 'ps7_post_config' command is executed.
13:45:25 INFO  : Context for processor 'ps7_cortexa9_0' is selected.
13:45:25 INFO  : Processor reset is completed for 'ps7_cortexa9_0'.
13:45:25 INFO  : Context for processor 'ps7_cortexa9_0' is selected.
13:45:25 INFO  : The application '/afs/ee.cooper.edu/user/a/alvee.ahmed/aahmed_oled/aahmed_oled.sdk/oled_test/Debug/oled_test.elf' is downloaded to processor 'ps7_cortexa9_0'.
13:45:25 INFO  : 'configparams force-mem-access 0' command is executed.
13:45:25 INFO  : ----------------XSDB Script----------------
connect -url tcp:127.0.0.1:3121
source /afs/ee.cooper.edu/user/a/alvee.ahmed/aahmed_oled/aahmed_oled.sdk/design_1_wrapper_hw_platform_0/ps7_init.tcl
targets -set -nocase -filter {name =~"APU*" && jtag_cable_name =~ "Digilent Zed 210248686034"} -index 0
loadhw -hw /afs/ee.cooper.edu/user/a/alvee.ahmed/aahmed_oled/aahmed_oled.sdk/design_1_wrapper_hw_platform_0/system.hdf -mem-ranges [list {0x40000000 0xbfffffff}]
configparams force-mem-access 1
targets -set -nocase -filter {name =~"APU*" && jtag_cable_name =~ "Digilent Zed 210248686034"} -index 0
stop
ps7_init
ps7_post_config
targets -set -nocase -filter {name =~ "ARM*#0" && jtag_cable_name =~ "Digilent Zed 210248686034"} -index 0
rst -processor
targets -set -nocase -filter {name =~ "ARM*#0" && jtag_cable_name =~ "Digilent Zed 210248686034"} -index 0
dow /afs/ee.cooper.edu/user/a/alvee.ahmed/aahmed_oled/aahmed_oled.sdk/oled_test/Debug/oled_test.elf
configparams force-mem-access 0
----------------End of Script----------------

13:45:25 INFO  : Context for processor 'ps7_cortexa9_0' is selected.
13:45:25 INFO  : 'con' command is executed.
13:45:25 INFO  : ----------------XSDB Script (After Launch)----------------
targets -set -nocase -filter {name =~ "ARM*#0" && jtag_cable_name =~ "Digilent Zed 210248686034"} -index 0
con
----------------End of Script----------------

13:45:25 INFO  : Disconnected from the channel tcfchan#1.
17:30:00 INFO  : Registering command handlers for SDK TCF services
17:30:01 INFO  : Launching XSCT server: xsct -n -interactive /afs/ee.cooper.edu/user/a/alvee.ahmed/aahmed_oled/aahmed_oled.sdk/temp_xsdb_launch_script.tcl
17:30:03 INFO  : XSCT server has started successfully.
17:30:03 INFO  : Processing command line option -hwspec /afs/ee.cooper.edu/user/a/alvee.ahmed/aahmed_oled/aahmed_oled.sdk/design_1_wrapper.hdf.
17:30:03 INFO  : Successfully done setting XSCT server connection channel  
17:30:03 INFO  : Successfully done setting SDK workspace  
17:30:03 INFO  : Checking for hwspec changes in the project design_1_wrapper_hw_platform_0.
17:30:22 INFO  : Connected to target on host '127.0.0.1' and port '3121'.
17:33:46 INFO  : Registering command handlers for SDK TCF services
17:33:47 INFO  : Launching XSCT server: xsct -n -interactive /afs/ee.cooper.edu/user/a/alvee.ahmed/aahmed_oled/aahmed_oled.sdk/temp_xsdb_launch_script.tcl
17:33:49 INFO  : XSCT server has started successfully.
17:33:49 INFO  : Successfully done setting XSCT server connection channel  
17:33:49 INFO  : Processing command line option -hwspec /afs/ee.cooper.edu/user/a/alvee.ahmed/aahmed_oled/aahmed_oled.sdk/design_1_wrapper.hdf.
17:33:49 INFO  : Successfully done setting SDK workspace  
17:33:49 INFO  : Checking for hwspec changes in the project design_1_wrapper_hw_platform_0.
17:45:41 INFO  : Connected to target on host '127.0.0.1' and port '3121'.
17:45:42 INFO  : 'targets -set -filter {jtag_cable_name =~ "Digilent Zed 210248686034" && level==0} -index 1' command is executed.
17:45:44 INFO  : FPGA configured successfully with bitstream "/afs/ee.cooper.edu/user/a/alvee.ahmed/aahmed_oled/aahmed_oled.sdk/design_1_wrapper_hw_platform_0/design_1_wrapper.bit"
17:45:58 INFO  : 'targets -set -filter {jtag_cable_name =~ "Digilent Zed 210248686034" && level==0} -index 1' command is executed.
17:45:58 INFO  : 'fpga -state' command is executed.
17:45:58 INFO  : Connected to target on host '127.0.0.1' and port '3121'.
17:45:59 INFO  : Jtag cable 'Digilent Zed 210248686034' is selected.
17:45:59 INFO  : 'jtag frequency' command is executed.
17:45:59 INFO  : Sourcing of '/afs/ee.cooper.edu/user/a/alvee.ahmed/aahmed_oled/aahmed_oled.sdk/design_1_wrapper_hw_platform_0/ps7_init.tcl' is done.
17:45:59 INFO  : Context for 'APU' is selected.
17:45:59 INFO  : Hardware design information is loaded from '/afs/ee.cooper.edu/user/a/alvee.ahmed/aahmed_oled/aahmed_oled.sdk/design_1_wrapper_hw_platform_0/system.hdf'.
17:45:59 INFO  : 'configparams force-mem-access 1' command is executed.
17:45:59 INFO  : Context for 'APU' is selected.
17:45:59 INFO  : 'stop' command is executed.
17:45:59 INFO  : 'ps7_init' command is executed.
17:45:59 INFO  : 'ps7_post_config' command is executed.
17:45:59 INFO  : Context for processor 'ps7_cortexa9_0' is selected.
17:45:59 INFO  : Processor reset is completed for 'ps7_cortexa9_0'.
17:45:59 INFO  : Context for processor 'ps7_cortexa9_0' is selected.
17:45:59 INFO  : The application '/afs/ee.cooper.edu/user/a/alvee.ahmed/aahmed_oled/aahmed_oled.sdk/oled_test/Debug/oled_test.elf' is downloaded to processor 'ps7_cortexa9_0'.
17:45:59 INFO  : 'configparams force-mem-access 0' command is executed.
17:45:59 INFO  : ----------------XSDB Script----------------
connect -url tcp:127.0.0.1:3121
source /afs/ee.cooper.edu/user/a/alvee.ahmed/aahmed_oled/aahmed_oled.sdk/design_1_wrapper_hw_platform_0/ps7_init.tcl
targets -set -nocase -filter {name =~"APU*" && jtag_cable_name =~ "Digilent Zed 210248686034"} -index 0
loadhw -hw /afs/ee.cooper.edu/user/a/alvee.ahmed/aahmed_oled/aahmed_oled.sdk/design_1_wrapper_hw_platform_0/system.hdf -mem-ranges [list {0x40000000 0xbfffffff}]
configparams force-mem-access 1
targets -set -nocase -filter {name =~"APU*" && jtag_cable_name =~ "Digilent Zed 210248686034"} -index 0
stop
ps7_init
ps7_post_config
targets -set -nocase -filter {name =~ "ARM*#0" && jtag_cable_name =~ "Digilent Zed 210248686034"} -index 0
rst -processor
targets -set -nocase -filter {name =~ "ARM*#0" && jtag_cable_name =~ "Digilent Zed 210248686034"} -index 0
dow /afs/ee.cooper.edu/user/a/alvee.ahmed/aahmed_oled/aahmed_oled.sdk/oled_test/Debug/oled_test.elf
configparams force-mem-access 0
----------------End of Script----------------

17:45:59 INFO  : Context for processor 'ps7_cortexa9_0' is selected.
17:45:59 INFO  : 'con' command is executed.
17:45:59 INFO  : ----------------XSDB Script (After Launch)----------------
targets -set -nocase -filter {name =~ "ARM*#0" && jtag_cable_name =~ "Digilent Zed 210248686034"} -index 0
con
----------------End of Script----------------

17:45:59 INFO  : Disconnected from the channel tcfchan#1.
19:05:25 INFO  : Registering command handlers for SDK TCF services
19:05:26 INFO  : Launching XSCT server: xsct -n -interactive /afs/ee.cooper.edu/user/a/alvee.ahmed/aahmed_oled/aahmed_oled.sdk/temp_xsdb_launch_script.tcl
19:05:28 INFO  : XSCT server has started successfully.
19:05:29 INFO  : Processing command line option -hwspec /afs/ee.cooper.edu/user/a/alvee.ahmed/aahmed_oled/aahmed_oled.sdk/design_1_wrapper.hdf.
19:05:29 INFO  : Successfully done setting XSCT server connection channel  
19:05:29 INFO  : Successfully done setting SDK workspace  
19:05:29 INFO  : Checking for hwspec changes in the project design_1_wrapper_hw_platform_0.
19:05:48 INFO  : Connected to target on host '127.0.0.1' and port '3121'.
19:05:48 INFO  : 'targets -set -filter {jtag_cable_name =~ "Digilent Zed 210248686034" && level==0} -index 1' command is executed.
19:05:51 INFO  : FPGA configured successfully with bitstream "/afs/ee.cooper.edu/user/a/alvee.ahmed/aahmed_oled/aahmed_oled.sdk/design_1_wrapper_hw_platform_0/design_1_wrapper.bit"
19:06:05 INFO  : 'targets -set -filter {jtag_cable_name =~ "Digilent Zed 210248686034" && level==0} -index 1' command is executed.
19:06:05 INFO  : 'fpga -state' command is executed.
19:06:05 INFO  : Connected to target on host '127.0.0.1' and port '3121'.
19:06:05 INFO  : Jtag cable 'Digilent Zed 210248686034' is selected.
19:06:05 INFO  : 'jtag frequency' command is executed.
19:06:05 INFO  : Sourcing of '/afs/ee.cooper.edu/user/a/alvee.ahmed/aahmed_oled/aahmed_oled.sdk/design_1_wrapper_hw_platform_0/ps7_init.tcl' is done.
19:06:05 INFO  : Context for 'APU' is selected.
19:06:05 INFO  : Hardware design information is loaded from '/afs/ee.cooper.edu/user/a/alvee.ahmed/aahmed_oled/aahmed_oled.sdk/design_1_wrapper_hw_platform_0/system.hdf'.
19:06:05 INFO  : 'configparams force-mem-access 1' command is executed.
19:06:05 INFO  : Context for 'APU' is selected.
19:06:05 INFO  : 'stop' command is executed.
19:06:06 INFO  : 'ps7_init' command is executed.
19:06:06 INFO  : 'ps7_post_config' command is executed.
19:06:06 INFO  : Context for processor 'ps7_cortexa9_0' is selected.
19:06:06 INFO  : Processor reset is completed for 'ps7_cortexa9_0'.
19:06:06 INFO  : Context for processor 'ps7_cortexa9_0' is selected.
19:06:06 INFO  : The application '/afs/ee.cooper.edu/user/a/alvee.ahmed/aahmed_oled/aahmed_oled.sdk/oled_test/Debug/oled_test.elf' is downloaded to processor 'ps7_cortexa9_0'.
19:06:06 INFO  : 'configparams force-mem-access 0' command is executed.
19:06:06 INFO  : ----------------XSDB Script----------------
connect -url tcp:127.0.0.1:3121
source /afs/ee.cooper.edu/user/a/alvee.ahmed/aahmed_oled/aahmed_oled.sdk/design_1_wrapper_hw_platform_0/ps7_init.tcl
targets -set -nocase -filter {name =~"APU*" && jtag_cable_name =~ "Digilent Zed 210248686034"} -index 0
loadhw -hw /afs/ee.cooper.edu/user/a/alvee.ahmed/aahmed_oled/aahmed_oled.sdk/design_1_wrapper_hw_platform_0/system.hdf -mem-ranges [list {0x40000000 0xbfffffff}]
configparams force-mem-access 1
targets -set -nocase -filter {name =~"APU*" && jtag_cable_name =~ "Digilent Zed 210248686034"} -index 0
stop
ps7_init
ps7_post_config
targets -set -nocase -filter {name =~ "ARM*#0" && jtag_cable_name =~ "Digilent Zed 210248686034"} -index 0
rst -processor
targets -set -nocase -filter {name =~ "ARM*#0" && jtag_cable_name =~ "Digilent Zed 210248686034"} -index 0
dow /afs/ee.cooper.edu/user/a/alvee.ahmed/aahmed_oled/aahmed_oled.sdk/oled_test/Debug/oled_test.elf
configparams force-mem-access 0
----------------End of Script----------------

19:06:06 INFO  : Context for processor 'ps7_cortexa9_0' is selected.
19:06:06 INFO  : 'con' command is executed.
19:06:06 INFO  : ----------------XSDB Script (After Launch)----------------
targets -set -nocase -filter {name =~ "ARM*#0" && jtag_cable_name =~ "Digilent Zed 210248686034"} -index 0
con
----------------End of Script----------------

19:06:06 INFO  : Disconnected from the channel tcfchan#1.
