Copyright 1986-2019 Xilinx, Inc. All Rights Reserved.
---------------------------------------------------------------------------------------------
| Tool Version : Vivado v.2019.1 (lin64) Build 2552052 Fri May 24 14:47:09 MDT 2019
| Date         : Tue Nov 19 19:26:35 2024
| Host         : micro09 running 64-bit Debian GNU/Linux 10 (buster)
| Command      : report_control_sets -verbose -file design_1_wrapper_control_sets_placed.rpt
| Design       : design_1_wrapper
| Device       : xc7z020
---------------------------------------------------------------------------------------------

Control Set Information

Table of Contents
-----------------
1. Summary
2. Histogram
3. Flip-Flop Distribution
4. Detailed Control Set Information

1. Summary
----------

+----------------------------------------------------------+-------+
|                          Status                          | Count |
+----------------------------------------------------------+-------+
| Total control sets                                       |   117 |
|    Minimum number of control sets                        |   117 |
|    Addition due to synthesis replication                 |     0 |
|    Addition due to physical synthesis replication        |     0 |
| Unused register locations in slices containing registers |   140 |
+----------------------------------------------------------+-------+
* Control sets can be merged at opt_design using control_set_merge or merge_equivalent_drivers
** Run report_qor_suggestions for automated merging and remapping suggestions


2. Histogram
------------

+--------------------+-------+
|       Fanout       | Count |
+--------------------+-------+
| Total control sets |   117 |
| >= 0 to < 4        |     1 |
| >= 4 to < 6        |    14 |
| >= 6 to < 8        |     3 |
| >= 8 to < 10       |    74 |
| >= 10 to < 12      |     2 |
| >= 12 to < 14      |     4 |
| >= 14 to < 16      |     3 |
| >= 16              |    16 |
+--------------------+-------+
* Control sets can be remapped at either synth_design or opt_design


3. Flip-Flop Distribution
-------------------------

+--------------+-----------------------+------------------------+-----------------+--------------+
| Clock Enable | Synchronous Set/Reset | Asynchronous Set/Reset | Total Registers | Total Slices |
+--------------+-----------------------+------------------------+-----------------+--------------+
| No           | No                    | No                     |             121 |           45 |
| No           | No                    | Yes                    |               0 |            0 |
| No           | Yes                   | No                     |              55 |           18 |
| Yes          | No                    | No                     |             427 |          134 |
| Yes          | No                    | Yes                    |               0 |            0 |
| Yes          | Yes                   | No                     |            1241 |          353 |
+--------------+-----------------------+------------------------+-----------------+--------------+


4. Detailed Control Set Information
-----------------------------------

+-------------------------------------------------+----------------------------------------------------------------------------------------------------------------------------------------------------------------+-------------------------------------------------------------------------------------------------------------------------------------------------------+------------------+----------------+
|                   Clock Signal                  |                                                                          Enable Signal                                                                         |                                                                    Set/Reset Signal                                                                   | Slice Load Count | Bel Load Count |
+-------------------------------------------------+----------------------------------------------------------------------------------------------------------------------------------------------------------------+-------------------------------------------------------------------------------------------------------------------------------------------------------+------------------+----------------+
|  design_1_i/processing_system7_0/inst/FCLK_CLK0 | design_1_i/ps7_0_axi_periph/s00_couplers/auto_pc/inst/gen_axilite.gen_b2s_conv.axilite_b2s/WR.b_channel_0/bid_fifo_0/bresp_push                                |                                                                                                                                                       |                1 |              2 |
|  design_1_i/processing_system7_0/inst/FCLK_CLK0 |                                                                                                                                                                | design_1_i/ps7_0_axi_periph/s00_couplers/auto_pc/inst/gen_axilite.gen_b2s_conv.axilite_b2s/SI_REG/ar.ar_pipe/aresetn_d_reg[1]_inv_0                   |                3 |              4 |
|  design_1_i/processing_system7_0/inst/FCLK_CLK0 |                                                                                                                                                                | design_1_i/ps7_0_axi_periph/s00_couplers/auto_pc/inst/gen_axilite.gen_b2s_conv.axilite_b2s/SI_REG/aw.aw_pipe/aresetn_d_reg[0]_0                       |                2 |              4 |
|  design_1_i/processing_system7_0/inst/FCLK_CLK0 |                                                                                                                                                                | design_1_i/rst_ps7_0_100M/U0/EXT_LPF/lpf_int                                                                                                          |                1 |              4 |
|  design_1_i/processing_system7_0/inst/FCLK_CLK0 | design_1_i/ZedboardOLED_0/inst/ZedboardOLED_v1_0_S00_AXI_inst/after_state[98]_i_1_n_0                                                                          | design_1_i/ZedboardOLED_0/inst/ZedboardOLED_v1_0_S00_AXI_inst/after_state[62]_i_1_n_0                                                                 |                3 |              4 |
|  design_1_i/processing_system7_0/inst/FCLK_CLK0 | design_1_i/ps7_0_axi_periph/s00_couplers/auto_pc/inst/gen_axilite.gen_b2s_conv.axilite_b2s/RD.r_channel_0/transaction_fifo_0/cnt_read[4]_i_1__0_n_0            | design_1_i/ps7_0_axi_periph/s00_couplers/auto_pc/inst/gen_axilite.gen_b2s_conv.axilite_b2s/areset_d1                                                  |                2 |              5 |
|  design_1_i/processing_system7_0/inst/FCLK_CLK0 | design_1_i/ps7_0_axi_periph/s00_couplers/auto_pc/inst/gen_axilite.gen_b2s_conv.axilite_b2s/RD.r_channel_0/transaction_fifo_0/E[0]                              | design_1_i/ps7_0_axi_periph/s00_couplers/auto_pc/inst/gen_axilite.gen_b2s_conv.axilite_b2s/areset_d1                                                  |                2 |              5 |
|  design_1_i/processing_system7_0/inst/FCLK_CLK0 |                                                                                                                                                                | design_1_i/ZedboardOLED_0/inst/ZedboardOLED_v1_0_S00_AXI_inst/SPI_COMP/counter                                                                        |                1 |              5 |
|  design_1_i/processing_system7_0/inst/FCLK_CLK0 |                                                                                                                                                                | design_1_i/ZedboardOLED_0/inst/axi_awready_i_1_n_0                                                                                                    |                2 |              5 |
|  design_1_i/processing_system7_0/inst/FCLK_CLK0 | design_1_i/ZedboardOLED_0/inst/ZedboardOLED_v1_0_S00_AXI_inst/axi_arready0                                                                                     | design_1_i/ZedboardOLED_0/inst/axi_awready_i_1_n_0                                                                                                    |                2 |              5 |
|  design_1_i/processing_system7_0/inst/FCLK_CLK0 | design_1_i/ZedboardOLED_0/inst/ZedboardOLED_v1_0_S00_AXI_inst/axi_awready0                                                                                     | design_1_i/ZedboardOLED_0/inst/axi_awready_i_1_n_0                                                                                                    |                2 |              5 |
|  design_1_i/processing_system7_0/inst/FCLK_CLK0 | design_1_i/ps7_0_axi_periph/s00_couplers/auto_pc/inst/gen_axilite.gen_b2s_conv.axilite_b2s/RD.ar_channel_0/ar_cmd_fsm_0/m_axi_arready_0                        | design_1_i/ps7_0_axi_periph/s00_couplers/auto_pc/inst/gen_axilite.gen_b2s_conv.axilite_b2s/RD.ar_channel_0/ar_cmd_fsm_0/FSM_sequential_state_reg[1]_0 |                4 |              5 |
|  design_1_i/processing_system7_0/inst/FCLK_CLK0 | design_1_i/ZedboardOLED_0/inst/ZedboardOLED_v1_0_S00_AXI_inst/after_state[98]_i_1_n_0                                                                          | design_1_i/ZedboardOLED_0/inst/ZedboardOLED_v1_0_S00_AXI_inst/after_state[60]_i_1_n_0                                                                 |                4 |              5 |
|  design_1_i/processing_system7_0/inst/FCLK_CLK0 | design_1_i/ZedboardOLED_0/inst/ZedboardOLED_v1_0_S00_AXI_inst/SPI_COMP/temp_sdo                                                                                | design_1_i/ZedboardOLED_0/inst/ZedboardOLED_v1_0_S00_AXI_inst/SPI_COMP/FSM_onehot_current_state_reg_n_0_[0]                                           |                2 |              5 |
|  design_1_i/processing_system7_0/inst/FCLK_CLK0 | design_1_i/ps7_0_axi_periph/s00_couplers/auto_pc/inst/gen_axilite.gen_b2s_conv.axilite_b2s/WR.aw_channel_0/aw_cmd_fsm_0/m_valid_i_reg_0                        | design_1_i/ps7_0_axi_periph/s00_couplers/auto_pc/inst/gen_axilite.gen_b2s_conv.axilite_b2s/WR.aw_channel_0/aw_cmd_fsm_0/m_valid_i_reg                 |                2 |              5 |
|  design_1_i/processing_system7_0/inst/FCLK_CLK0 | design_1_i/rst_ps7_0_100M/U0/SEQ/seq_cnt_en                                                                                                                    | design_1_i/rst_ps7_0_100M/U0/SEQ/SEQ_COUNTER/clear                                                                                                    |                1 |              6 |
|  design_1_i/processing_system7_0/inst/FCLK_CLK0 |                                                                                                                                                                | design_1_i/ZedboardOLED_0/inst/ZedboardOLED_v1_0_S00_AXI_inst/RST_internal_reg_0                                                                      |                2 |              6 |
|  design_1_i/processing_system7_0/inst/FCLK_CLK0 | design_1_i/ZedboardOLED_0/inst/ZedboardOLED_v1_0_S00_AXI_inst/SPI_COMP/shift_register                                                                          |                                                                                                                                                       |                1 |              7 |
|  design_1_i/processing_system7_0/inst/FCLK_CLK0 | design_1_i/ZedboardOLED_0/inst/ZedboardOLED_v1_0_S00_AXI_inst/slv_reg14[23]_i_1_n_0                                                                            | design_1_i/ZedboardOLED_0/inst/axi_awready_i_1_n_0                                                                                                    |                2 |              8 |
|  design_1_i/processing_system7_0/inst/FCLK_CLK0 | design_1_i/ZedboardOLED_0/inst/ZedboardOLED_v1_0_S00_AXI_inst/slv_reg11[7]_i_1_n_0                                                                             | design_1_i/ZedboardOLED_0/inst/axi_awready_i_1_n_0                                                                                                    |                2 |              8 |
|  design_1_i/processing_system7_0/inst/FCLK_CLK0 | design_1_i/ZedboardOLED_0/inst/ZedboardOLED_v1_0_S00_AXI_inst/slv_reg12[15]_i_1_n_0                                                                            | design_1_i/ZedboardOLED_0/inst/axi_awready_i_1_n_0                                                                                                    |                1 |              8 |
|  design_1_i/processing_system7_0/inst/FCLK_CLK0 | design_1_i/ZedboardOLED_0/inst/ZedboardOLED_v1_0_S00_AXI_inst/slv_reg12[23]_i_1_n_0                                                                            | design_1_i/ZedboardOLED_0/inst/axi_awready_i_1_n_0                                                                                                    |                1 |              8 |
|  design_1_i/processing_system7_0/inst/FCLK_CLK0 | design_1_i/ZedboardOLED_0/inst/ZedboardOLED_v1_0_S00_AXI_inst/slv_reg12[31]_i_1_n_0                                                                            | design_1_i/ZedboardOLED_0/inst/axi_awready_i_1_n_0                                                                                                    |                3 |              8 |
|  design_1_i/processing_system7_0/inst/FCLK_CLK0 | design_1_i/ZedboardOLED_0/inst/ZedboardOLED_v1_0_S00_AXI_inst/slv_reg12[7]_i_1_n_0                                                                             | design_1_i/ZedboardOLED_0/inst/axi_awready_i_1_n_0                                                                                                    |                1 |              8 |
|  design_1_i/processing_system7_0/inst/FCLK_CLK0 | design_1_i/ZedboardOLED_0/inst/ZedboardOLED_v1_0_S00_AXI_inst/slv_reg13[15]_i_1_n_0                                                                            | design_1_i/ZedboardOLED_0/inst/axi_awready_i_1_n_0                                                                                                    |                1 |              8 |
|  design_1_i/processing_system7_0/inst/FCLK_CLK0 | design_1_i/ZedboardOLED_0/inst/ZedboardOLED_v1_0_S00_AXI_inst/slv_reg13[23]_i_1_n_0                                                                            | design_1_i/ZedboardOLED_0/inst/axi_awready_i_1_n_0                                                                                                    |                1 |              8 |
|  design_1_i/processing_system7_0/inst/FCLK_CLK0 | design_1_i/ZedboardOLED_0/inst/ZedboardOLED_v1_0_S00_AXI_inst/slv_reg13[31]_i_1_n_0                                                                            | design_1_i/ZedboardOLED_0/inst/axi_awready_i_1_n_0                                                                                                    |                1 |              8 |
|  design_1_i/processing_system7_0/inst/FCLK_CLK0 | design_1_i/ZedboardOLED_0/inst/ZedboardOLED_v1_0_S00_AXI_inst/slv_reg13[7]_i_1_n_0                                                                             | design_1_i/ZedboardOLED_0/inst/axi_awready_i_1_n_0                                                                                                    |                1 |              8 |
|  design_1_i/processing_system7_0/inst/FCLK_CLK0 | design_1_i/ZedboardOLED_0/inst/ZedboardOLED_v1_0_S00_AXI_inst/slv_reg14[15]_i_1_n_0                                                                            | design_1_i/ZedboardOLED_0/inst/axi_awready_i_1_n_0                                                                                                    |                1 |              8 |
|  design_1_i/processing_system7_0/inst/FCLK_CLK0 | design_1_i/ZedboardOLED_0/inst/ZedboardOLED_v1_0_S00_AXI_inst/slv_reg14[31]_i_1_n_0                                                                            | design_1_i/ZedboardOLED_0/inst/axi_awready_i_1_n_0                                                                                                    |                1 |              8 |
|  design_1_i/processing_system7_0/inst/FCLK_CLK0 | design_1_i/ZedboardOLED_0/inst/ZedboardOLED_v1_0_S00_AXI_inst/slv_reg14[7]_i_1_n_0                                                                             | design_1_i/ZedboardOLED_0/inst/axi_awready_i_1_n_0                                                                                                    |                3 |              8 |
|  design_1_i/processing_system7_0/inst/FCLK_CLK0 | design_1_i/ZedboardOLED_0/inst/ZedboardOLED_v1_0_S00_AXI_inst/slv_reg15[15]_i_1_n_0                                                                            | design_1_i/ZedboardOLED_0/inst/axi_awready_i_1_n_0                                                                                                    |                7 |              8 |
|  design_1_i/processing_system7_0/inst/FCLK_CLK0 | design_1_i/ZedboardOLED_0/inst/ZedboardOLED_v1_0_S00_AXI_inst/slv_reg2[15]_i_1_n_0                                                                             | design_1_i/ZedboardOLED_0/inst/axi_awready_i_1_n_0                                                                                                    |                1 |              8 |
|  design_1_i/processing_system7_0/inst/FCLK_CLK0 | design_1_i/ZedboardOLED_0/inst/ZedboardOLED_v1_0_S00_AXI_inst/slv_reg2[23]_i_1_n_0                                                                             | design_1_i/ZedboardOLED_0/inst/axi_awready_i_1_n_0                                                                                                    |                1 |              8 |
|  design_1_i/processing_system7_0/inst/FCLK_CLK0 | design_1_i/ZedboardOLED_0/inst/ZedboardOLED_v1_0_S00_AXI_inst/slv_reg1[7]_i_1_n_0                                                                              | design_1_i/ZedboardOLED_0/inst/axi_awready_i_1_n_0                                                                                                    |                2 |              8 |
|  design_1_i/processing_system7_0/inst/FCLK_CLK0 | design_1_i/ZedboardOLED_0/inst/ZedboardOLED_v1_0_S00_AXI_inst/slv_reg15[7]_i_1_n_0                                                                             | design_1_i/ZedboardOLED_0/inst/axi_awready_i_1_n_0                                                                                                    |                1 |              8 |
|  design_1_i/processing_system7_0/inst/FCLK_CLK0 | design_1_i/ZedboardOLED_0/inst/ZedboardOLED_v1_0_S00_AXI_inst/slv_reg15[23]_i_1_n_0                                                                            | design_1_i/ZedboardOLED_0/inst/axi_awready_i_1_n_0                                                                                                    |                1 |              8 |
|  design_1_i/processing_system7_0/inst/FCLK_CLK0 | design_1_i/ZedboardOLED_0/inst/ZedboardOLED_v1_0_S00_AXI_inst/slv_reg15[31]_i_1_n_0                                                                            | design_1_i/ZedboardOLED_0/inst/axi_awready_i_1_n_0                                                                                                    |                3 |              8 |
|  design_1_i/processing_system7_0/inst/FCLK_CLK0 | design_1_i/ZedboardOLED_0/inst/ZedboardOLED_v1_0_S00_AXI_inst/slv_reg0[7]_i_1_n_0                                                                              | design_1_i/ZedboardOLED_0/inst/axi_awready_i_1_n_0                                                                                                    |                1 |              8 |
|  design_1_i/processing_system7_0/inst/FCLK_CLK0 | design_1_i/ps7_0_axi_periph/s00_couplers/auto_pc/inst/gen_axilite.gen_b2s_conv.axilite_b2s/WR.b_channel_0/mhandshake_r                                         | design_1_i/ps7_0_axi_periph/s00_couplers/auto_pc/inst/gen_axilite.gen_b2s_conv.axilite_b2s/WR.b_channel_0/bid_fifo_0/SR[0]                            |                3 |              8 |
|  design_1_i/processing_system7_0/inst/FCLK_CLK0 | design_1_i/ps7_0_axi_periph/s00_couplers/auto_pc/inst/gen_axilite.gen_b2s_conv.axilite_b2s/WR.aw_channel_0/cmd_translator_0/incr_cmd_0/axaddr_incr[11]_i_1_n_0 |                                                                                                                                                       |                2 |              8 |
|  design_1_i/processing_system7_0/inst/FCLK_CLK0 | design_1_i/ps7_0_axi_periph/s00_couplers/auto_pc/inst/gen_axilite.gen_b2s_conv.axilite_b2s/WR.aw_channel_0/aw_cmd_fsm_0/E[0]                                   |                                                                                                                                                       |                2 |              8 |
|  design_1_i/processing_system7_0/inst/FCLK_CLK0 | design_1_i/ps7_0_axi_periph/s00_couplers/auto_pc/inst/gen_axilite.gen_b2s_conv.axilite_b2s/RD.ar_channel_0/ar_cmd_fsm_0/sel_first_reg[0]                       |                                                                                                                                                       |                2 |              8 |
|  design_1_i/processing_system7_0/inst/FCLK_CLK0 | design_1_i/ps7_0_axi_periph/s00_couplers/auto_pc/inst/gen_axilite.gen_b2s_conv.axilite_b2s/RD.ar_channel_0/ar_cmd_fsm_0/E[0]                                   |                                                                                                                                                       |                4 |              8 |
|  design_1_i/processing_system7_0/inst/FCLK_CLK0 | design_1_i/ZedboardOLED_0/inst/ZedboardOLED_v1_0_S00_AXI_inst/p_1_in[31]                                                                                       | design_1_i/ZedboardOLED_0/inst/axi_awready_i_1_n_0                                                                                                    |                1 |              8 |
|  design_1_i/processing_system7_0/inst/FCLK_CLK0 | design_1_i/ZedboardOLED_0/inst/ZedboardOLED_v1_0_S00_AXI_inst/p_1_in[15]                                                                                       | design_1_i/ZedboardOLED_0/inst/axi_awready_i_1_n_0                                                                                                    |                2 |              8 |
|  design_1_i/processing_system7_0/inst/FCLK_CLK0 | design_1_i/ZedboardOLED_0/inst/ZedboardOLED_v1_0_S00_AXI_inst/p_1_in[1]                                                                                        | design_1_i/ZedboardOLED_0/inst/axi_awready_i_1_n_0                                                                                                    |                1 |              8 |
|  design_1_i/processing_system7_0/inst/FCLK_CLK0 | design_1_i/ZedboardOLED_0/inst/ZedboardOLED_v1_0_S00_AXI_inst/p_1_in[23]                                                                                       | design_1_i/ZedboardOLED_0/inst/axi_awready_i_1_n_0                                                                                                    |                1 |              8 |
|  design_1_i/processing_system7_0/inst/FCLK_CLK0 | design_1_i/ZedboardOLED_0/inst/ZedboardOLED_v1_0_S00_AXI_inst/slv_reg0[31]_i_1_n_0                                                                             | design_1_i/ZedboardOLED_0/inst/axi_awready_i_1_n_0                                                                                                    |                2 |              8 |
|  design_1_i/processing_system7_0/inst/FCLK_CLK0 | design_1_i/ZedboardOLED_0/inst/ZedboardOLED_v1_0_S00_AXI_inst/slv_reg10[23]_i_1_n_0                                                                            | design_1_i/ZedboardOLED_0/inst/axi_awready_i_1_n_0                                                                                                    |                1 |              8 |
|  design_1_i/processing_system7_0/inst/FCLK_CLK0 | design_1_i/ZedboardOLED_0/inst/ZedboardOLED_v1_0_S00_AXI_inst/slv_reg10[15]_i_1_n_0                                                                            | design_1_i/ZedboardOLED_0/inst/axi_awready_i_1_n_0                                                                                                    |                1 |              8 |
|  design_1_i/processing_system7_0/inst/FCLK_CLK0 | design_1_i/ZedboardOLED_0/inst/ZedboardOLED_v1_0_S00_AXI_inst/slv_reg10[31]_i_1_n_0                                                                            | design_1_i/ZedboardOLED_0/inst/axi_awready_i_1_n_0                                                                                                    |                2 |              8 |
|  design_1_i/processing_system7_0/inst/FCLK_CLK0 | design_1_i/ZedboardOLED_0/inst/ZedboardOLED_v1_0_S00_AXI_inst/slv_reg10[7]_i_1_n_0                                                                             | design_1_i/ZedboardOLED_0/inst/axi_awready_i_1_n_0                                                                                                    |                2 |              8 |
|  design_1_i/processing_system7_0/inst/FCLK_CLK0 | design_1_i/ZedboardOLED_0/inst/ZedboardOLED_v1_0_S00_AXI_inst/slv_reg11[15]_i_1_n_0                                                                            | design_1_i/ZedboardOLED_0/inst/axi_awready_i_1_n_0                                                                                                    |                1 |              8 |
|  design_1_i/processing_system7_0/inst/FCLK_CLK0 | design_1_i/ZedboardOLED_0/inst/ZedboardOLED_v1_0_S00_AXI_inst/slv_reg11[23]_i_1_n_0                                                                            | design_1_i/ZedboardOLED_0/inst/axi_awready_i_1_n_0                                                                                                    |                1 |              8 |
|  design_1_i/processing_system7_0/inst/FCLK_CLK0 | design_1_i/ZedboardOLED_0/inst/ZedboardOLED_v1_0_S00_AXI_inst/slv_reg11[31]_i_1_n_0                                                                            | design_1_i/ZedboardOLED_0/inst/axi_awready_i_1_n_0                                                                                                    |                4 |              8 |
|  design_1_i/processing_system7_0/inst/FCLK_CLK0 | design_1_i/ZedboardOLED_0/inst/ZedboardOLED_v1_0_S00_AXI_inst/slv_reg0[15]_i_1_n_0                                                                             | design_1_i/ZedboardOLED_0/inst/axi_awready_i_1_n_0                                                                                                    |                1 |              8 |
|  design_1_i/processing_system7_0/inst/FCLK_CLK0 | design_1_i/ZedboardOLED_0/inst/ZedboardOLED_v1_0_S00_AXI_inst/slv_reg0[23]_i_1_n_0                                                                             | design_1_i/ZedboardOLED_0/inst/axi_awready_i_1_n_0                                                                                                    |                1 |              8 |
|  design_1_i/processing_system7_0/inst/FCLK_CLK0 | design_1_i/ZedboardOLED_0/inst/ZedboardOLED_v1_0_S00_AXI_inst/slv_reg7[15]_i_1_n_0                                                                             | design_1_i/ZedboardOLED_0/inst/axi_awready_i_1_n_0                                                                                                    |                1 |              8 |
|  design_1_i/processing_system7_0/inst/FCLK_CLK0 | design_1_i/ZedboardOLED_0/inst/ZedboardOLED_v1_0_S00_AXI_inst/slv_reg5[15]_i_1_n_0                                                                             | design_1_i/ZedboardOLED_0/inst/axi_awready_i_1_n_0                                                                                                    |                1 |              8 |
|  design_1_i/processing_system7_0/inst/FCLK_CLK0 | design_1_i/ZedboardOLED_0/inst/ZedboardOLED_v1_0_S00_AXI_inst/slv_reg5[23]_i_1_n_0                                                                             | design_1_i/ZedboardOLED_0/inst/axi_awready_i_1_n_0                                                                                                    |                3 |              8 |
|  design_1_i/processing_system7_0/inst/FCLK_CLK0 | design_1_i/ZedboardOLED_0/inst/ZedboardOLED_v1_0_S00_AXI_inst/slv_reg5[31]_i_1_n_0                                                                             | design_1_i/ZedboardOLED_0/inst/axi_awready_i_1_n_0                                                                                                    |                7 |              8 |
|  design_1_i/processing_system7_0/inst/FCLK_CLK0 | design_1_i/ZedboardOLED_0/inst/ZedboardOLED_v1_0_S00_AXI_inst/slv_reg5[7]_i_1_n_0                                                                              | design_1_i/ZedboardOLED_0/inst/axi_awready_i_1_n_0                                                                                                    |                3 |              8 |
|  design_1_i/processing_system7_0/inst/FCLK_CLK0 | design_1_i/ZedboardOLED_0/inst/ZedboardOLED_v1_0_S00_AXI_inst/slv_reg6[15]_i_1_n_0                                                                             | design_1_i/ZedboardOLED_0/inst/axi_awready_i_1_n_0                                                                                                    |                3 |              8 |
|  design_1_i/processing_system7_0/inst/FCLK_CLK0 | design_1_i/ZedboardOLED_0/inst/ZedboardOLED_v1_0_S00_AXI_inst/slv_reg6[23]_i_1_n_0                                                                             | design_1_i/ZedboardOLED_0/inst/axi_awready_i_1_n_0                                                                                                    |                2 |              8 |
|  design_1_i/processing_system7_0/inst/FCLK_CLK0 | design_1_i/ZedboardOLED_0/inst/ZedboardOLED_v1_0_S00_AXI_inst/slv_reg6[31]_i_1_n_0                                                                             | design_1_i/ZedboardOLED_0/inst/axi_awready_i_1_n_0                                                                                                    |                6 |              8 |
|  design_1_i/processing_system7_0/inst/FCLK_CLK0 | design_1_i/ZedboardOLED_0/inst/ZedboardOLED_v1_0_S00_AXI_inst/slv_reg6[7]_i_1_n_0                                                                              | design_1_i/ZedboardOLED_0/inst/axi_awready_i_1_n_0                                                                                                    |                4 |              8 |
|  design_1_i/processing_system7_0/inst/FCLK_CLK0 | design_1_i/ZedboardOLED_0/inst/ZedboardOLED_v1_0_S00_AXI_inst/slv_reg2[31]_i_1_n_0                                                                             | design_1_i/ZedboardOLED_0/inst/axi_awready_i_1_n_0                                                                                                    |                4 |              8 |
|  design_1_i/processing_system7_0/inst/FCLK_CLK0 | design_1_i/ZedboardOLED_0/inst/ZedboardOLED_v1_0_S00_AXI_inst/slv_reg7[23]_i_1_n_0                                                                             | design_1_i/ZedboardOLED_0/inst/axi_awready_i_1_n_0                                                                                                    |                4 |              8 |
|  design_1_i/processing_system7_0/inst/FCLK_CLK0 | design_1_i/ZedboardOLED_0/inst/ZedboardOLED_v1_0_S00_AXI_inst/slv_reg7[31]_i_1_n_0                                                                             | design_1_i/ZedboardOLED_0/inst/axi_awready_i_1_n_0                                                                                                    |                1 |              8 |
|  design_1_i/processing_system7_0/inst/FCLK_CLK0 | design_1_i/ZedboardOLED_0/inst/ZedboardOLED_v1_0_S00_AXI_inst/slv_reg7[7]_i_1_n_0                                                                              | design_1_i/ZedboardOLED_0/inst/axi_awready_i_1_n_0                                                                                                    |                1 |              8 |
|  design_1_i/processing_system7_0/inst/FCLK_CLK0 | design_1_i/ZedboardOLED_0/inst/ZedboardOLED_v1_0_S00_AXI_inst/slv_reg8[15]_i_1_n_0                                                                             | design_1_i/ZedboardOLED_0/inst/axi_awready_i_1_n_0                                                                                                    |                3 |              8 |
|  design_1_i/processing_system7_0/inst/FCLK_CLK0 | design_1_i/ZedboardOLED_0/inst/ZedboardOLED_v1_0_S00_AXI_inst/slv_reg8[23]_i_1_n_0                                                                             | design_1_i/ZedboardOLED_0/inst/axi_awready_i_1_n_0                                                                                                    |                2 |              8 |
|  design_1_i/processing_system7_0/inst/FCLK_CLK0 | design_1_i/ZedboardOLED_0/inst/ZedboardOLED_v1_0_S00_AXI_inst/slv_reg8[31]_i_1_n_0                                                                             | design_1_i/ZedboardOLED_0/inst/axi_awready_i_1_n_0                                                                                                    |                5 |              8 |
|  design_1_i/processing_system7_0/inst/FCLK_CLK0 | design_1_i/ZedboardOLED_0/inst/ZedboardOLED_v1_0_S00_AXI_inst/slv_reg9[7]_i_1_n_0                                                                              | design_1_i/ZedboardOLED_0/inst/axi_awready_i_1_n_0                                                                                                    |                5 |              8 |
|  design_1_i/processing_system7_0/inst/FCLK_CLK0 | design_1_i/ZedboardOLED_0/inst/ZedboardOLED_v1_0_S00_AXI_inst/temp_spi_data[7]_i_1_n_0                                                                         |                                                                                                                                                       |                5 |              8 |
|  design_1_i/processing_system7_0/inst/FCLK_CLK0 | design_1_i/ZedboardOLED_0/inst/ZedboardOLED_v1_0_S00_AXI_inst/slv_reg4[31]_i_1_n_0                                                                             | design_1_i/ZedboardOLED_0/inst/axi_awready_i_1_n_0                                                                                                    |                2 |              8 |
|  design_1_i/processing_system7_0/inst/FCLK_CLK0 | design_1_i/ZedboardOLED_0/inst/ZedboardOLED_v1_0_S00_AXI_inst/slv_reg4[7]_i_1_n_0                                                                              | design_1_i/ZedboardOLED_0/inst/axi_awready_i_1_n_0                                                                                                    |                1 |              8 |
|  design_1_i/processing_system7_0/inst/FCLK_CLK0 | design_1_i/ZedboardOLED_0/inst/ZedboardOLED_v1_0_S00_AXI_inst/slv_reg2[7]_i_1_n_0                                                                              | design_1_i/ZedboardOLED_0/inst/axi_awready_i_1_n_0                                                                                                    |                4 |              8 |
|  design_1_i/processing_system7_0/inst/FCLK_CLK0 | design_1_i/ZedboardOLED_0/inst/ZedboardOLED_v1_0_S00_AXI_inst/slv_reg3[15]_i_1_n_0                                                                             | design_1_i/ZedboardOLED_0/inst/axi_awready_i_1_n_0                                                                                                    |                3 |              8 |
|  design_1_i/processing_system7_0/inst/FCLK_CLK0 | design_1_i/ZedboardOLED_0/inst/ZedboardOLED_v1_0_S00_AXI_inst/slv_reg3[23]_i_1_n_0                                                                             | design_1_i/ZedboardOLED_0/inst/axi_awready_i_1_n_0                                                                                                    |                2 |              8 |
|  design_1_i/processing_system7_0/inst/FCLK_CLK0 | design_1_i/ZedboardOLED_0/inst/ZedboardOLED_v1_0_S00_AXI_inst/slv_reg3[31]_i_1_n_0                                                                             | design_1_i/ZedboardOLED_0/inst/axi_awready_i_1_n_0                                                                                                    |                5 |              8 |
|  design_1_i/processing_system7_0/inst/FCLK_CLK0 | design_1_i/ZedboardOLED_0/inst/ZedboardOLED_v1_0_S00_AXI_inst/slv_reg1[15]_i_1_n_0                                                                             | design_1_i/ZedboardOLED_0/inst/axi_awready_i_1_n_0                                                                                                    |                1 |              8 |
|  design_1_i/processing_system7_0/inst/FCLK_CLK0 | design_1_i/ZedboardOLED_0/inst/ZedboardOLED_v1_0_S00_AXI_inst/slv_reg1[23]_i_1_n_0                                                                             | design_1_i/ZedboardOLED_0/inst/axi_awready_i_1_n_0                                                                                                    |                1 |              8 |
|  design_1_i/processing_system7_0/inst/FCLK_CLK0 | design_1_i/ZedboardOLED_0/inst/ZedboardOLED_v1_0_S00_AXI_inst/slv_reg1[31]_i_1_n_0                                                                             | design_1_i/ZedboardOLED_0/inst/axi_awready_i_1_n_0                                                                                                    |                3 |              8 |
|  design_1_i/processing_system7_0/inst/FCLK_CLK0 | design_1_i/ZedboardOLED_0/inst/ZedboardOLED_v1_0_S00_AXI_inst/slv_reg8[7]_i_1_n_0                                                                              | design_1_i/ZedboardOLED_0/inst/axi_awready_i_1_n_0                                                                                                    |                2 |              8 |
|  design_1_i/processing_system7_0/inst/FCLK_CLK0 | design_1_i/ZedboardOLED_0/inst/ZedboardOLED_v1_0_S00_AXI_inst/slv_reg9[15]_i_1_n_0                                                                             | design_1_i/ZedboardOLED_0/inst/axi_awready_i_1_n_0                                                                                                    |                2 |              8 |
|  design_1_i/processing_system7_0/inst/FCLK_CLK0 | design_1_i/ZedboardOLED_0/inst/ZedboardOLED_v1_0_S00_AXI_inst/slv_reg9[23]_i_1_n_0                                                                             | design_1_i/ZedboardOLED_0/inst/axi_awready_i_1_n_0                                                                                                    |                3 |              8 |
|  design_1_i/processing_system7_0/inst/FCLK_CLK0 | design_1_i/ZedboardOLED_0/inst/ZedboardOLED_v1_0_S00_AXI_inst/slv_reg9[31]_i_1_n_0                                                                             | design_1_i/ZedboardOLED_0/inst/axi_awready_i_1_n_0                                                                                                    |                8 |              8 |
|  design_1_i/processing_system7_0/inst/FCLK_CLK0 | design_1_i/ZedboardOLED_0/inst/ZedboardOLED_v1_0_S00_AXI_inst/slv_reg3[7]_i_1_n_0                                                                              | design_1_i/ZedboardOLED_0/inst/axi_awready_i_1_n_0                                                                                                    |                4 |              8 |
|  design_1_i/processing_system7_0/inst/FCLK_CLK0 | design_1_i/ZedboardOLED_0/inst/ZedboardOLED_v1_0_S00_AXI_inst/slv_reg4[15]_i_1_n_0                                                                             | design_1_i/ZedboardOLED_0/inst/axi_awready_i_1_n_0                                                                                                    |                1 |              8 |
|  design_1_i/processing_system7_0/inst/FCLK_CLK0 | design_1_i/ZedboardOLED_0/inst/ZedboardOLED_v1_0_S00_AXI_inst/slv_reg4[23]_i_1_n_0                                                                             | design_1_i/ZedboardOLED_0/inst/axi_awready_i_1_n_0                                                                                                    |                4 |              8 |
|  design_1_i/processing_system7_0/inst/FCLK_CLK0 |                                                                                                                                                                | design_1_i/ps7_0_axi_periph/s00_couplers/auto_pc/inst/gen_axilite.gen_b2s_conv.axilite_b2s/areset_d1                                                  |                3 |             10 |
|  design_1_i/processing_system7_0/inst/FCLK_CLK0 | design_1_i/ZedboardOLED_0/inst/ZedboardOLED_v1_0_S00_AXI_inst/temp_addr[10]_i_1_n_0                                                                            |                                                                                                                                                       |                4 |             11 |
|  design_1_i/processing_system7_0/inst/FCLK_CLK0 | design_1_i/ZedboardOLED_0/inst/ZedboardOLED_v1_0_S00_AXI_inst/DELAY_COMP/ms_counter                                                                            | design_1_i/ZedboardOLED_0/inst/ZedboardOLED_v1_0_S00_AXI_inst/DELAY_COMP/clk_counter__0                                                               |                3 |             12 |
|  design_1_i/processing_system7_0/inst/FCLK_CLK0 | design_1_i/ZedboardOLED_0/inst/ZedboardOLED_v1_0_S00_AXI_inst/RST_internal_reg_0                                                                               |                                                                                                                                                       |                3 |             12 |
|  design_1_i/processing_system7_0/inst/FCLK_CLK0 | design_1_i/ZedboardOLED_0/inst/ZedboardOLED_v1_0_S00_AXI_inst/temp_page[1]_i_1_n_0                                                                             |                                                                                                                                                       |                5 |             12 |
|  design_1_i/processing_system7_0/inst/FCLK_CLK0 | design_1_i/ps7_0_axi_periph/s00_couplers/auto_pc/inst/gen_axilite.gen_b2s_conv.axilite_b2s/RD.r_channel_0/r_push_r                                             |                                                                                                                                                       |                4 |             13 |
|  design_1_i/processing_system7_0/inst/FCLK_CLK0 | design_1_i/ZedboardOLED_0/inst/ZedboardOLED_v1_0_S00_AXI_inst/temp_index[3]_i_1_n_0                                                                            |                                                                                                                                                       |               11 |             14 |
|  design_1_i/processing_system7_0/inst/FCLK_CLK0 | design_1_i/ps7_0_axi_periph/s00_couplers/auto_pc/inst/gen_axilite.gen_b2s_conv.axilite_b2s/SI_REG/b.b_pipe/s_ready_i_reg_0                                     |                                                                                                                                                       |                3 |             14 |
|  design_1_i/processing_system7_0/inst/FCLK_CLK0 | design_1_i/ps7_0_axi_periph/s00_couplers/auto_pc/inst/gen_axilite.gen_b2s_conv.axilite_b2s/SI_REG/b.b_pipe/p_1_in                                              |                                                                                                                                                       |                2 |             14 |
|  design_1_i/processing_system7_0/inst/FCLK_CLK0 | design_1_i/ps7_0_axi_periph/s00_couplers/auto_pc/inst/gen_axilite.gen_b2s_conv.axilite_b2s/WR.aw_channel_0/aw_cmd_fsm_0/b_push                                 |                                                                                                                                                       |                3 |             16 |
|  design_1_i/processing_system7_0/inst/FCLK_CLK0 |                                                                                                                                                                | design_1_i/ZedboardOLED_0/inst/ZedboardOLED_v1_0_S00_AXI_inst/DELAY_COMP/clk_counter__0                                                               |                4 |             17 |
|  design_1_i/processing_system7_0/inst/FCLK_CLK0 | design_1_i/ps7_0_axi_periph/s00_couplers/auto_pc/inst/gen_axilite.gen_b2s_conv.axilite_b2s/RD.ar_channel_0/ar_cmd_fsm_0/m_axi_arready_0                        |                                                                                                                                                       |                7 |             17 |
|  design_1_i/processing_system7_0/inst/FCLK_CLK0 | design_1_i/ps7_0_axi_periph/s00_couplers/auto_pc/inst/gen_axilite.gen_b2s_conv.axilite_b2s/WR.aw_channel_0/aw_cmd_fsm_0/m_valid_i_reg_0                        |                                                                                                                                                       |                6 |             17 |
|  design_1_i/processing_system7_0/inst/FCLK_CLK0 | design_1_i/ps7_0_axi_periph/s00_couplers/auto_pc/inst/gen_axilite.gen_b2s_conv.axilite_b2s/SI_REG/ar.ar_pipe/s_ready_i_reg_0                                   |                                                                                                                                                       |                4 |             28 |
|  design_1_i/processing_system7_0/inst/FCLK_CLK0 | design_1_i/ps7_0_axi_periph/s00_couplers/auto_pc/inst/gen_axilite.gen_b2s_conv.axilite_b2s/WR.aw_channel_0/aw_cmd_fsm_0/m_valid_i_reg_1[0]                     |                                                                                                                                                       |                5 |             28 |
|  design_1_i/processing_system7_0/inst/FCLK_CLK0 | design_1_i/ps7_0_axi_periph/s00_couplers/auto_pc/inst/gen_axilite.gen_b2s_conv.axilite_b2s/SI_REG/aw.aw_pipe/s_ready_i_reg_0                                   |                                                                                                                                                       |                5 |             28 |
|  design_1_i/processing_system7_0/inst/FCLK_CLK0 | design_1_i/ps7_0_axi_periph/s00_couplers/auto_pc/inst/gen_axilite.gen_b2s_conv.axilite_b2s/RD.ar_channel_0/ar_cmd_fsm_0/FSM_sequential_state_reg[1]_1[0]       |                                                                                                                                                       |                4 |             28 |
|  design_1_i/processing_system7_0/inst/FCLK_CLK0 | design_1_i/ZedboardOLED_0/inst/ZedboardOLED_v1_0_S00_AXI_inst/slv_reg_rden                                                                                     | design_1_i/ZedboardOLED_0/inst/axi_awready_i_1_n_0                                                                                                    |               10 |             32 |
|  design_1_i/processing_system7_0/inst/FCLK_CLK0 | design_1_i/ps7_0_axi_periph/s00_couplers/auto_pc/inst/gen_axilite.gen_b2s_conv.axilite_b2s/RD.r_channel_0/rd_data_fifo_0/wr_en0                                |                                                                                                                                                       |                8 |             32 |
|  design_1_i/processing_system7_0/inst/FCLK_CLK0 | design_1_i/ps7_0_axi_periph/s00_couplers/auto_pc/inst/gen_axilite.gen_b2s_conv.axilite_b2s/SI_REG/r.r_pipe/p_1_in                                              |                                                                                                                                                       |                9 |             45 |
|  design_1_i/processing_system7_0/inst/FCLK_CLK0 | design_1_i/ps7_0_axi_periph/s00_couplers/auto_pc/inst/gen_axilite.gen_b2s_conv.axilite_b2s/SI_REG/r.r_pipe/s_ready_i_reg_0                                     |                                                                                                                                                       |               12 |             45 |
|  design_1_i/processing_system7_0/inst/FCLK_CLK0 | design_1_i/ZedboardOLED_0/inst/ZedboardOLED_v1_0_S00_AXI_inst/after_state[98]_i_1_n_0                                                                          |                                                                                                                                                       |               38 |             67 |
|  design_1_i/processing_system7_0/inst/FCLK_CLK0 | design_1_i/ZedboardOLED_0/inst/ZedboardOLED_v1_0_S00_AXI_inst/DELAY_COMP/current_state_reg[69]                                                                 | design_1_i/ZedboardOLED_0/inst/ZedboardOLED_v1_0_S00_AXI_inst/RST_internal_reg_0                                                                      |               32 |             83 |
|  design_1_i/processing_system7_0/inst/FCLK_CLK0 |                                                                                                                                                                |                                                                                                                                                       |               46 |            122 |
|  design_1_i/processing_system7_0/inst/FCLK_CLK0 | design_1_i/ZedboardOLED_0/inst/ZedboardOLED_v1_0_S00_AXI_inst/current_screen[3][0][7]_i_2_n_0                                                                  | design_1_i/ZedboardOLED_0/inst/ZedboardOLED_v1_0_S00_AXI_inst/current_screen[3][0][7]_i_1_n_0                                                         |              123 |            512 |
+-------------------------------------------------+----------------------------------------------------------------------------------------------------------------------------------------------------------------+-------------------------------------------------------------------------------------------------------------------------------------------------------+------------------+----------------+


