Copyright 1986-2022 Xilinx, Inc. All Rights Reserved. Copyright 2022-2024 Advanced Micro Devices, Inc. All Rights Reserved.
---------------------------------------------------------------------------------------------------------------------------------------------
| Tool Version : Vivado v.2024.1.2 (win64) Build 5164865 Thu Sep  5 14:37:11 MDT 2024
| Date         : Tue Nov 19 17:19:49 2024
| Host         : MSI running 64-bit major release  (build 9200)
| Command      : report_control_sets -verbose -file top_control_sets_placed.rpt
| Design       : top
| Device       : xc7z020
---------------------------------------------------------------------------------------------------------------------------------------------

Control Set Information

Table of Contents
-----------------
1. Summary
2. Histogram
3. Flip-Flop Distribution
4. Detailed Control Set Information

1. Summary
----------

+----------------------------------------------------------+-------+
|                          Status                          | Count |
+----------------------------------------------------------+-------+
| Total control sets                                       |    18 |
|    Minimum number of control sets                        |    18 |
|    Addition due to synthesis replication                 |     0 |
|    Addition due to physical synthesis replication        |     0 |
| Unused register locations in slices containing registers |    70 |
+----------------------------------------------------------+-------+
* Control sets can be merged at opt_design using control_set_merge or merge_equivalent_drivers
** Run report_qor_suggestions for automated merging and remapping suggestions


2. Histogram
------------

+--------------------+-------+
|       Fanout       | Count |
+--------------------+-------+
| Total control sets |    18 |
| >= 0 to < 4        |     6 |
| >= 4 to < 6        |     4 |
| >= 6 to < 8        |     2 |
| >= 8 to < 10       |     4 |
| >= 10 to < 12      |     0 |
| >= 12 to < 14      |     0 |
| >= 14 to < 16      |     0 |
| >= 16              |     2 |
+--------------------+-------+
* Control sets can be remapped at either synth_design or opt_design


3. Flip-Flop Distribution
-------------------------

+--------------+-----------------------+------------------------+-----------------+--------------+
| Clock Enable | Synchronous Set/Reset | Asynchronous Set/Reset | Total Registers | Total Slices |
+--------------+-----------------------+------------------------+-----------------+--------------+
| No           | No                    | No                     |               7 |            3 |
| No           | No                    | Yes                    |               0 |            0 |
| No           | Yes                   | No                     |              32 |           11 |
| Yes          | No                    | No                     |              19 |            5 |
| Yes          | No                    | Yes                    |               0 |            0 |
| Yes          | Yes                   | No                     |              64 |           25 |
+--------------+-----------------------+------------------------+-----------------+--------------+


4. Detailed Control Set Information
-----------------------------------

+------------------+------------------------------------+--------------------------+------------------+----------------+--------------+
|   Clock Signal   |            Enable Signal           |     Set/Reset Signal     | Slice Load Count | Bel Load Count | Bels / Slice |
+------------------+------------------------------------+--------------------------+------------------+----------------+--------------+
| ~OC/SC/clock_10  | OC/SC/FSM_onehot_state_reg_n_0_[1] | reset_IBUF               |                1 |              1 |         1.00 |
|  clock_IBUF_BUFG | OC/SC/state_reg[2]                 | reset_IBUF               |                1 |              1 |         1.00 |
|  clock_IBUF_BUFG | OC/oled_vbat_i_1_n_0               | reset_IBUF               |                1 |              1 |         1.00 |
|  clock_IBUF_BUFG | OC/oled_vdd_i_1_n_0                | reset_IBUF               |                1 |              1 |         1.00 |
|  clock_IBUF_BUFG | OC/oled_dc_n_i_1_n_0               | reset_IBUF               |                1 |              1 |         1.00 |
| ~OC/SC/clock_10  |                                    |                          |                1 |              2 |         2.00 |
|  clock_IBUF_BUFG | OC/SC/done_send_reg_1[0]           |                          |                1 |              4 |         4.00 |
|  clock_IBUF_BUFG |                                    |                          |                2 |              5 |         2.50 |
|  clock_IBUF_BUFG | OC/DG/E[0]                         | reset_IBUF               |                2 |              5 |         2.50 |
|  clock_IBUF_BUFG | OC/SC/state_reg[0][0]              | reset_IBUF               |                2 |              5 |         2.50 |
| ~OC/SC/clock_10  |                                    | reset_IBUF               |                2 |              6 |         3.00 |
|  clock_IBUF_BUFG | OC/E[0]                            |                          |                2 |              7 |         3.50 |
| ~OC/SC/clock_10  | OC/SC/shiftReg[7]_i_1_n_0          |                          |                2 |              8 |         4.00 |
|  clock_IBUF_BUFG |                                    | reset_IBUF               |                4 |              8 |         2.00 |
|  clock_IBUF_BUFG | OC/SC/E[0]                         | reset_IBUF               |                3 |              8 |         2.67 |
|  clock_IBUF_BUFG | OC/g0_b0_n_0                       | reset_IBUF               |                5 |              9 |         1.80 |
|  clock_IBUF_BUFG |                                    | OC/DG/counter[0]_i_1_n_0 |                5 |             18 |         3.60 |
|  clock_IBUF_BUFG | OC/sendDone_reg_0                  | reset_IBUF               |                8 |             32 |         4.00 |
+------------------+------------------------------------+--------------------------+------------------+----------------+--------------+


